[0.062s] Invoking command in '/home/bluebox/repos/ros2_roundtrip_ws/build/roundtrip_pong_cmsg': AMENT_PREFIX_PATH=/home/bluebox/repos/ros2_roundtrip_ws/install/roundtrip_msg:${AMENT_PREFIX_PATH} CMAKE_PREFIX_PATH=/home/bluebox/repos/ros2_roundtrip_ws/install/roundtrip_msg:/opt/ros/humble LD_LIBRARY_PATH=/home/bluebox/repos/ros2_roundtrip_ws/install/roundtrip_msg/lib:${LD_LIBRARY_PATH} PYTHONPATH=/home/bluebox/repos/ros2_roundtrip_ws/install/roundtrip_msg/local/lib/python3.10/dist-packages:${PYTHONPATH} /usr/bin/cmake /home/bluebox/repos/ros2_roundtrip_ws/src/roundtrip_test/roundtripPongCmsg -DCMAKE_INSTALL_PREFIX=/home/bluebox/repos/ros2_roundtrip_ws/install/roundtrip_pong_cmsg
[0.474s] -- The C compiler identification is GNU 11.4.0
[0.907s] -- The CXX compiler identification is GNU 11.4.0
[0.951s] -- Detecting C compiler ABI info
[1.430s] -- Detecting C compiler ABI info - done
[1.492s] -- Check for working C compiler: /usr/bin/cc - skipped
[1.496s] -- Detecting C compile features
[1.497s] -- Detecting C compile features - done
[1.517s] -- Detecting CXX compiler ABI info
[2.460s] -- Detecting CXX compiler ABI info - done
[2.608s] -- Check for working CXX compiler: /usr/bin/c++ - skipped
[2.614s] -- Detecting CXX compile features
[2.625s] -- Detecting CXX compile features - done
[2.657s] -- Found ament_cmake: 1.3.9 (/opt/ros/humble/share/ament_cmake/cmake)
[3.984s] -- Found Python3: /usr/bin/python3 (found version "3.10.12") found components: Interpreter 
[4.655s] -- Found rclcpp: 16.0.9 (/opt/ros/humble/share/rclcpp/cmake)
[4.984s] -- Found rosidl_generator_c: 3.1.5 (/opt/ros/humble/share/rosidl_generator_c/cmake)
[5.051s] -- Found rosidl_adapter: 3.1.5 (/opt/ros/humble/share/rosidl_adapter/cmake)
[5.188s] -- Found rosidl_generator_cpp: 3.1.5 (/opt/ros/humble/share/rosidl_generator_cpp/cmake)
[5.419s] -- Using all available rosidl_typesupport_c: rosidl_typesupport_fastrtps_c;rosidl_typesupport_introspection_c
[5.755s] -- Using all available rosidl_typesupport_cpp: rosidl_typesupport_fastrtps_cpp;rosidl_typesupport_introspection_cpp
[6.310s] -- Found rmw_implementation_cmake: 6.1.2 (/opt/ros/humble/share/rmw_implementation_cmake/cmake)
[6.329s] -- Found rmw_cyclonedds_cpp: 1.3.4 (/opt/ros/humble/share/rmw_cyclonedds_cpp/cmake)
[6.620s] -- Using RMW implementation 'rmw_cyclonedds_cpp' as default
[6.689s] -- Looking for pthread.h
[7.202s] -- Looking for pthread.h - found
[7.205s] -- Performing Test CMAKE_HAVE_LIBC_PTHREAD
[7.691s] -- Performing Test CMAKE_HAVE_LIBC_PTHREAD - Success
[7.695s] -- Found Threads: TRUE  
[9.585s] -- Found roundtrip_msg: 0.0.0 (/home/bluebox/repos/ros2_roundtrip_ws/install/roundtrip_msg/share/roundtrip_msg/cmake)
[9.712s] -- Found ament_lint_auto: 0.12.11 (/opt/ros/humble/share/ament_lint_auto/cmake)
[10.374s] -- Added test 'cppcheck' to perform static code analysis on C / C++ code
[10.377s] -- Configured cppcheck include dirs: /home/bluebox/repos/ros2_roundtrip_ws/src/roundtrip_test/roundtripPongCmsg/include
[10.384s] -- Configured cppcheck exclude dirs and/or files: 
[10.388s] -- Added test 'lint_cmake' to check CMake code style
[10.395s] -- Added test 'uncrustify' to check C / C++ code style
[10.396s] -- Configured uncrustify additional arguments: 
[10.400s] -- Added test 'xmllint' to check XML markup files
[10.408s] -- Configuring done
[10.479s] -- Generating done
[10.492s] -- Build files have been written to: /home/bluebox/repos/ros2_roundtrip_ws/build/roundtrip_pong_cmsg
[10.597s] Invoked command in '/home/bluebox/repos/ros2_roundtrip_ws/build/roundtrip_pong_cmsg' returned '0': AMENT_PREFIX_PATH=/home/bluebox/repos/ros2_roundtrip_ws/install/roundtrip_msg:${AMENT_PREFIX_PATH} CMAKE_PREFIX_PATH=/home/bluebox/repos/ros2_roundtrip_ws/install/roundtrip_msg:/opt/ros/humble LD_LIBRARY_PATH=/home/bluebox/repos/ros2_roundtrip_ws/install/roundtrip_msg/lib:${LD_LIBRARY_PATH} PYTHONPATH=/home/bluebox/repos/ros2_roundtrip_ws/install/roundtrip_msg/local/lib/python3.10/dist-packages:${PYTHONPATH} /usr/bin/cmake /home/bluebox/repos/ros2_roundtrip_ws/src/roundtrip_test/roundtripPongCmsg -DCMAKE_INSTALL_PREFIX=/home/bluebox/repos/ros2_roundtrip_ws/install/roundtrip_pong_cmsg
[10.603s] Invoking command in '/home/bluebox/repos/ros2_roundtrip_ws/build/roundtrip_pong_cmsg': AMENT_PREFIX_PATH=/home/bluebox/repos/ros2_roundtrip_ws/install/roundtrip_msg:${AMENT_PREFIX_PATH} CMAKE_PREFIX_PATH=/home/bluebox/repos/ros2_roundtrip_ws/install/roundtrip_msg:/opt/ros/humble LD_LIBRARY_PATH=/home/bluebox/repos/ros2_roundtrip_ws/install/roundtrip_msg/lib:${LD_LIBRARY_PATH} PYTHONPATH=/home/bluebox/repos/ros2_roundtrip_ws/install/roundtrip_msg/local/lib/python3.10/dist-packages:${PYTHONPATH} /usr/bin/cmake --build /home/bluebox/repos/ros2_roundtrip_ws/build/roundtrip_pong_cmsg -- -j8 -l8
[11.005s] [ 50%] [32mBuilding CXX object CMakeFiles/roundtripPong_node.dir/src/roundtripPong.cpp.o[0m
[123.825s] [100%] [32m[1mLinking CXX executable roundtripPong_node[0m
[126.086s] [100%] Built target roundtripPong_node
[126.152s] Invoked command in '/home/bluebox/repos/ros2_roundtrip_ws/build/roundtrip_pong_cmsg' returned '0': AMENT_PREFIX_PATH=/home/bluebox/repos/ros2_roundtrip_ws/install/roundtrip_msg:${AMENT_PREFIX_PATH} CMAKE_PREFIX_PATH=/home/bluebox/repos/ros2_roundtrip_ws/install/roundtrip_msg:/opt/ros/humble LD_LIBRARY_PATH=/home/bluebox/repos/ros2_roundtrip_ws/install/roundtrip_msg/lib:${LD_LIBRARY_PATH} PYTHONPATH=/home/bluebox/repos/ros2_roundtrip_ws/install/roundtrip_msg/local/lib/python3.10/dist-packages:${PYTHONPATH} /usr/bin/cmake --build /home/bluebox/repos/ros2_roundtrip_ws/build/roundtrip_pong_cmsg -- -j8 -l8
[126.282s] Invoking command in '/home/bluebox/repos/ros2_roundtrip_ws/build/roundtrip_pong_cmsg': AMENT_PREFIX_PATH=/home/bluebox/repos/ros2_roundtrip_ws/install/roundtrip_msg:${AMENT_PREFIX_PATH} CMAKE_PREFIX_PATH=/home/bluebox/repos/ros2_roundtrip_ws/install/roundtrip_msg:/opt/ros/humble LD_LIBRARY_PATH=/home/bluebox/repos/ros2_roundtrip_ws/install/roundtrip_msg/lib:${LD_LIBRARY_PATH} PYTHONPATH=/home/bluebox/repos/ros2_roundtrip_ws/install/roundtrip_msg/local/lib/python3.10/dist-packages:${PYTHONPATH} /usr/bin/cmake --install /home/bluebox/repos/ros2_roundtrip_ws/build/roundtrip_pong_cmsg
[126.323s] -- Install configuration: ""
[126.325s] -- Installing: /home/bluebox/repos/ros2_roundtrip_ws/install/roundtrip_pong_cmsg/lib/roundtrip_pong_cmsg/roundtripPong_node
[126.333s] -- Set runtime path of "/home/bluebox/repos/ros2_roundtrip_ws/install/roundtrip_pong_cmsg/lib/roundtrip_pong_cmsg/roundtripPong_node" to ""
[126.335s] -- Installing: /home/bluebox/repos/ros2_roundtrip_ws/install/roundtrip_pong_cmsg/share/ament_index/resource_index/package_run_dependencies/roundtrip_pong_cmsg
[126.338s] -- Installing: /home/bluebox/repos/ros2_roundtrip_ws/install/roundtrip_pong_cmsg/share/ament_index/resource_index/parent_prefix_path/roundtrip_pong_cmsg
[126.340s] -- Installing: /home/bluebox/repos/ros2_roundtrip_ws/install/roundtrip_pong_cmsg/share/roundtrip_pong_cmsg/environment/ament_prefix_path.sh
[126.343s] -- Installing: /home/bluebox/repos/ros2_roundtrip_ws/install/roundtrip_pong_cmsg/share/roundtrip_pong_cmsg/environment/ament_prefix_path.dsv
[126.344s] -- Installing: /home/bluebox/repos/ros2_roundtrip_ws/install/roundtrip_pong_cmsg/share/roundtrip_pong_cmsg/environment/path.sh
[126.347s] -- Installing: /home/bluebox/repos/ros2_roundtrip_ws/install/roundtrip_pong_cmsg/share/roundtrip_pong_cmsg/environment/path.dsv
[126.348s] -- Installing: /home/bluebox/repos/ros2_roundtrip_ws/install/roundtrip_pong_cmsg/share/roundtrip_pong_cmsg/local_setup.bash
[126.349s] -- Installing: /home/bluebox/repos/ros2_roundtrip_ws/install/roundtrip_pong_cmsg/share/roundtrip_pong_cmsg/local_setup.sh
[126.370s] -- Installing: /home/bluebox/repos/ros2_roundtrip_ws/install/roundtrip_pong_cmsg/share/roundtrip_pong_cmsg/local_setup.zsh
[126.392s] -- Installing: /home/bluebox/repos/ros2_roundtrip_ws/install/roundtrip_pong_cmsg/share/roundtrip_pong_cmsg/local_setup.dsv
[126.402s] -- Installing: /home/bluebox/repos/ros2_roundtrip_ws/install/roundtrip_pong_cmsg/share/roundtrip_pong_cmsg/package.dsv
[126.407s] -- Installing: /home/bluebox/repos/ros2_roundtrip_ws/install/roundtrip_pong_cmsg/share/ament_index/resource_index/packages/roundtrip_pong_cmsg
[126.416s] -- Installing: /home/bluebox/repos/ros2_roundtrip_ws/install/roundtrip_pong_cmsg/share/roundtrip_pong_cmsg/cmake/roundtrip_pong_cmsgConfig.cmake
[126.419s] -- Installing: /home/bluebox/repos/ros2_roundtrip_ws/install/roundtrip_pong_cmsg/share/roundtrip_pong_cmsg/cmake/roundtrip_pong_cmsgConfig-version.cmake
[126.420s] -- Installing: /home/bluebox/repos/ros2_roundtrip_ws/install/roundtrip_pong_cmsg/share/roundtrip_pong_cmsg/package.xml
[126.423s] Invoked command in '/home/bluebox/repos/ros2_roundtrip_ws/build/roundtrip_pong_cmsg' returned '0': AMENT_PREFIX_PATH=/home/bluebox/repos/ros2_roundtrip_ws/install/roundtrip_msg:${AMENT_PREFIX_PATH} CMAKE_PREFIX_PATH=/home/bluebox/repos/ros2_roundtrip_ws/install/roundtrip_msg:/opt/ros/humble LD_LIBRARY_PATH=/home/bluebox/repos/ros2_roundtrip_ws/install/roundtrip_msg/lib:${LD_LIBRARY_PATH} PYTHONPATH=/home/bluebox/repos/ros2_roundtrip_ws/install/roundtrip_msg/local/lib/python3.10/dist-packages:${PYTHONPATH} /usr/bin/cmake --install /home/bluebox/repos/ros2_roundtrip_ws/build/roundtrip_pong_cmsg
