[35m[1mConsolidate compiler generated dependencies of target roundtrip_msg__rosidl_generator_c[0m
[  3%] Built target roundtrip_msg__cpp
[  3%] Built target ament_cmake_python_copy_roundtrip_msg
[35m[1mConsolidate compiler generated dependencies of target roundtrip_msg__rosidl_typesupport_fastrtps_cpp[0m
[35m[1mConsolidate compiler generated dependencies of target roundtrip_msg__rosidl_typesupport_introspection_cpp[0m
[35m[1mConsolidate compiler generated dependencies of target roundtrip_msg__rosidl_typesupport_cpp[0m
[ 12%] Built target roundtrip_msg__rosidl_generator_c
[ 22%] Built target roundtrip_msg__rosidl_typesupport_fastrtps_cpp
[ 32%] Built target roundtrip_msg__rosidl_typesupport_introspection_cpp
[35m[1mConsolidate compiler generated dependencies of target roundtrip_msg__rosidl_typesupport_fastrtps_c[0m
[35m[1mConsolidate compiler generated dependencies of target roundtrip_msg__rosidl_typesupport_introspection_c[0m
[ 41%] Built target roundtrip_msg__rosidl_typesupport_cpp
[35m[1mConsolidate compiler generated dependencies of target roundtrip_msg__rosidl_typesupport_c[0m
[ 51%] Built target roundtrip_msg__rosidl_typesupport_fastrtps_c
[ 61%] Built target roundtrip_msg__rosidl_typesupport_introspection_c
[ 70%] Built target roundtrip_msg__rosidl_typesupport_c
[ 70%] Built target roundtrip_msg
[ 74%] Built target roundtrip_msg__py
[35m[1mConsolidate compiler generated dependencies of target roundtrip_msg__rosidl_generator_py[0m
[ 80%] Built target roundtrip_msg__rosidl_generator_py
[35m[1mConsolidate compiler generated dependencies of target roundtrip_msg__rosidl_typesupport_fastrtps_c__pyext[0m
[35m[1mConsolidate compiler generated dependencies of target roundtrip_msg__rosidl_typesupport_c__pyext[0m
[35m[1mConsolidate compiler generated dependencies of target roundtrip_msg__rosidl_typesupport_introspection_c__pyext[0m
[ 87%] Built target roundtrip_msg__rosidl_typesupport_fastrtps_c__pyext
[ 93%] Built target roundtrip_msg__rosidl_typesupport_c__pyext
[100%] Built target roundtrip_msg__rosidl_typesupport_introspection_c__pyext
running egg_info
writing roundtrip_msg.egg-info/PKG-INFO
writing dependency_links to roundtrip_msg.egg-info/dependency_links.txt
writing top-level names to roundtrip_msg.egg-info/top_level.txt
reading manifest file 'roundtrip_msg.egg-info/SOURCES.txt'
writing manifest file 'roundtrip_msg.egg-info/SOURCES.txt'
[100%] Built target ament_cmake_python_build_roundtrip_msg_egg
-- Install configuration: ""
-- Up-to-date: /home/bluebox/repos/ros2_roundtrip_ws/install/roundtrip_msg/share/ament_index/resource_index/rosidl_interfaces/roundtrip_msg
-- Up-to-date: /home/bluebox/repos/ros2_roundtrip_ws/install/roundtrip_msg/include/roundtrip_msg/roundtrip_msg
-- Up-to-date: /home/bluebox/repos/ros2_roundtrip_ws/install/roundtrip_msg/include/roundtrip_msg/roundtrip_msg/msg
-- Up-to-date: /home/bluebox/repos/ros2_roundtrip_ws/install/roundtrip_msg/include/roundtrip_msg/roundtrip_msg/msg/roundtrip.h
-- Up-to-date: /home/bluebox/repos/ros2_roundtrip_ws/install/roundtrip_msg/include/roundtrip_msg/roundtrip_msg/msg/rosidl_generator_c__visibility_control.h
-- Up-to-date: /home/bluebox/repos/ros2_roundtrip_ws/install/roundtrip_msg/include/roundtrip_msg/roundtrip_msg/msg/detail
-- Up-to-date: /home/bluebox/repos/ros2_roundtrip_ws/install/roundtrip_msg/include/roundtrip_msg/roundtrip_msg/msg/detail/roundtrip__functions.h
-- Up-to-date: /home/bluebox/repos/ros2_roundtrip_ws/install/roundtrip_msg/include/roundtrip_msg/roundtrip_msg/msg/detail/roundtrip__struct.h
-- Up-to-date: /home/bluebox/repos/ros2_roundtrip_ws/install/roundtrip_msg/include/roundtrip_msg/roundtrip_msg/msg/detail/roundtrip__functions.c
-- Up-to-date: /home/bluebox/repos/ros2_roundtrip_ws/install/roundtrip_msg/include/roundtrip_msg/roundtrip_msg/msg/detail/roundtrip__type_support.h
-- Up-to-date: /home/bluebox/repos/ros2_roundtrip_ws/install/roundtrip_msg/share/roundtrip_msg/environment/library_path.sh
-- Up-to-date: /home/bluebox/repos/ros2_roundtrip_ws/install/roundtrip_msg/share/roundtrip_msg/environment/library_path.dsv
-- Up-to-date: /home/bluebox/repos/ros2_roundtrip_ws/install/roundtrip_msg/lib/libroundtrip_msg__rosidl_generator_c.so
-- Up-to-date: /home/bluebox/repos/ros2_roundtrip_ws/install/roundtrip_msg/include/roundtrip_msg/roundtrip_msg
-- Up-to-date: /home/bluebox/repos/ros2_roundtrip_ws/install/roundtrip_msg/include/roundtrip_msg/roundtrip_msg/msg
-- Up-to-date: /home/bluebox/repos/ros2_roundtrip_ws/install/roundtrip_msg/include/roundtrip_msg/roundtrip_msg/msg/rosidl_typesupport_fastrtps_c__visibility_control.h
-- Up-to-date: /home/bluebox/repos/ros2_roundtrip_ws/install/roundtrip_msg/include/roundtrip_msg/roundtrip_msg/msg/detail
-- Up-to-date: /home/bluebox/repos/ros2_roundtrip_ws/install/roundtrip_msg/include/roundtrip_msg/roundtrip_msg/msg/detail/roundtrip__rosidl_typesupport_fastrtps_c.h
-- Up-to-date: /home/bluebox/repos/ros2_roundtrip_ws/install/roundtrip_msg/lib/libroundtrip_msg__rosidl_typesupport_fastrtps_c.so
-- Up-to-date: /home/bluebox/repos/ros2_roundtrip_ws/install/roundtrip_msg/include/roundtrip_msg/roundtrip_msg
-- Up-to-date: /home/bluebox/repos/ros2_roundtrip_ws/install/roundtrip_msg/include/roundtrip_msg/roundtrip_msg/msg
-- Up-to-date: /home/bluebox/repos/ros2_roundtrip_ws/install/roundtrip_msg/include/roundtrip_msg/roundtrip_msg/msg/detail
-- Up-to-date: /home/bluebox/repos/ros2_roundtrip_ws/install/roundtrip_msg/include/roundtrip_msg/roundtrip_msg/msg/detail/roundtrip__type_support.c
-- Up-to-date: /home/bluebox/repos/ros2_roundtrip_ws/install/roundtrip_msg/include/roundtrip_msg/roundtrip_msg/msg/detail/roundtrip__rosidl_typesupport_introspection_c.h
-- Up-to-date: /home/bluebox/repos/ros2_roundtrip_ws/install/roundtrip_msg/include/roundtrip_msg/roundtrip_msg/msg/rosidl_typesupport_introspection_c__visibility_control.h
-- Up-to-date: /home/bluebox/repos/ros2_roundtrip_ws/install/roundtrip_msg/lib/libroundtrip_msg__rosidl_typesupport_introspection_c.so
-- Up-to-date: /home/bluebox/repos/ros2_roundtrip_ws/install/roundtrip_msg/lib/libroundtrip_msg__rosidl_typesupport_c.so
-- Up-to-date: /home/bluebox/repos/ros2_roundtrip_ws/install/roundtrip_msg/include/roundtrip_msg/roundtrip_msg
-- Up-to-date: /home/bluebox/repos/ros2_roundtrip_ws/install/roundtrip_msg/include/roundtrip_msg/roundtrip_msg/msg
-- Up-to-date: /home/bluebox/repos/ros2_roundtrip_ws/install/roundtrip_msg/include/roundtrip_msg/roundtrip_msg/msg/roundtrip.hpp
-- Up-to-date: /home/bluebox/repos/ros2_roundtrip_ws/install/roundtrip_msg/include/roundtrip_msg/roundtrip_msg/msg/detail
-- Up-to-date: /home/bluebox/repos/ros2_roundtrip_ws/install/roundtrip_msg/include/roundtrip_msg/roundtrip_msg/msg/detail/roundtrip__traits.hpp
-- Up-to-date: /home/bluebox/repos/ros2_roundtrip_ws/install/roundtrip_msg/include/roundtrip_msg/roundtrip_msg/msg/detail/roundtrip__builder.hpp
-- Up-to-date: /home/bluebox/repos/ros2_roundtrip_ws/install/roundtrip_msg/include/roundtrip_msg/roundtrip_msg/msg/detail/roundtrip__struct.hpp
-- Up-to-date: /home/bluebox/repos/ros2_roundtrip_ws/install/roundtrip_msg/include/roundtrip_msg/roundtrip_msg
-- Up-to-date: /home/bluebox/repos/ros2_roundtrip_ws/install/roundtrip_msg/include/roundtrip_msg/roundtrip_msg/msg
-- Up-to-date: /home/bluebox/repos/ros2_roundtrip_ws/install/roundtrip_msg/include/roundtrip_msg/roundtrip_msg/msg/detail
-- Up-to-date: /home/bluebox/repos/ros2_roundtrip_ws/install/roundtrip_msg/include/roundtrip_msg/roundtrip_msg/msg/detail/roundtrip__rosidl_typesupport_fastrtps_cpp.hpp
-- Up-to-date: /home/bluebox/repos/ros2_roundtrip_ws/install/roundtrip_msg/include/roundtrip_msg/roundtrip_msg/msg/detail/dds_fastrtps
-- Up-to-date: /home/bluebox/repos/ros2_roundtrip_ws/install/roundtrip_msg/include/roundtrip_msg/roundtrip_msg/msg/rosidl_typesupport_fastrtps_cpp__visibility_control.h
-- Up-to-date: /home/bluebox/repos/ros2_roundtrip_ws/install/roundtrip_msg/lib/libroundtrip_msg__rosidl_typesupport_fastrtps_cpp.so
-- Up-to-date: /home/bluebox/repos/ros2_roundtrip_ws/install/roundtrip_msg/include/roundtrip_msg/roundtrip_msg
-- Up-to-date: /home/bluebox/repos/ros2_roundtrip_ws/install/roundtrip_msg/include/roundtrip_msg/roundtrip_msg/msg
-- Up-to-date: /home/bluebox/repos/ros2_roundtrip_ws/install/roundtrip_msg/include/roundtrip_msg/roundtrip_msg/msg/detail
-- Up-to-date: /home/bluebox/repos/ros2_roundtrip_ws/install/roundtrip_msg/include/roundtrip_msg/roundtrip_msg/msg/detail/roundtrip__type_support.cpp
-- Up-to-date: /home/bluebox/repos/ros2_roundtrip_ws/install/roundtrip_msg/include/roundtrip_msg/roundtrip_msg/msg/detail/roundtrip__rosidl_typesupport_introspection_cpp.hpp
-- Up-to-date: /home/bluebox/repos/ros2_roundtrip_ws/install/roundtrip_msg/lib/libroundtrip_msg__rosidl_typesupport_introspection_cpp.so
-- Up-to-date: /home/bluebox/repos/ros2_roundtrip_ws/install/roundtrip_msg/lib/libroundtrip_msg__rosidl_typesupport_cpp.so
-- Up-to-date: /home/bluebox/repos/ros2_roundtrip_ws/install/roundtrip_msg/share/roundtrip_msg/environment/pythonpath.sh
-- Up-to-date: /home/bluebox/repos/ros2_roundtrip_ws/install/roundtrip_msg/share/roundtrip_msg/environment/pythonpath.dsv
-- Up-to-date: /home/bluebox/repos/ros2_roundtrip_ws/install/roundtrip_msg/local/lib/python3.10/dist-packages/roundtrip_msg-0.0.0-py3.10.egg-info
-- Installing: /home/bluebox/repos/ros2_roundtrip_ws/install/roundtrip_msg/local/lib/python3.10/dist-packages/roundtrip_msg-0.0.0-py3.10.egg-info/top_level.txt
-- Installing: /home/bluebox/repos/ros2_roundtrip_ws/install/roundtrip_msg/local/lib/python3.10/dist-packages/roundtrip_msg-0.0.0-py3.10.egg-info/dependency_links.txt
-- Installing: /home/bluebox/repos/ros2_roundtrip_ws/install/roundtrip_msg/local/lib/python3.10/dist-packages/roundtrip_msg-0.0.0-py3.10.egg-info/SOURCES.txt
-- Installing: /home/bluebox/repos/ros2_roundtrip_ws/install/roundtrip_msg/local/lib/python3.10/dist-packages/roundtrip_msg-0.0.0-py3.10.egg-info/PKG-INFO
-- Up-to-date: /home/bluebox/repos/ros2_roundtrip_ws/install/roundtrip_msg/local/lib/python3.10/dist-packages/roundtrip_msg
-- Up-to-date: /home/bluebox/repos/ros2_roundtrip_ws/install/roundtrip_msg/local/lib/python3.10/dist-packages/roundtrip_msg/roundtrip_msg_s__rosidl_typesupport_fastrtps_c.cpython-310-aarch64-linux-gnu.so
-- Up-to-date: /home/bluebox/repos/ros2_roundtrip_ws/install/roundtrip_msg/local/lib/python3.10/dist-packages/roundtrip_msg/roundtrip_msg_s__rosidl_typesupport_c.cpython-310-aarch64-linux-gnu.so
-- Up-to-date: /home/bluebox/repos/ros2_roundtrip_ws/install/roundtrip_msg/local/lib/python3.10/dist-packages/roundtrip_msg/libroundtrip_msg__rosidl_generator_py.so
-- Up-to-date: /home/bluebox/repos/ros2_roundtrip_ws/install/roundtrip_msg/local/lib/python3.10/dist-packages/roundtrip_msg/_roundtrip_msg_s.ep.rosidl_typesupport_introspection_c.c
-- Up-to-date: /home/bluebox/repos/ros2_roundtrip_ws/install/roundtrip_msg/local/lib/python3.10/dist-packages/roundtrip_msg/msg
-- Up-to-date: /home/bluebox/repos/ros2_roundtrip_ws/install/roundtrip_msg/local/lib/python3.10/dist-packages/roundtrip_msg/msg/_roundtrip.py
-- Up-to-date: /home/bluebox/repos/ros2_roundtrip_ws/install/roundtrip_msg/local/lib/python3.10/dist-packages/roundtrip_msg/msg/_roundtrip_s.c
-- Up-to-date: /home/bluebox/repos/ros2_roundtrip_ws/install/roundtrip_msg/local/lib/python3.10/dist-packages/roundtrip_msg/msg/__init__.py
-- Up-to-date: /home/bluebox/repos/ros2_roundtrip_ws/install/roundtrip_msg/local/lib/python3.10/dist-packages/roundtrip_msg/__init__.py
-- Up-to-date: /home/bluebox/repos/ros2_roundtrip_ws/install/roundtrip_msg/local/lib/python3.10/dist-packages/roundtrip_msg/roundtrip_msg_s__rosidl_typesupport_introspection_c.cpython-310-aarch64-linux-gnu.so
-- Up-to-date: /home/bluebox/repos/ros2_roundtrip_ws/install/roundtrip_msg/local/lib/python3.10/dist-packages/roundtrip_msg/_roundtrip_msg_s.ep.rosidl_typesupport_fastrtps_c.c
-- Up-to-date: /home/bluebox/repos/ros2_roundtrip_ws/install/roundtrip_msg/local/lib/python3.10/dist-packages/roundtrip_msg/_roundtrip_msg_s.ep.rosidl_typesupport_c.c
Listing '/home/bluebox/repos/ros2_roundtrip_ws/install/roundtrip_msg/local/lib/python3.10/dist-packages/roundtrip_msg'...
Listing '/home/bluebox/repos/ros2_roundtrip_ws/install/roundtrip_msg/local/lib/python3.10/dist-packages/roundtrip_msg/msg'...
-- Up-to-date: /home/bluebox/repos/ros2_roundtrip_ws/install/roundtrip_msg/local/lib/python3.10/dist-packages/roundtrip_msg/roundtrip_msg_s__rosidl_typesupport_fastrtps_c.cpython-310-aarch64-linux-gnu.so
-- Up-to-date: /home/bluebox/repos/ros2_roundtrip_ws/install/roundtrip_msg/local/lib/python3.10/dist-packages/roundtrip_msg/roundtrip_msg_s__rosidl_typesupport_introspection_c.cpython-310-aarch64-linux-gnu.so
-- Up-to-date: /home/bluebox/repos/ros2_roundtrip_ws/install/roundtrip_msg/local/lib/python3.10/dist-packages/roundtrip_msg/roundtrip_msg_s__rosidl_typesupport_c.cpython-310-aarch64-linux-gnu.so
-- Up-to-date: /home/bluebox/repos/ros2_roundtrip_ws/install/roundtrip_msg/lib/libroundtrip_msg__rosidl_generator_py.so
-- Up-to-date: /home/bluebox/repos/ros2_roundtrip_ws/install/roundtrip_msg/share/roundtrip_msg/msg/Roundtrip.idl
-- Up-to-date: /home/bluebox/repos/ros2_roundtrip_ws/install/roundtrip_msg/share/roundtrip_msg/msg/Roundtrip.msg
-- Up-to-date: /home/bluebox/repos/ros2_roundtrip_ws/install/roundtrip_msg/share/ament_index/resource_index/package_run_dependencies/roundtrip_msg
-- Up-to-date: /home/bluebox/repos/ros2_roundtrip_ws/install/roundtrip_msg/share/ament_index/resource_index/parent_prefix_path/roundtrip_msg
-- Up-to-date: /home/bluebox/repos/ros2_roundtrip_ws/install/roundtrip_msg/share/roundtrip_msg/environment/ament_prefix_path.sh
-- Up-to-date: /home/bluebox/repos/ros2_roundtrip_ws/install/roundtrip_msg/share/roundtrip_msg/environment/ament_prefix_path.dsv
-- Up-to-date: /home/bluebox/repos/ros2_roundtrip_ws/install/roundtrip_msg/share/roundtrip_msg/environment/path.sh
-- Up-to-date: /home/bluebox/repos/ros2_roundtrip_ws/install/roundtrip_msg/share/roundtrip_msg/environment/path.dsv
-- Up-to-date: /home/bluebox/repos/ros2_roundtrip_ws/install/roundtrip_msg/share/roundtrip_msg/local_setup.bash
-- Up-to-date: /home/bluebox/repos/ros2_roundtrip_ws/install/roundtrip_msg/share/roundtrip_msg/local_setup.sh
-- Up-to-date: /home/bluebox/repos/ros2_roundtrip_ws/install/roundtrip_msg/share/roundtrip_msg/local_setup.zsh
-- Up-to-date: /home/bluebox/repos/ros2_roundtrip_ws/install/roundtrip_msg/share/roundtrip_msg/local_setup.dsv
-- Installing: /home/bluebox/repos/ros2_roundtrip_ws/install/roundtrip_msg/share/roundtrip_msg/package.dsv
-- Up-to-date: /home/bluebox/repos/ros2_roundtrip_ws/install/roundtrip_msg/share/ament_index/resource_index/packages/roundtrip_msg
-- Up-to-date: /home/bluebox/repos/ros2_roundtrip_ws/install/roundtrip_msg/share/roundtrip_msg/cmake/export_roundtrip_msg__rosidl_generator_cExport.cmake
-- Up-to-date: /home/bluebox/repos/ros2_roundtrip_ws/install/roundtrip_msg/share/roundtrip_msg/cmake/export_roundtrip_msg__rosidl_generator_cExport-noconfig.cmake
-- Up-to-date: /home/bluebox/repos/ros2_roundtrip_ws/install/roundtrip_msg/share/roundtrip_msg/cmake/export_roundtrip_msg__rosidl_typesupport_fastrtps_cExport.cmake
-- Up-to-date: /home/bluebox/repos/ros2_roundtrip_ws/install/roundtrip_msg/share/roundtrip_msg/cmake/export_roundtrip_msg__rosidl_typesupport_fastrtps_cExport-noconfig.cmake
-- Up-to-date: /home/bluebox/repos/ros2_roundtrip_ws/install/roundtrip_msg/share/roundtrip_msg/cmake/roundtrip_msg__rosidl_typesupport_introspection_cExport.cmake
-- Up-to-date: /home/bluebox/repos/ros2_roundtrip_ws/install/roundtrip_msg/share/roundtrip_msg/cmake/roundtrip_msg__rosidl_typesupport_introspection_cExport-noconfig.cmake
-- Up-to-date: /home/bluebox/repos/ros2_roundtrip_ws/install/roundtrip_msg/share/roundtrip_msg/cmake/roundtrip_msg__rosidl_typesupport_cExport.cmake
-- Up-to-date: /home/bluebox/repos/ros2_roundtrip_ws/install/roundtrip_msg/share/roundtrip_msg/cmake/roundtrip_msg__rosidl_typesupport_cExport-noconfig.cmake
-- Up-to-date: /home/bluebox/repos/ros2_roundtrip_ws/install/roundtrip_msg/share/roundtrip_msg/cmake/export_roundtrip_msg__rosidl_generator_cppExport.cmake
-- Up-to-date: /home/bluebox/repos/ros2_roundtrip_ws/install/roundtrip_msg/share/roundtrip_msg/cmake/export_roundtrip_msg__rosidl_typesupport_fastrtps_cppExport.cmake
-- Up-to-date: /home/bluebox/repos/ros2_roundtrip_ws/install/roundtrip_msg/share/roundtrip_msg/cmake/export_roundtrip_msg__rosidl_typesupport_fastrtps_cppExport-noconfig.cmake
-- Up-to-date: /home/bluebox/repos/ros2_roundtrip_ws/install/roundtrip_msg/share/roundtrip_msg/cmake/roundtrip_msg__rosidl_typesupport_introspection_cppExport.cmake
-- Up-to-date: /home/bluebox/repos/ros2_roundtrip_ws/install/roundtrip_msg/share/roundtrip_msg/cmake/roundtrip_msg__rosidl_typesupport_introspection_cppExport-noconfig.cmake
-- Up-to-date: /home/bluebox/repos/ros2_roundtrip_ws/install/roundtrip_msg/share/roundtrip_msg/cmake/roundtrip_msg__rosidl_typesupport_cppExport.cmake
-- Up-to-date: /home/bluebox/repos/ros2_roundtrip_ws/install/roundtrip_msg/share/roundtrip_msg/cmake/roundtrip_msg__rosidl_typesupport_cppExport-noconfig.cmake
-- Up-to-date: /home/bluebox/repos/ros2_roundtrip_ws/install/roundtrip_msg/share/roundtrip_msg/cmake/export_roundtrip_msg__rosidl_generator_pyExport.cmake
-- Up-to-date: /home/bluebox/repos/ros2_roundtrip_ws/install/roundtrip_msg/share/roundtrip_msg/cmake/export_roundtrip_msg__rosidl_generator_pyExport-noconfig.cmake
-- Up-to-date: /home/bluebox/repos/ros2_roundtrip_ws/install/roundtrip_msg/share/roundtrip_msg/cmake/rosidl_cmake-extras.cmake
-- Up-to-date: /home/bluebox/repos/ros2_roundtrip_ws/install/roundtrip_msg/share/roundtrip_msg/cmake/ament_cmake_export_include_directories-extras.cmake
-- Up-to-date: /home/bluebox/repos/ros2_roundtrip_ws/install/roundtrip_msg/share/roundtrip_msg/cmake/ament_cmake_export_libraries-extras.cmake
-- Up-to-date: /home/bluebox/repos/ros2_roundtrip_ws/install/roundtrip_msg/share/roundtrip_msg/cmake/ament_cmake_export_targets-extras.cmake
-- Up-to-date: /home/bluebox/repos/ros2_roundtrip_ws/install/roundtrip_msg/share/roundtrip_msg/cmake/rosidl_cmake_export_typesupport_targets-extras.cmake
-- Up-to-date: /home/bluebox/repos/ros2_roundtrip_ws/install/roundtrip_msg/share/roundtrip_msg/cmake/ament_cmake_export_dependencies-extras.cmake
-- Up-to-date: /home/bluebox/repos/ros2_roundtrip_ws/install/roundtrip_msg/share/roundtrip_msg/cmake/rosidl_cmake_export_typesupport_libraries-extras.cmake
-- Up-to-date: /home/bluebox/repos/ros2_roundtrip_ws/install/roundtrip_msg/share/roundtrip_msg/cmake/roundtrip_msgConfig.cmake
-- Up-to-date: /home/bluebox/repos/ros2_roundtrip_ws/install/roundtrip_msg/share/roundtrip_msg/cmake/roundtrip_msgConfig-version.cmake
-- Up-to-date: /home/bluebox/repos/ros2_roundtrip_ws/install/roundtrip_msg/share/roundtrip_msg/package.xml
