[0.058s] Invoking command in '/home/bluebox/repos/ros2_roundtrip_ws/build/roundtrip_msg': CMAKE_PREFIX_PATH=/opt/ros/humble /usr/bin/cmake --build /home/bluebox/repos/ros2_roundtrip_ws/build/roundtrip_msg -- -j8 -l8
[0.436s] [35m[1mConsolidate compiler generated dependencies of target roundtrip_msg__rosidl_generator_c[0m
[0.489s] [  3%] Built target roundtrip_msg__cpp
[0.629s] [  3%] Built target ament_cmake_python_copy_roundtrip_msg
[0.676s] [35m[1mConsolidate compiler generated dependencies of target roundtrip_msg__rosidl_typesupport_fastrtps_cpp[0m
[0.729s] [35m[1mConsolidate compiler generated dependencies of target roundtrip_msg__rosidl_typesupport_introspection_cpp[0m
[0.733s] [35m[1mConsolidate compiler generated dependencies of target roundtrip_msg__rosidl_typesupport_cpp[0m
[0.801s] [ 12%] Built target roundtrip_msg__rosidl_generator_c
[1.013s] [ 22%] Built target roundtrip_msg__rosidl_typesupport_fastrtps_cpp
[1.121s] [ 32%] Built target roundtrip_msg__rosidl_typesupport_introspection_cpp
[1.145s] [35m[1mConsolidate compiler generated dependencies of target roundtrip_msg__rosidl_typesupport_fastrtps_c[0m
[1.146s] [35m[1mConsolidate compiler generated dependencies of target roundtrip_msg__rosidl_typesupport_introspection_c[0m
[1.169s] [ 41%] Built target roundtrip_msg__rosidl_typesupport_cpp
[1.183s] [35m[1mConsolidate compiler generated dependencies of target roundtrip_msg__rosidl_typesupport_c[0m
[1.343s] [ 51%] Built target roundtrip_msg__rosidl_typesupport_fastrtps_c
[1.356s] [ 61%] Built target roundtrip_msg__rosidl_typesupport_introspection_c
[1.374s] [ 70%] Built target roundtrip_msg__rosidl_typesupport_c
[1.478s] [ 70%] Built target roundtrip_msg
[1.584s] [ 74%] Built target roundtrip_msg__py
[1.639s] [35m[1mConsolidate compiler generated dependencies of target roundtrip_msg__rosidl_generator_py[0m
[1.711s] [ 80%] Built target roundtrip_msg__rosidl_generator_py
[1.788s] [35m[1mConsolidate compiler generated dependencies of target roundtrip_msg__rosidl_typesupport_fastrtps_c__pyext[0m
[1.839s] [35m[1mConsolidate compiler generated dependencies of target roundtrip_msg__rosidl_typesupport_c__pyext[0m
[1.841s] [35m[1mConsolidate compiler generated dependencies of target roundtrip_msg__rosidl_typesupport_introspection_c__pyext[0m
[1.935s] [ 87%] Built target roundtrip_msg__rosidl_typesupport_fastrtps_c__pyext
[1.969s] [ 93%] Built target roundtrip_msg__rosidl_typesupport_c__pyext
[1.996s] [100%] Built target roundtrip_msg__rosidl_typesupport_introspection_c__pyext
[3.132s] running egg_info
[3.137s] writing roundtrip_msg.egg-info/PKG-INFO
[3.140s] writing dependency_links to roundtrip_msg.egg-info/dependency_links.txt
[3.142s] writing top-level names to roundtrip_msg.egg-info/top_level.txt
[3.158s] reading manifest file 'roundtrip_msg.egg-info/SOURCES.txt'
[3.163s] writing manifest file 'roundtrip_msg.egg-info/SOURCES.txt'
[3.444s] [100%] Built target ament_cmake_python_build_roundtrip_msg_egg
[3.511s] Invoked command in '/home/bluebox/repos/ros2_roundtrip_ws/build/roundtrip_msg' returned '0': CMAKE_PREFIX_PATH=/opt/ros/humble /usr/bin/cmake --build /home/bluebox/repos/ros2_roundtrip_ws/build/roundtrip_msg -- -j8 -l8
[3.851s] Invoking command in '/home/bluebox/repos/ros2_roundtrip_ws/build/roundtrip_msg': CMAKE_PREFIX_PATH=/opt/ros/humble /usr/bin/cmake --install /home/bluebox/repos/ros2_roundtrip_ws/build/roundtrip_msg
[3.896s] -- Install configuration: ""
[3.898s] -- Up-to-date: /home/bluebox/repos/ros2_roundtrip_ws/install/roundtrip_msg/share/ament_index/resource_index/rosidl_interfaces/roundtrip_msg
[3.900s] -- Up-to-date: /home/bluebox/repos/ros2_roundtrip_ws/install/roundtrip_msg/include/roundtrip_msg/roundtrip_msg
[3.902s] -- Up-to-date: /home/bluebox/repos/ros2_roundtrip_ws/install/roundtrip_msg/include/roundtrip_msg/roundtrip_msg/msg
[3.904s] -- Up-to-date: /home/bluebox/repos/ros2_roundtrip_ws/install/roundtrip_msg/include/roundtrip_msg/roundtrip_msg/msg/roundtrip.h
[3.906s] -- Up-to-date: /home/bluebox/repos/ros2_roundtrip_ws/install/roundtrip_msg/include/roundtrip_msg/roundtrip_msg/msg/rosidl_generator_c__visibility_control.h
[3.907s] -- Up-to-date: /home/bluebox/repos/ros2_roundtrip_ws/install/roundtrip_msg/include/roundtrip_msg/roundtrip_msg/msg/detail
[3.911s] -- Up-to-date: /home/bluebox/repos/ros2_roundtrip_ws/install/roundtrip_msg/include/roundtrip_msg/roundtrip_msg/msg/detail/roundtrip__functions.h
[3.913s] -- Up-to-date: /home/bluebox/repos/ros2_roundtrip_ws/install/roundtrip_msg/include/roundtrip_msg/roundtrip_msg/msg/detail/roundtrip__struct.h
[3.914s] -- Up-to-date: /home/bluebox/repos/ros2_roundtrip_ws/install/roundtrip_msg/include/roundtrip_msg/roundtrip_msg/msg/detail/roundtrip__functions.c
[3.915s] -- Up-to-date: /home/bluebox/repos/ros2_roundtrip_ws/install/roundtrip_msg/include/roundtrip_msg/roundtrip_msg/msg/detail/roundtrip__type_support.h
[3.918s] -- Up-to-date: /home/bluebox/repos/ros2_roundtrip_ws/install/roundtrip_msg/share/roundtrip_msg/environment/library_path.sh
[3.919s] -- Up-to-date: /home/bluebox/repos/ros2_roundtrip_ws/install/roundtrip_msg/share/roundtrip_msg/environment/library_path.dsv
[3.925s] -- Up-to-date: /home/bluebox/repos/ros2_roundtrip_ws/install/roundtrip_msg/lib/libroundtrip_msg__rosidl_generator_c.so
[3.931s] -- Up-to-date: /home/bluebox/repos/ros2_roundtrip_ws/install/roundtrip_msg/include/roundtrip_msg/roundtrip_msg
[3.934s] -- Up-to-date: /home/bluebox/repos/ros2_roundtrip_ws/install/roundtrip_msg/include/roundtrip_msg/roundtrip_msg/msg
[3.937s] -- Up-to-date: /home/bluebox/repos/ros2_roundtrip_ws/install/roundtrip_msg/include/roundtrip_msg/roundtrip_msg/msg/rosidl_typesupport_fastrtps_c__visibility_control.h
[3.937s] -- Up-to-date: /home/bluebox/repos/ros2_roundtrip_ws/install/roundtrip_msg/include/roundtrip_msg/roundtrip_msg/msg/detail
[3.939s] -- Up-to-date: /home/bluebox/repos/ros2_roundtrip_ws/install/roundtrip_msg/include/roundtrip_msg/roundtrip_msg/msg/detail/roundtrip__rosidl_typesupport_fastrtps_c.h
[3.941s] -- Up-to-date: /home/bluebox/repos/ros2_roundtrip_ws/install/roundtrip_msg/lib/libroundtrip_msg__rosidl_typesupport_fastrtps_c.so
[3.944s] -- Up-to-date: /home/bluebox/repos/ros2_roundtrip_ws/install/roundtrip_msg/include/roundtrip_msg/roundtrip_msg
[3.945s] -- Up-to-date: /home/bluebox/repos/ros2_roundtrip_ws/install/roundtrip_msg/include/roundtrip_msg/roundtrip_msg/msg
[3.946s] -- Up-to-date: /home/bluebox/repos/ros2_roundtrip_ws/install/roundtrip_msg/include/roundtrip_msg/roundtrip_msg/msg/detail
[3.946s] -- Up-to-date: /home/bluebox/repos/ros2_roundtrip_ws/install/roundtrip_msg/include/roundtrip_msg/roundtrip_msg/msg/detail/roundtrip__type_support.c
[3.947s] -- Up-to-date: /home/bluebox/repos/ros2_roundtrip_ws/install/roundtrip_msg/include/roundtrip_msg/roundtrip_msg/msg/detail/roundtrip__rosidl_typesupport_introspection_c.h
[3.947s] -- Up-to-date: /home/bluebox/repos/ros2_roundtrip_ws/install/roundtrip_msg/include/roundtrip_msg/roundtrip_msg/msg/rosidl_typesupport_introspection_c__visibility_control.h
[3.952s] -- Up-to-date: /home/bluebox/repos/ros2_roundtrip_ws/install/roundtrip_msg/lib/libroundtrip_msg__rosidl_typesupport_introspection_c.so
[3.955s] -- Up-to-date: /home/bluebox/repos/ros2_roundtrip_ws/install/roundtrip_msg/lib/libroundtrip_msg__rosidl_typesupport_c.so
[3.958s] -- Up-to-date: /home/bluebox/repos/ros2_roundtrip_ws/install/roundtrip_msg/include/roundtrip_msg/roundtrip_msg
[3.958s] -- Up-to-date: /home/bluebox/repos/ros2_roundtrip_ws/install/roundtrip_msg/include/roundtrip_msg/roundtrip_msg/msg
[3.959s] -- Up-to-date: /home/bluebox/repos/ros2_roundtrip_ws/install/roundtrip_msg/include/roundtrip_msg/roundtrip_msg/msg/roundtrip.hpp
[3.960s] -- Up-to-date: /home/bluebox/repos/ros2_roundtrip_ws/install/roundtrip_msg/include/roundtrip_msg/roundtrip_msg/msg/detail
[3.960s] -- Up-to-date: /home/bluebox/repos/ros2_roundtrip_ws/install/roundtrip_msg/include/roundtrip_msg/roundtrip_msg/msg/detail/roundtrip__traits.hpp
[3.961s] -- Up-to-date: /home/bluebox/repos/ros2_roundtrip_ws/install/roundtrip_msg/include/roundtrip_msg/roundtrip_msg/msg/detail/roundtrip__builder.hpp
[3.961s] -- Up-to-date: /home/bluebox/repos/ros2_roundtrip_ws/install/roundtrip_msg/include/roundtrip_msg/roundtrip_msg/msg/detail/roundtrip__struct.hpp
[3.968s] -- Up-to-date: /home/bluebox/repos/ros2_roundtrip_ws/install/roundtrip_msg/include/roundtrip_msg/roundtrip_msg
[3.969s] -- Up-to-date: /home/bluebox/repos/ros2_roundtrip_ws/install/roundtrip_msg/include/roundtrip_msg/roundtrip_msg/msg
[3.969s] -- Up-to-date: /home/bluebox/repos/ros2_roundtrip_ws/install/roundtrip_msg/include/roundtrip_msg/roundtrip_msg/msg/detail
[3.976s] -- Up-to-date: /home/bluebox/repos/ros2_roundtrip_ws/install/roundtrip_msg/include/roundtrip_msg/roundtrip_msg/msg/detail/roundtrip__rosidl_typesupport_fastrtps_cpp.hpp
[3.977s] -- Up-to-date: /home/bluebox/repos/ros2_roundtrip_ws/install/roundtrip_msg/include/roundtrip_msg/roundtrip_msg/msg/detail/dds_fastrtps
[3.978s] -- Up-to-date: /home/bluebox/repos/ros2_roundtrip_ws/install/roundtrip_msg/include/roundtrip_msg/roundtrip_msg/msg/rosidl_typesupport_fastrtps_cpp__visibility_control.h
[3.978s] -- Up-to-date: /home/bluebox/repos/ros2_roundtrip_ws/install/roundtrip_msg/lib/libroundtrip_msg__rosidl_typesupport_fastrtps_cpp.so
[3.979s] -- Up-to-date: /home/bluebox/repos/ros2_roundtrip_ws/install/roundtrip_msg/include/roundtrip_msg/roundtrip_msg
[3.979s] -- Up-to-date: /home/bluebox/repos/ros2_roundtrip_ws/install/roundtrip_msg/include/roundtrip_msg/roundtrip_msg/msg
[3.981s] -- Up-to-date: /home/bluebox/repos/ros2_roundtrip_ws/install/roundtrip_msg/include/roundtrip_msg/roundtrip_msg/msg/detail
[3.985s] -- Up-to-date: /home/bluebox/repos/ros2_roundtrip_ws/install/roundtrip_msg/include/roundtrip_msg/roundtrip_msg/msg/detail/roundtrip__type_support.cpp
[3.985s] -- Up-to-date: /home/bluebox/repos/ros2_roundtrip_ws/install/roundtrip_msg/include/roundtrip_msg/roundtrip_msg/msg/detail/roundtrip__rosidl_typesupport_introspection_cpp.hpp
[3.986s] -- Up-to-date: /home/bluebox/repos/ros2_roundtrip_ws/install/roundtrip_msg/lib/libroundtrip_msg__rosidl_typesupport_introspection_cpp.so
[3.986s] -- Up-to-date: /home/bluebox/repos/ros2_roundtrip_ws/install/roundtrip_msg/lib/libroundtrip_msg__rosidl_typesupport_cpp.so
[3.987s] -- Up-to-date: /home/bluebox/repos/ros2_roundtrip_ws/install/roundtrip_msg/share/roundtrip_msg/environment/pythonpath.sh
[3.991s] -- Up-to-date: /home/bluebox/repos/ros2_roundtrip_ws/install/roundtrip_msg/share/roundtrip_msg/environment/pythonpath.dsv
[3.993s] -- Up-to-date: /home/bluebox/repos/ros2_roundtrip_ws/install/roundtrip_msg/local/lib/python3.10/dist-packages/roundtrip_msg-0.0.0-py3.10.egg-info
[3.993s] -- Installing: /home/bluebox/repos/ros2_roundtrip_ws/install/roundtrip_msg/local/lib/python3.10/dist-packages/roundtrip_msg-0.0.0-py3.10.egg-info/top_level.txt
[3.994s] -- Installing: /home/bluebox/repos/ros2_roundtrip_ws/install/roundtrip_msg/local/lib/python3.10/dist-packages/roundtrip_msg-0.0.0-py3.10.egg-info/dependency_links.txt
[3.995s] -- Installing: /home/bluebox/repos/ros2_roundtrip_ws/install/roundtrip_msg/local/lib/python3.10/dist-packages/roundtrip_msg-0.0.0-py3.10.egg-info/SOURCES.txt
[3.995s] -- Installing: /home/bluebox/repos/ros2_roundtrip_ws/install/roundtrip_msg/local/lib/python3.10/dist-packages/roundtrip_msg-0.0.0-py3.10.egg-info/PKG-INFO
[4.000s] -- Up-to-date: /home/bluebox/repos/ros2_roundtrip_ws/install/roundtrip_msg/local/lib/python3.10/dist-packages/roundtrip_msg
[4.001s] -- Up-to-date: /home/bluebox/repos/ros2_roundtrip_ws/install/roundtrip_msg/local/lib/python3.10/dist-packages/roundtrip_msg/roundtrip_msg_s__rosidl_typesupport_fastrtps_c.cpython-310-aarch64-linux-gnu.so
[4.006s] -- Up-to-date: /home/bluebox/repos/ros2_roundtrip_ws/install/roundtrip_msg/local/lib/python3.10/dist-packages/roundtrip_msg/roundtrip_msg_s__rosidl_typesupport_c.cpython-310-aarch64-linux-gnu.so
[4.007s] -- Up-to-date: /home/bluebox/repos/ros2_roundtrip_ws/install/roundtrip_msg/local/lib/python3.10/dist-packages/roundtrip_msg/libroundtrip_msg__rosidl_generator_py.so
[4.008s] -- Up-to-date: /home/bluebox/repos/ros2_roundtrip_ws/install/roundtrip_msg/local/lib/python3.10/dist-packages/roundtrip_msg/_roundtrip_msg_s.ep.rosidl_typesupport_introspection_c.c
[4.008s] -- Up-to-date: /home/bluebox/repos/ros2_roundtrip_ws/install/roundtrip_msg/local/lib/python3.10/dist-packages/roundtrip_msg/msg
[4.009s] -- Up-to-date: /home/bluebox/repos/ros2_roundtrip_ws/install/roundtrip_msg/local/lib/python3.10/dist-packages/roundtrip_msg/msg/_roundtrip.py
[4.010s] -- Up-to-date: /home/bluebox/repos/ros2_roundtrip_ws/install/roundtrip_msg/local/lib/python3.10/dist-packages/roundtrip_msg/msg/_roundtrip_s.c
[4.011s] -- Up-to-date: /home/bluebox/repos/ros2_roundtrip_ws/install/roundtrip_msg/local/lib/python3.10/dist-packages/roundtrip_msg/msg/__init__.py
[4.012s] -- Up-to-date: /home/bluebox/repos/ros2_roundtrip_ws/install/roundtrip_msg/local/lib/python3.10/dist-packages/roundtrip_msg/__init__.py
[4.012s] -- Up-to-date: /home/bluebox/repos/ros2_roundtrip_ws/install/roundtrip_msg/local/lib/python3.10/dist-packages/roundtrip_msg/roundtrip_msg_s__rosidl_typesupport_introspection_c.cpython-310-aarch64-linux-gnu.so
[4.013s] -- Up-to-date: /home/bluebox/repos/ros2_roundtrip_ws/install/roundtrip_msg/local/lib/python3.10/dist-packages/roundtrip_msg/_roundtrip_msg_s.ep.rosidl_typesupport_fastrtps_c.c
[4.013s] -- Up-to-date: /home/bluebox/repos/ros2_roundtrip_ws/install/roundtrip_msg/local/lib/python3.10/dist-packages/roundtrip_msg/_roundtrip_msg_s.ep.rosidl_typesupport_c.c
[4.259s] Listing '/home/bluebox/repos/ros2_roundtrip_ws/install/roundtrip_msg/local/lib/python3.10/dist-packages/roundtrip_msg'...
[4.260s] Listing '/home/bluebox/repos/ros2_roundtrip_ws/install/roundtrip_msg/local/lib/python3.10/dist-packages/roundtrip_msg/msg'...
[4.300s] -- Up-to-date: /home/bluebox/repos/ros2_roundtrip_ws/install/roundtrip_msg/local/lib/python3.10/dist-packages/roundtrip_msg/roundtrip_msg_s__rosidl_typesupport_fastrtps_c.cpython-310-aarch64-linux-gnu.so
[4.302s] -- Up-to-date: /home/bluebox/repos/ros2_roundtrip_ws/install/roundtrip_msg/local/lib/python3.10/dist-packages/roundtrip_msg/roundtrip_msg_s__rosidl_typesupport_introspection_c.cpython-310-aarch64-linux-gnu.so
[4.303s] -- Up-to-date: /home/bluebox/repos/ros2_roundtrip_ws/install/roundtrip_msg/local/lib/python3.10/dist-packages/roundtrip_msg/roundtrip_msg_s__rosidl_typesupport_c.cpython-310-aarch64-linux-gnu.so
[4.305s] -- Up-to-date: /home/bluebox/repos/ros2_roundtrip_ws/install/roundtrip_msg/lib/libroundtrip_msg__rosidl_generator_py.so
[4.306s] -- Up-to-date: /home/bluebox/repos/ros2_roundtrip_ws/install/roundtrip_msg/share/roundtrip_msg/msg/Roundtrip.idl
[4.306s] -- Up-to-date: /home/bluebox/repos/ros2_roundtrip_ws/install/roundtrip_msg/share/roundtrip_msg/msg/Roundtrip.msg
[4.307s] -- Up-to-date: /home/bluebox/repos/ros2_roundtrip_ws/install/roundtrip_msg/share/ament_index/resource_index/package_run_dependencies/roundtrip_msg
[4.308s] -- Up-to-date: /home/bluebox/repos/ros2_roundtrip_ws/install/roundtrip_msg/share/ament_index/resource_index/parent_prefix_path/roundtrip_msg
[4.309s] -- Up-to-date: /home/bluebox/repos/ros2_roundtrip_ws/install/roundtrip_msg/share/roundtrip_msg/environment/ament_prefix_path.sh
[4.309s] -- Up-to-date: /home/bluebox/repos/ros2_roundtrip_ws/install/roundtrip_msg/share/roundtrip_msg/environment/ament_prefix_path.dsv
[4.310s] -- Up-to-date: /home/bluebox/repos/ros2_roundtrip_ws/install/roundtrip_msg/share/roundtrip_msg/environment/path.sh
[4.310s] -- Up-to-date: /home/bluebox/repos/ros2_roundtrip_ws/install/roundtrip_msg/share/roundtrip_msg/environment/path.dsv
[4.311s] -- Up-to-date: /home/bluebox/repos/ros2_roundtrip_ws/install/roundtrip_msg/share/roundtrip_msg/local_setup.bash
[4.312s] -- Up-to-date: /home/bluebox/repos/ros2_roundtrip_ws/install/roundtrip_msg/share/roundtrip_msg/local_setup.sh
[4.313s] -- Up-to-date: /home/bluebox/repos/ros2_roundtrip_ws/install/roundtrip_msg/share/roundtrip_msg/local_setup.zsh
[4.313s] -- Up-to-date: /home/bluebox/repos/ros2_roundtrip_ws/install/roundtrip_msg/share/roundtrip_msg/local_setup.dsv
[4.314s] -- Installing: /home/bluebox/repos/ros2_roundtrip_ws/install/roundtrip_msg/share/roundtrip_msg/package.dsv
[4.314s] -- Up-to-date: /home/bluebox/repos/ros2_roundtrip_ws/install/roundtrip_msg/share/ament_index/resource_index/packages/roundtrip_msg
[4.315s] -- Up-to-date: /home/bluebox/repos/ros2_roundtrip_ws/install/roundtrip_msg/share/roundtrip_msg/cmake/export_roundtrip_msg__rosidl_generator_cExport.cmake
[4.316s] -- Up-to-date: /home/bluebox/repos/ros2_roundtrip_ws/install/roundtrip_msg/share/roundtrip_msg/cmake/export_roundtrip_msg__rosidl_generator_cExport-noconfig.cmake
[4.317s] -- Up-to-date: /home/bluebox/repos/ros2_roundtrip_ws/install/roundtrip_msg/share/roundtrip_msg/cmake/export_roundtrip_msg__rosidl_typesupport_fastrtps_cExport.cmake
[4.317s] -- Up-to-date: /home/bluebox/repos/ros2_roundtrip_ws/install/roundtrip_msg/share/roundtrip_msg/cmake/export_roundtrip_msg__rosidl_typesupport_fastrtps_cExport-noconfig.cmake
[4.318s] -- Up-to-date: /home/bluebox/repos/ros2_roundtrip_ws/install/roundtrip_msg/share/roundtrip_msg/cmake/roundtrip_msg__rosidl_typesupport_introspection_cExport.cmake
[4.318s] -- Up-to-date: /home/bluebox/repos/ros2_roundtrip_ws/install/roundtrip_msg/share/roundtrip_msg/cmake/roundtrip_msg__rosidl_typesupport_introspection_cExport-noconfig.cmake
[4.328s] -- Up-to-date: /home/bluebox/repos/ros2_roundtrip_ws/install/roundtrip_msg/share/roundtrip_msg/cmake/roundtrip_msg__rosidl_typesupport_cExport.cmake
[4.328s] -- Up-to-date: /home/bluebox/repos/ros2_roundtrip_ws/install/roundtrip_msg/share/roundtrip_msg/cmake/roundtrip_msg__rosidl_typesupport_cExport-noconfig.cmake
[4.329s] -- Up-to-date: /home/bluebox/repos/ros2_roundtrip_ws/install/roundtrip_msg/share/roundtrip_msg/cmake/export_roundtrip_msg__rosidl_generator_cppExport.cmake
[4.330s] -- Up-to-date: /home/bluebox/repos/ros2_roundtrip_ws/install/roundtrip_msg/share/roundtrip_msg/cmake/export_roundtrip_msg__rosidl_typesupport_fastrtps_cppExport.cmake
[4.331s] -- Up-to-date: /home/bluebox/repos/ros2_roundtrip_ws/install/roundtrip_msg/share/roundtrip_msg/cmake/export_roundtrip_msg__rosidl_typesupport_fastrtps_cppExport-noconfig.cmake
[4.332s] -- Up-to-date: /home/bluebox/repos/ros2_roundtrip_ws/install/roundtrip_msg/share/roundtrip_msg/cmake/roundtrip_msg__rosidl_typesupport_introspection_cppExport.cmake
[4.332s] -- Up-to-date: /home/bluebox/repos/ros2_roundtrip_ws/install/roundtrip_msg/share/roundtrip_msg/cmake/roundtrip_msg__rosidl_typesupport_introspection_cppExport-noconfig.cmake
[4.333s] -- Up-to-date: /home/bluebox/repos/ros2_roundtrip_ws/install/roundtrip_msg/share/roundtrip_msg/cmake/roundtrip_msg__rosidl_typesupport_cppExport.cmake
[4.333s] -- Up-to-date: /home/bluebox/repos/ros2_roundtrip_ws/install/roundtrip_msg/share/roundtrip_msg/cmake/roundtrip_msg__rosidl_typesupport_cppExport-noconfig.cmake
[4.334s] -- Up-to-date: /home/bluebox/repos/ros2_roundtrip_ws/install/roundtrip_msg/share/roundtrip_msg/cmake/export_roundtrip_msg__rosidl_generator_pyExport.cmake
[4.334s] -- Up-to-date: /home/bluebox/repos/ros2_roundtrip_ws/install/roundtrip_msg/share/roundtrip_msg/cmake/export_roundtrip_msg__rosidl_generator_pyExport-noconfig.cmake
[4.335s] -- Up-to-date: /home/bluebox/repos/ros2_roundtrip_ws/install/roundtrip_msg/share/roundtrip_msg/cmake/rosidl_cmake-extras.cmake
[4.335s] -- Up-to-date: /home/bluebox/repos/ros2_roundtrip_ws/install/roundtrip_msg/share/roundtrip_msg/cmake/ament_cmake_export_include_directories-extras.cmake
[4.336s] -- Up-to-date: /home/bluebox/repos/ros2_roundtrip_ws/install/roundtrip_msg/share/roundtrip_msg/cmake/ament_cmake_export_libraries-extras.cmake
[4.336s] -- Up-to-date: /home/bluebox/repos/ros2_roundtrip_ws/install/roundtrip_msg/share/roundtrip_msg/cmake/ament_cmake_export_targets-extras.cmake
[4.337s] -- Up-to-date: /home/bluebox/repos/ros2_roundtrip_ws/install/roundtrip_msg/share/roundtrip_msg/cmake/rosidl_cmake_export_typesupport_targets-extras.cmake
[4.337s] -- Up-to-date: /home/bluebox/repos/ros2_roundtrip_ws/install/roundtrip_msg/share/roundtrip_msg/cmake/ament_cmake_export_dependencies-extras.cmake
[4.338s] -- Up-to-date: /home/bluebox/repos/ros2_roundtrip_ws/install/roundtrip_msg/share/roundtrip_msg/cmake/rosidl_cmake_export_typesupport_libraries-extras.cmake
[4.339s] -- Up-to-date: /home/bluebox/repos/ros2_roundtrip_ws/install/roundtrip_msg/share/roundtrip_msg/cmake/roundtrip_msgConfig.cmake
[4.339s] -- Up-to-date: /home/bluebox/repos/ros2_roundtrip_ws/install/roundtrip_msg/share/roundtrip_msg/cmake/roundtrip_msgConfig-version.cmake
[4.340s] -- Up-to-date: /home/bluebox/repos/ros2_roundtrip_ws/install/roundtrip_msg/share/roundtrip_msg/package.xml
[4.351s] Invoked command in '/home/bluebox/repos/ros2_roundtrip_ws/build/roundtrip_msg' returned '0': CMAKE_PREFIX_PATH=/opt/ros/humble /usr/bin/cmake --install /home/bluebox/repos/ros2_roundtrip_ws/build/roundtrip_msg
