[0.232s] DEBUG:colcon:Command line arguments: ['/usr/bin/colcon', 'build']
[0.232s] DEBUG:colcon:Parsed command line arguments: Namespace(allow_overriding=[], ament_cmake_args=None, base_paths=['.'], build_base='build', catkin_cmake_args=None, catkin_skip_building_tests=False, cmake_args=None, cmake_clean_cache=False, cmake_clean_first=False, cmake_force_configure=False, cmake_target=None, cmake_target_skip_unavailable=False, continue_on_error=False, event_handlers=None, executor='parallel', ignore_user_meta=False, install_base='install', log_base=None, log_level=None, main=<bound method BuildVerb.main of <colcon_core.verb.build.BuildVerb object at 0x7f4378f11fa0>>, merge_install=False, metas=['./colcon.meta'], mixin=None, mixin_files=None, mixin_verb=('build',), packages_above=None, packages_above_and_dependencies=None, packages_above_depth=None, packages_end=None, packages_ignore=None, packages_ignore_regex=None, packages_select=None, packages_select_build_failed=False, packages_select_by_dep=None, packages_select_regex=None, packages_select_test_failures=False, packages_skip=None, packages_skip_build_finished=False, packages_skip_by_dep=None, packages_skip_regex=None, packages_skip_test_passed=False, packages_skip_up_to=None, packages_start=None, packages_up_to=None, packages_up_to_regex=None, parallel_workers=8, paths=None, symlink_install=False, test_result_base=None, verb_extension=<colcon_core.verb.build.BuildVerb object at 0x7f4378f11fa0>, verb_name='build', verb_parser=<colcon_mixin.mixin.mixin_argument.MixinArgumentDecorator object at 0x7f4378e9e580>)
[0.416s] Level 1:colcon.colcon_core.package_discovery:discover_packages(colcon_meta) check parameters
[0.416s] Level 1:colcon.colcon_core.package_discovery:discover_packages(recursive) check parameters
[0.416s] Level 1:colcon.colcon_core.package_discovery:discover_packages(ignore) check parameters
[0.416s] Level 1:colcon.colcon_core.package_discovery:discover_packages(path) check parameters
[0.416s] Level 1:colcon.colcon_core.package_discovery:discover_packages(colcon_meta) discover
[0.416s] Level 1:colcon.colcon_core.package_discovery:discover_packages(recursive) discover
[0.416s] INFO:colcon.colcon_core.package_discovery:Crawling recursively for packages in '/home/tfa2si/repos/ros2_roundtrip_ws'
[0.416s] Level 1:colcon.colcon_core.package_identification:_identify(.) by extensions ['ignore', 'ignore_ament_install']
[0.416s] Level 1:colcon.colcon_core.package_identification:_identify(.) by extension 'ignore'
[0.416s] Level 1:colcon.colcon_core.package_identification:_identify(.) by extension 'ignore_ament_install'
[0.416s] Level 1:colcon.colcon_core.package_identification:_identify(.) by extensions ['colcon_pkg']
[0.416s] Level 1:colcon.colcon_core.package_identification:_identify(.) by extension 'colcon_pkg'
[0.416s] Level 1:colcon.colcon_core.package_identification:_identify(.) by extensions ['colcon_meta']
[0.416s] Level 1:colcon.colcon_core.package_identification:_identify(.) by extension 'colcon_meta'
[0.416s] Level 1:colcon.colcon_core.package_identification:_identify(.) by extensions ['ros']
[0.416s] Level 1:colcon.colcon_core.package_identification:_identify(.) by extension 'ros'
[0.426s] Level 1:colcon.colcon_core.package_identification:_identify(.) by extensions ['cmake', 'python']
[0.426s] Level 1:colcon.colcon_core.package_identification:_identify(.) by extension 'cmake'
[0.426s] Level 1:colcon.colcon_core.package_identification:_identify(.) by extension 'python'
[0.426s] Level 1:colcon.colcon_core.package_identification:_identify(.) by extensions ['python_setup_py']
[0.426s] Level 1:colcon.colcon_core.package_identification:_identify(.) by extension 'python_setup_py'
[0.426s] Level 1:colcon.colcon_core.package_identification:_identify(build) by extensions ['ignore', 'ignore_ament_install']
[0.426s] Level 1:colcon.colcon_core.package_identification:_identify(build) by extension 'ignore'
[0.427s] Level 1:colcon.colcon_core.package_identification:_identify(build) ignored
[0.427s] Level 1:colcon.colcon_core.package_identification:_identify(install) by extensions ['ignore', 'ignore_ament_install']
[0.427s] Level 1:colcon.colcon_core.package_identification:_identify(install) by extension 'ignore'
[0.427s] Level 1:colcon.colcon_core.package_identification:_identify(install) ignored
[0.427s] Level 1:colcon.colcon_core.package_identification:_identify(lib) by extensions ['ignore', 'ignore_ament_install']
[0.427s] Level 1:colcon.colcon_core.package_identification:_identify(lib) by extension 'ignore'
[0.427s] Level 1:colcon.colcon_core.package_identification:_identify(lib) by extension 'ignore_ament_install'
[0.427s] Level 1:colcon.colcon_core.package_identification:_identify(lib) by extensions ['colcon_pkg']
[0.427s] Level 1:colcon.colcon_core.package_identification:_identify(lib) by extension 'colcon_pkg'
[0.427s] Level 1:colcon.colcon_core.package_identification:_identify(lib) by extensions ['colcon_meta']
[0.427s] Level 1:colcon.colcon_core.package_identification:_identify(lib) by extension 'colcon_meta'
[0.427s] Level 1:colcon.colcon_core.package_identification:_identify(lib) by extensions ['ros']
[0.427s] Level 1:colcon.colcon_core.package_identification:_identify(lib) by extension 'ros'
[0.427s] Level 1:colcon.colcon_core.package_identification:_identify(lib) by extensions ['cmake', 'python']
[0.427s] Level 1:colcon.colcon_core.package_identification:_identify(lib) by extension 'cmake'
[0.427s] Level 1:colcon.colcon_core.package_identification:_identify(lib) by extension 'python'
[0.427s] Level 1:colcon.colcon_core.package_identification:_identify(lib) by extensions ['python_setup_py']
[0.427s] Level 1:colcon.colcon_core.package_identification:_identify(lib) by extension 'python_setup_py'
[0.427s] Level 1:colcon.colcon_core.package_identification:_identify(lib/data_collector) by extensions ['ignore', 'ignore_ament_install']
[0.427s] Level 1:colcon.colcon_core.package_identification:_identify(lib/data_collector) by extension 'ignore'
[0.427s] Level 1:colcon.colcon_core.package_identification:_identify(lib/data_collector) by extension 'ignore_ament_install'
[0.428s] Level 1:colcon.colcon_core.package_identification:_identify(lib/data_collector) by extensions ['colcon_pkg']
[0.428s] Level 1:colcon.colcon_core.package_identification:_identify(lib/data_collector) by extension 'colcon_pkg'
[0.428s] Level 1:colcon.colcon_core.package_identification:_identify(lib/data_collector) by extensions ['colcon_meta']
[0.428s] Level 1:colcon.colcon_core.package_identification:_identify(lib/data_collector) by extension 'colcon_meta'
[0.428s] Level 1:colcon.colcon_core.package_identification:_identify(lib/data_collector) by extensions ['ros']
[0.428s] Level 1:colcon.colcon_core.package_identification:_identify(lib/data_collector) by extension 'ros'
[0.428s] Level 1:colcon.colcon_core.package_identification:_identify(lib/data_collector) by extensions ['cmake', 'python']
[0.428s] Level 1:colcon.colcon_core.package_identification:_identify(lib/data_collector) by extension 'cmake'
[0.428s] Level 1:colcon.colcon_core.package_identification:_identify(lib/data_collector) by extension 'python'
[0.428s] Level 1:colcon.colcon_core.package_identification:_identify(lib/data_collector) by extensions ['python_setup_py']
[0.428s] Level 1:colcon.colcon_core.package_identification:_identify(lib/data_collector) by extension 'python_setup_py'
[0.428s] Level 1:colcon.colcon_core.package_identification:_identify(log) by extensions ['ignore', 'ignore_ament_install']
[0.428s] Level 1:colcon.colcon_core.package_identification:_identify(log) by extension 'ignore'
[0.428s] Level 1:colcon.colcon_core.package_identification:_identify(log) ignored
[0.428s] Level 1:colcon.colcon_core.package_identification:_identify(measurement) by extensions ['ignore', 'ignore_ament_install']
[0.428s] Level 1:colcon.colcon_core.package_identification:_identify(measurement) by extension 'ignore'
[0.428s] Level 1:colcon.colcon_core.package_identification:_identify(measurement) by extension 'ignore_ament_install'
[0.428s] Level 1:colcon.colcon_core.package_identification:_identify(measurement) by extensions ['colcon_pkg']
[0.428s] Level 1:colcon.colcon_core.package_identification:_identify(measurement) by extension 'colcon_pkg'
[0.428s] Level 1:colcon.colcon_core.package_identification:_identify(measurement) by extensions ['colcon_meta']
[0.428s] Level 1:colcon.colcon_core.package_identification:_identify(measurement) by extension 'colcon_meta'
[0.428s] Level 1:colcon.colcon_core.package_identification:_identify(measurement) by extensions ['ros']
[0.428s] Level 1:colcon.colcon_core.package_identification:_identify(measurement) by extension 'ros'
[0.429s] Level 1:colcon.colcon_core.package_identification:_identify(measurement) by extensions ['cmake', 'python']
[0.429s] Level 1:colcon.colcon_core.package_identification:_identify(measurement) by extension 'cmake'
[0.429s] Level 1:colcon.colcon_core.package_identification:_identify(measurement) by extension 'python'
[0.429s] Level 1:colcon.colcon_core.package_identification:_identify(measurement) by extensions ['python_setup_py']
[0.429s] Level 1:colcon.colcon_core.package_identification:_identify(measurement) by extension 'python_setup_py'
[0.429s] Level 1:colcon.colcon_core.package_identification:_identify(roundtrip_msg) by extensions ['ignore', 'ignore_ament_install']
[0.429s] Level 1:colcon.colcon_core.package_identification:_identify(roundtrip_msg) by extension 'ignore'
[0.429s] Level 1:colcon.colcon_core.package_identification:_identify(roundtrip_msg) by extension 'ignore_ament_install'
[0.429s] Level 1:colcon.colcon_core.package_identification:_identify(roundtrip_msg) by extensions ['colcon_pkg']
[0.429s] Level 1:colcon.colcon_core.package_identification:_identify(roundtrip_msg) by extension 'colcon_pkg'
[0.429s] Level 1:colcon.colcon_core.package_identification:_identify(roundtrip_msg) by extensions ['colcon_meta']
[0.429s] Level 1:colcon.colcon_core.package_identification:_identify(roundtrip_msg) by extension 'colcon_meta'
[0.429s] Level 1:colcon.colcon_core.package_identification:_identify(roundtrip_msg) by extensions ['ros']
[0.429s] Level 1:colcon.colcon_core.package_identification:_identify(roundtrip_msg) by extension 'ros'
[0.431s] DEBUG:colcon.colcon_core.package_identification:Package 'roundtrip_msg' with type 'ros.ament_cmake' and name 'roundtrip_msg'
[0.431s] Level 1:colcon.colcon_core.package_identification:_identify(src) by extensions ['ignore', 'ignore_ament_install']
[0.431s] Level 1:colcon.colcon_core.package_identification:_identify(src) by extension 'ignore'
[0.431s] Level 1:colcon.colcon_core.package_identification:_identify(src) by extension 'ignore_ament_install'
[0.431s] Level 1:colcon.colcon_core.package_identification:_identify(src) by extensions ['colcon_pkg']
[0.431s] Level 1:colcon.colcon_core.package_identification:_identify(src) by extension 'colcon_pkg'
[0.431s] Level 1:colcon.colcon_core.package_identification:_identify(src) by extensions ['colcon_meta']
[0.432s] Level 1:colcon.colcon_core.package_identification:_identify(src) by extension 'colcon_meta'
[0.432s] Level 1:colcon.colcon_core.package_identification:_identify(src) by extensions ['ros']
[0.432s] Level 1:colcon.colcon_core.package_identification:_identify(src) by extension 'ros'
[0.432s] Level 1:colcon.colcon_core.package_identification:_identify(src) by extensions ['cmake', 'python']
[0.432s] Level 1:colcon.colcon_core.package_identification:_identify(src) by extension 'cmake'
[0.432s] Level 1:colcon.colcon_core.package_identification:_identify(src) by extension 'python'
[0.432s] Level 1:colcon.colcon_core.package_identification:_identify(src) by extensions ['python_setup_py']
[0.432s] Level 1:colcon.colcon_core.package_identification:_identify(src) by extension 'python_setup_py'
[0.432s] Level 1:colcon.colcon_core.package_identification:_identify(src/roundtrip_test) by extensions ['ignore', 'ignore_ament_install']
[0.432s] Level 1:colcon.colcon_core.package_identification:_identify(src/roundtrip_test) by extension 'ignore'
[0.432s] Level 1:colcon.colcon_core.package_identification:_identify(src/roundtrip_test) by extension 'ignore_ament_install'
[0.432s] Level 1:colcon.colcon_core.package_identification:_identify(src/roundtrip_test) by extensions ['colcon_pkg']
[0.432s] Level 1:colcon.colcon_core.package_identification:_identify(src/roundtrip_test) by extension 'colcon_pkg'
[0.432s] Level 1:colcon.colcon_core.package_identification:_identify(src/roundtrip_test) by extensions ['colcon_meta']
[0.432s] Level 1:colcon.colcon_core.package_identification:_identify(src/roundtrip_test) by extension 'colcon_meta'
[0.432s] Level 1:colcon.colcon_core.package_identification:_identify(src/roundtrip_test) by extensions ['ros']
[0.432s] Level 1:colcon.colcon_core.package_identification:_identify(src/roundtrip_test) by extension 'ros'
[0.432s] Level 1:colcon.colcon_core.package_identification:_identify(src/roundtrip_test) by extensions ['cmake', 'python']
[0.432s] Level 1:colcon.colcon_core.package_identification:_identify(src/roundtrip_test) by extension 'cmake'
[0.432s] Level 1:colcon.colcon_core.package_identification:_identify(src/roundtrip_test) by extension 'python'
[0.432s] Level 1:colcon.colcon_core.package_identification:_identify(src/roundtrip_test) by extensions ['python_setup_py']
[0.432s] Level 1:colcon.colcon_core.package_identification:_identify(src/roundtrip_test) by extension 'python_setup_py'
[0.432s] Level 1:colcon.colcon_core.package_identification:_identify(src/roundtrip_test/roundtripPingCmsg) by extensions ['ignore', 'ignore_ament_install']
[0.433s] Level 1:colcon.colcon_core.package_identification:_identify(src/roundtrip_test/roundtripPingCmsg) by extension 'ignore'
[0.433s] Level 1:colcon.colcon_core.package_identification:_identify(src/roundtrip_test/roundtripPingCmsg) by extension 'ignore_ament_install'
[0.433s] Level 1:colcon.colcon_core.package_identification:_identify(src/roundtrip_test/roundtripPingCmsg) by extensions ['colcon_pkg']
[0.433s] Level 1:colcon.colcon_core.package_identification:_identify(src/roundtrip_test/roundtripPingCmsg) by extension 'colcon_pkg'
[0.433s] Level 1:colcon.colcon_core.package_identification:_identify(src/roundtrip_test/roundtripPingCmsg) by extensions ['colcon_meta']
[0.433s] Level 1:colcon.colcon_core.package_identification:_identify(src/roundtrip_test/roundtripPingCmsg) by extension 'colcon_meta'
[0.433s] Level 1:colcon.colcon_core.package_identification:_identify(src/roundtrip_test/roundtripPingCmsg) by extensions ['ros']
[0.433s] Level 1:colcon.colcon_core.package_identification:_identify(src/roundtrip_test/roundtripPingCmsg) by extension 'ros'
[0.433s] DEBUG:colcon.colcon_core.package_identification:Package 'src/roundtrip_test/roundtripPingCmsg' with type 'ros.ament_cmake' and name 'roundtrip_ping_cmsg'
[0.433s] Level 1:colcon.colcon_core.package_identification:_identify(src/roundtrip_test/roundtripPongCmsg) by extensions ['ignore', 'ignore_ament_install']
[0.433s] Level 1:colcon.colcon_core.package_identification:_identify(src/roundtrip_test/roundtripPongCmsg) by extension 'ignore'
[0.434s] Level 1:colcon.colcon_core.package_identification:_identify(src/roundtrip_test/roundtripPongCmsg) by extension 'ignore_ament_install'
[0.434s] Level 1:colcon.colcon_core.package_identification:_identify(src/roundtrip_test/roundtripPongCmsg) by extensions ['colcon_pkg']
[0.434s] Level 1:colcon.colcon_core.package_identification:_identify(src/roundtrip_test/roundtripPongCmsg) by extension 'colcon_pkg'
[0.434s] Level 1:colcon.colcon_core.package_identification:_identify(src/roundtrip_test/roundtripPongCmsg) by extensions ['colcon_meta']
[0.434s] Level 1:colcon.colcon_core.package_identification:_identify(src/roundtrip_test/roundtripPongCmsg) by extension 'colcon_meta'
[0.434s] Level 1:colcon.colcon_core.package_identification:_identify(src/roundtrip_test/roundtripPongCmsg) by extensions ['ros']
[0.434s] Level 1:colcon.colcon_core.package_identification:_identify(src/roundtrip_test/roundtripPongCmsg) by extension 'ros'
[0.434s] DEBUG:colcon.colcon_core.package_identification:Package 'src/roundtrip_test/roundtripPongCmsg' with type 'ros.ament_cmake' and name 'roundtrip_pong_cmsg'
[0.434s] Level 1:colcon.colcon_core.package_discovery:discover_packages(recursive) using defaults
[0.434s] Level 1:colcon.colcon_core.package_discovery:discover_packages(ignore) discover
[0.434s] Level 1:colcon.colcon_core.package_discovery:discover_packages(ignore) using defaults
[0.434s] Level 1:colcon.colcon_core.package_discovery:discover_packages(path) discover
[0.434s] Level 1:colcon.colcon_core.package_discovery:discover_packages(path) using defaults
[0.449s] Level 1:colcon.colcon_core.package_discovery:discover_packages(prefix_path) check parameters
[0.449s] Level 1:colcon.colcon_core.package_discovery:discover_packages(prefix_path) discover
[0.451s] DEBUG:colcon.colcon_installed_package_information.package_discovery:Found 280 installed packages in /opt/ros/galactic
[0.460s] Level 1:colcon.colcon_core.package_discovery:discover_packages(prefix_path) using defaults
[0.526s] Level 5:colcon.colcon_core.verb:set package 'roundtrip_msg' build argument 'cmake_args' from command line to 'None'
[0.526s] Level 5:colcon.colcon_core.verb:set package 'roundtrip_msg' build argument 'cmake_target' from command line to 'None'
[0.526s] Level 5:colcon.colcon_core.verb:set package 'roundtrip_msg' build argument 'cmake_target_skip_unavailable' from command line to 'False'
[0.527s] Level 5:colcon.colcon_core.verb:set package 'roundtrip_msg' build argument 'cmake_clean_cache' from command line to 'False'
[0.527s] Level 5:colcon.colcon_core.verb:set package 'roundtrip_msg' build argument 'cmake_clean_first' from command line to 'False'
[0.527s] Level 5:colcon.colcon_core.verb:set package 'roundtrip_msg' build argument 'cmake_force_configure' from command line to 'False'
[0.527s] Level 5:colcon.colcon_core.verb:set package 'roundtrip_msg' build argument 'ament_cmake_args' from command line to 'None'
[0.527s] Level 5:colcon.colcon_core.verb:set package 'roundtrip_msg' build argument 'catkin_cmake_args' from command line to 'None'
[0.527s] Level 5:colcon.colcon_core.verb:set package 'roundtrip_msg' build argument 'catkin_skip_building_tests' from command line to 'False'
[0.527s] DEBUG:colcon.colcon_core.verb:Building package 'roundtrip_msg' with the following arguments: {'ament_cmake_args': None, 'build_base': '/home/tfa2si/repos/ros2_roundtrip_ws/build/roundtrip_msg', 'catkin_cmake_args': None, 'catkin_skip_building_tests': False, 'cmake_args': None, 'cmake_clean_cache': False, 'cmake_clean_first': False, 'cmake_force_configure': False, 'cmake_target': None, 'cmake_target_skip_unavailable': False, 'install_base': '/home/tfa2si/repos/ros2_roundtrip_ws/install/roundtrip_msg', 'merge_install': False, 'path': '/home/tfa2si/repos/ros2_roundtrip_ws/roundtrip_msg', 'symlink_install': False, 'test_result_base': None}
[0.527s] Level 5:colcon.colcon_core.verb:set package 'roundtrip_ping_cmsg' build argument 'cmake_args' from command line to 'None'
[0.527s] Level 5:colcon.colcon_core.verb:set package 'roundtrip_ping_cmsg' build argument 'cmake_target' from command line to 'None'
[0.527s] Level 5:colcon.colcon_core.verb:set package 'roundtrip_ping_cmsg' build argument 'cmake_target_skip_unavailable' from command line to 'False'
[0.527s] Level 5:colcon.colcon_core.verb:set package 'roundtrip_ping_cmsg' build argument 'cmake_clean_cache' from command line to 'False'
[0.527s] Level 5:colcon.colcon_core.verb:set package 'roundtrip_ping_cmsg' build argument 'cmake_clean_first' from command line to 'False'
[0.527s] Level 5:colcon.colcon_core.verb:set package 'roundtrip_ping_cmsg' build argument 'cmake_force_configure' from command line to 'False'
[0.527s] Level 5:colcon.colcon_core.verb:set package 'roundtrip_ping_cmsg' build argument 'ament_cmake_args' from command line to 'None'
[0.527s] Level 5:colcon.colcon_core.verb:set package 'roundtrip_ping_cmsg' build argument 'catkin_cmake_args' from command line to 'None'
[0.527s] Level 5:colcon.colcon_core.verb:set package 'roundtrip_ping_cmsg' build argument 'catkin_skip_building_tests' from command line to 'False'
[0.527s] DEBUG:colcon.colcon_core.verb:Building package 'roundtrip_ping_cmsg' with the following arguments: {'ament_cmake_args': None, 'build_base': '/home/tfa2si/repos/ros2_roundtrip_ws/build/roundtrip_ping_cmsg', 'catkin_cmake_args': None, 'catkin_skip_building_tests': False, 'cmake_args': None, 'cmake_clean_cache': False, 'cmake_clean_first': False, 'cmake_force_configure': False, 'cmake_target': None, 'cmake_target_skip_unavailable': False, 'install_base': '/home/tfa2si/repos/ros2_roundtrip_ws/install/roundtrip_ping_cmsg', 'merge_install': False, 'path': '/home/tfa2si/repos/ros2_roundtrip_ws/src/roundtrip_test/roundtripPingCmsg', 'symlink_install': False, 'test_result_base': None}
[0.527s] Level 5:colcon.colcon_core.verb:set package 'roundtrip_pong_cmsg' build argument 'cmake_args' from command line to 'None'
[0.528s] Level 5:colcon.colcon_core.verb:set package 'roundtrip_pong_cmsg' build argument 'cmake_target' from command line to 'None'
[0.528s] Level 5:colcon.colcon_core.verb:set package 'roundtrip_pong_cmsg' build argument 'cmake_target_skip_unavailable' from command line to 'False'
[0.528s] Level 5:colcon.colcon_core.verb:set package 'roundtrip_pong_cmsg' build argument 'cmake_clean_cache' from command line to 'False'
[0.528s] Level 5:colcon.colcon_core.verb:set package 'roundtrip_pong_cmsg' build argument 'cmake_clean_first' from command line to 'False'
[0.528s] Level 5:colcon.colcon_core.verb:set package 'roundtrip_pong_cmsg' build argument 'cmake_force_configure' from command line to 'False'
[0.528s] Level 5:colcon.colcon_core.verb:set package 'roundtrip_pong_cmsg' build argument 'ament_cmake_args' from command line to 'None'
[0.528s] Level 5:colcon.colcon_core.verb:set package 'roundtrip_pong_cmsg' build argument 'catkin_cmake_args' from command line to 'None'
[0.528s] Level 5:colcon.colcon_core.verb:set package 'roundtrip_pong_cmsg' build argument 'catkin_skip_building_tests' from command line to 'False'
[0.528s] DEBUG:colcon.colcon_core.verb:Building package 'roundtrip_pong_cmsg' with the following arguments: {'ament_cmake_args': None, 'build_base': '/home/tfa2si/repos/ros2_roundtrip_ws/build/roundtrip_pong_cmsg', 'catkin_cmake_args': None, 'catkin_skip_building_tests': False, 'cmake_args': None, 'cmake_clean_cache': False, 'cmake_clean_first': False, 'cmake_force_configure': False, 'cmake_target': None, 'cmake_target_skip_unavailable': False, 'install_base': '/home/tfa2si/repos/ros2_roundtrip_ws/install/roundtrip_pong_cmsg', 'merge_install': False, 'path': '/home/tfa2si/repos/ros2_roundtrip_ws/src/roundtrip_test/roundtripPongCmsg', 'symlink_install': False, 'test_result_base': None}
[0.528s] INFO:colcon.colcon_core.executor:Executing jobs using 'parallel' executor
[0.529s] DEBUG:colcon.colcon_parallel_executor.executor.parallel:run_until_complete
[0.529s] INFO:colcon.colcon_ros.task.ament_cmake.build:Building ROS package in '/home/tfa2si/repos/ros2_roundtrip_ws/roundtrip_msg' with build type 'ament_cmake'
[0.529s] INFO:colcon.colcon_cmake.task.cmake.build:Building CMake package in '/home/tfa2si/repos/ros2_roundtrip_ws/roundtrip_msg'
[0.531s] INFO:colcon.colcon_core.plugin_system:Skipping extension 'colcon_core.shell.bat': Not used on non-Windows systems
[0.531s] INFO:colcon.colcon_core.shell:Skip shell extension 'powershell' for command environment: Not usable outside of PowerShell
[0.531s] DEBUG:colcon.colcon_core.shell:Skip shell extension 'dsv' for command environment
[0.539s] DEBUG:colcon.colcon_core.event_handler.log_command:Invoking command in '/home/tfa2si/repos/ros2_roundtrip_ws/build/roundtrip_msg': BB_ENV_PASSTHROUGH_ADDITIONS=ALL_PROXY BBPATH_EXTRA BB_LOGCONFIG BB_NO_NETWORK BB_NUMBER_THREADS BB_SETSCENE_ENFORCE BB_SRCREV_POLICY DISTRO FTPS_PROXY FTP_PROXY GIT_PROXY_COMMAND HTTPS_PROXY HTTP_PROXY MACHINE NO_PROXY PARALLEL_MAKE SCREENDIR SDKMACHINE SOCKS5_PASSWD SOCKS5_USER SSH_AGENT_PID SSH_AUTH_SOCK STAMPS_DIR TCLIBC TCMODE all_proxy ftp_proxy ftps_proxy http_proxy https_proxy no_proxy CMAKE_PREFIX_PATH=/opt/ros/galactic /usr/bin/cmake /home/tfa2si/repos/ros2_roundtrip_ws/roundtrip_msg -DCMAKE_INSTALL_PREFIX=/home/tfa2si/repos/ros2_roundtrip_ws/install/roundtrip_msg
[0.847s] DEBUG:colcon.colcon_core.event_handler.log_command:Invoked command in '/home/tfa2si/repos/ros2_roundtrip_ws/build/roundtrip_msg' returned '1': BB_ENV_PASSTHROUGH_ADDITIONS=ALL_PROXY BBPATH_EXTRA BB_LOGCONFIG BB_NO_NETWORK BB_NUMBER_THREADS BB_SETSCENE_ENFORCE BB_SRCREV_POLICY DISTRO FTPS_PROXY FTP_PROXY GIT_PROXY_COMMAND HTTPS_PROXY HTTP_PROXY MACHINE NO_PROXY PARALLEL_MAKE SCREENDIR SDKMACHINE SOCKS5_PASSWD SOCKS5_USER SSH_AGENT_PID SSH_AUTH_SOCK STAMPS_DIR TCLIBC TCMODE all_proxy ftp_proxy ftps_proxy http_proxy https_proxy no_proxy CMAKE_PREFIX_PATH=/opt/ros/galactic /usr/bin/cmake /home/tfa2si/repos/ros2_roundtrip_ws/roundtrip_msg -DCMAKE_INSTALL_PREFIX=/home/tfa2si/repos/ros2_roundtrip_ws/install/roundtrip_msg
[0.854s] Level 1:colcon.colcon_core.environment:create_environment_scripts_only(roundtrip_msg)
[0.857s] Level 1:colcon.colcon_core.environment:checking '/home/tfa2si/repos/ros2_roundtrip_ws/install/roundtrip_msg' for CMake module files
[0.858s] Level 1:colcon.colcon_core.environment:checking '/home/tfa2si/repos/ros2_roundtrip_ws/install/roundtrip_msg' for CMake config files
[0.859s] Level 1:colcon.colcon_core.environment:checking '/home/tfa2si/repos/ros2_roundtrip_ws/install/roundtrip_msg/bin'
[0.859s] Level 1:colcon.colcon_core.environment:checking '/home/tfa2si/repos/ros2_roundtrip_ws/install/roundtrip_msg/lib/pkgconfig/roundtrip_msg.pc'
[0.859s] Level 1:colcon.colcon_core.environment:checking '/home/tfa2si/repos/ros2_roundtrip_ws/install/roundtrip_msg/lib/python3.8/site-packages'
[0.859s] Level 1:colcon.colcon_core.environment:checking '/home/tfa2si/repos/ros2_roundtrip_ws/install/roundtrip_msg/bin'
[0.860s] INFO:colcon.colcon_core.shell:Creating package script '/home/tfa2si/repos/ros2_roundtrip_ws/install/roundtrip_msg/share/roundtrip_msg/package.ps1'
[0.861s] INFO:colcon.colcon_core.shell:Creating package descriptor '/home/tfa2si/repos/ros2_roundtrip_ws/install/roundtrip_msg/share/roundtrip_msg/package.dsv'
[0.861s] INFO:colcon.colcon_core.shell:Creating package script '/home/tfa2si/repos/ros2_roundtrip_ws/install/roundtrip_msg/share/roundtrip_msg/package.sh'
[0.862s] INFO:colcon.colcon_core.shell:Creating package script '/home/tfa2si/repos/ros2_roundtrip_ws/install/roundtrip_msg/share/roundtrip_msg/package.bash'
[0.862s] INFO:colcon.colcon_core.shell:Creating package script '/home/tfa2si/repos/ros2_roundtrip_ws/install/roundtrip_msg/share/roundtrip_msg/package.zsh'
[0.863s] Level 1:colcon.colcon_core.environment:create_file_with_runtime_dependencies(/home/tfa2si/repos/ros2_roundtrip_ws/install/roundtrip_msg/share/colcon-core/packages/roundtrip_msg)
[0.873s] DEBUG:colcon.colcon_parallel_executor.executor.parallel:closing loop
[0.873s] DEBUG:colcon.colcon_parallel_executor.executor.parallel:loop closed
[0.873s] DEBUG:colcon.colcon_parallel_executor.executor.parallel:run_until_complete finished with '1'
[0.873s] DEBUG:colcon.colcon_core.event_reactor:joining thread
[0.879s] INFO:colcon.colcon_core.plugin_system:Skipping extension 'colcon_notification.desktop_notification.terminal_notifier': Not used on non-Darwin systems
[0.879s] INFO:colcon.colcon_core.plugin_system:Skipping extension 'colcon_notification.desktop_notification.win32': Not used on non-Windows systems
[0.879s] INFO:colcon.colcon_notification.desktop_notification:Sending desktop notification using 'notify2'
[0.890s] DEBUG:colcon.colcon_notification.desktop_notification.notify2:Failed to initialize notify2: org.freedesktop.DBus.Error.Spawn.ChildExited: Process org.freedesktop.Notifications exited with status 1
[0.890s] DEBUG:colcon.colcon_core.event_reactor:joined thread
[0.891s] INFO:colcon.colcon_core.shell:Creating prefix script '/home/tfa2si/repos/ros2_roundtrip_ws/install/local_setup.ps1'
[0.891s] INFO:colcon.colcon_core.shell:Creating prefix util module '/home/tfa2si/repos/ros2_roundtrip_ws/install/_local_setup_util_ps1.py'
[0.892s] INFO:colcon.colcon_core.shell:Creating prefix chain script '/home/tfa2si/repos/ros2_roundtrip_ws/install/setup.ps1'
[0.893s] INFO:colcon.colcon_core.shell:Creating prefix script '/home/tfa2si/repos/ros2_roundtrip_ws/install/local_setup.sh'
[0.893s] INFO:colcon.colcon_core.shell:Creating prefix util module '/home/tfa2si/repos/ros2_roundtrip_ws/install/_local_setup_util_sh.py'
[0.894s] INFO:colcon.colcon_core.shell:Creating prefix chain script '/home/tfa2si/repos/ros2_roundtrip_ws/install/setup.sh'
[0.894s] INFO:colcon.colcon_core.shell:Creating prefix script '/home/tfa2si/repos/ros2_roundtrip_ws/install/local_setup.bash'
[0.895s] INFO:colcon.colcon_core.shell:Creating prefix chain script '/home/tfa2si/repos/ros2_roundtrip_ws/install/setup.bash'
[0.895s] INFO:colcon.colcon_core.shell:Creating prefix script '/home/tfa2si/repos/ros2_roundtrip_ws/install/local_setup.zsh'
[0.896s] INFO:colcon.colcon_core.shell:Creating prefix chain script '/home/tfa2si/repos/ros2_roundtrip_ws/install/setup.zsh'
