[0.969s] DEBUG:colcon:Command line arguments: ['/usr/bin/colcon', 'build']
[0.970s] DEBUG:colcon:Parsed command line arguments: Namespace(log_base=None, log_level=None, verb_name='build', build_base='build', install_base='install', merge_install=False, symlink_install=False, test_result_base=None, continue_on_error=False, executor='parallel', parallel_workers=8, event_handlers=None, ignore_user_meta=False, metas=['./colcon.meta'], base_paths=['.'], packages_ignore=None, packages_ignore_regex=None, paths=None, packages_up_to=None, packages_up_to_regex=None, packages_above=None, packages_above_and_dependencies=None, packages_above_depth=None, packages_select_by_dep=None, packages_skip_by_dep=None, packages_skip_up_to=None, packages_select_build_failed=False, packages_skip_build_finished=False, packages_select_test_failures=False, packages_skip_test_passed=False, packages_select=None, packages_skip=None, packages_select_regex=None, packages_skip_regex=None, packages_start=None, packages_end=None, allow_overriding=[], cmake_args=None, cmake_target=None, cmake_target_skip_unavailable=False, cmake_clean_cache=False, cmake_clean_first=False, cmake_force_configure=False, ament_cmake_args=None, catkin_cmake_args=None, catkin_skip_building_tests=False, mixin_files=None, mixin=None, verb_parser=<colcon_mixin.mixin.mixin_argument.MixinArgumentDecorator object at 0x7fab4a1540>, verb_extension=<colcon_core.verb.build.BuildVerb object at 0x7fab4a0f40>, main=<bound method BuildVerb.main of <colcon_core.verb.build.BuildVerb object at 0x7fab4a0f40>>, mixin_verb=('build',))
[2.170s] Level 1:colcon.colcon_core.package_discovery:discover_packages(colcon_meta) check parameters
[2.171s] Level 1:colcon.colcon_core.package_discovery:discover_packages(recursive) check parameters
[2.171s] Level 1:colcon.colcon_core.package_discovery:discover_packages(ignore) check parameters
[2.171s] Level 1:colcon.colcon_core.package_discovery:discover_packages(path) check parameters
[2.172s] Level 1:colcon.colcon_core.package_discovery:discover_packages(colcon_meta) discover
[2.172s] Level 1:colcon.colcon_core.package_discovery:discover_packages(recursive) discover
[2.172s] INFO:colcon.colcon_core.package_discovery:Crawling recursively for packages in '/home/bluebox/repos/ros2_roundtrip_ws'
[2.173s] Level 1:colcon.colcon_core.package_identification:_identify(.) by extensions ['ignore', 'ignore_ament_install']
[2.174s] Level 1:colcon.colcon_core.package_identification:_identify(.) by extension 'ignore'
[2.174s] Level 1:colcon.colcon_core.package_identification:_identify(.) by extension 'ignore_ament_install'
[2.174s] Level 1:colcon.colcon_core.package_identification:_identify(.) by extensions ['colcon_pkg']
[2.175s] Level 1:colcon.colcon_core.package_identification:_identify(.) by extension 'colcon_pkg'
[2.175s] Level 1:colcon.colcon_core.package_identification:_identify(.) by extensions ['colcon_meta']
[2.175s] Level 1:colcon.colcon_core.package_identification:_identify(.) by extension 'colcon_meta'
[2.175s] Level 1:colcon.colcon_core.package_identification:_identify(.) by extensions ['ros']
[2.176s] Level 1:colcon.colcon_core.package_identification:_identify(.) by extension 'ros'
[2.271s] Level 1:colcon.colcon_core.package_identification:_identify(.) by extensions ['cmake', 'python']
[2.272s] Level 1:colcon.colcon_core.package_identification:_identify(.) by extension 'cmake'
[2.272s] Level 1:colcon.colcon_core.package_identification:_identify(.) by extension 'python'
[2.272s] Level 1:colcon.colcon_core.package_identification:_identify(.) by extensions ['python_setup_py']
[2.273s] Level 1:colcon.colcon_core.package_identification:_identify(.) by extension 'python_setup_py'
[2.273s] Level 1:colcon.colcon_core.package_identification:_identify(build) by extensions ['ignore', 'ignore_ament_install']
[2.274s] Level 1:colcon.colcon_core.package_identification:_identify(build) by extension 'ignore'
[2.274s] Level 1:colcon.colcon_core.package_identification:_identify(build) ignored
[2.275s] Level 1:colcon.colcon_core.package_identification:_identify(install) by extensions ['ignore', 'ignore_ament_install']
[2.276s] Level 1:colcon.colcon_core.package_identification:_identify(install) by extension 'ignore'
[2.276s] Level 1:colcon.colcon_core.package_identification:_identify(install) ignored
[2.276s] Level 1:colcon.colcon_core.package_identification:_identify(lib) by extensions ['ignore', 'ignore_ament_install']
[2.277s] Level 1:colcon.colcon_core.package_identification:_identify(lib) by extension 'ignore'
[2.277s] Level 1:colcon.colcon_core.package_identification:_identify(lib) by extension 'ignore_ament_install'
[2.277s] Level 1:colcon.colcon_core.package_identification:_identify(lib) by extensions ['colcon_pkg']
[2.278s] Level 1:colcon.colcon_core.package_identification:_identify(lib) by extension 'colcon_pkg'
[2.278s] Level 1:colcon.colcon_core.package_identification:_identify(lib) by extensions ['colcon_meta']
[2.278s] Level 1:colcon.colcon_core.package_identification:_identify(lib) by extension 'colcon_meta'
[2.278s] Level 1:colcon.colcon_core.package_identification:_identify(lib) by extensions ['ros']
[2.279s] Level 1:colcon.colcon_core.package_identification:_identify(lib) by extension 'ros'
[2.279s] Level 1:colcon.colcon_core.package_identification:_identify(lib) by extensions ['cmake', 'python']
[2.279s] Level 1:colcon.colcon_core.package_identification:_identify(lib) by extension 'cmake'
[2.280s] Level 1:colcon.colcon_core.package_identification:_identify(lib) by extension 'python'
[2.280s] Level 1:colcon.colcon_core.package_identification:_identify(lib) by extensions ['python_setup_py']
[2.280s] Level 1:colcon.colcon_core.package_identification:_identify(lib) by extension 'python_setup_py'
[2.281s] Level 1:colcon.colcon_core.package_identification:_identify(lib/data_collector) by extensions ['ignore', 'ignore_ament_install']
[2.282s] Level 1:colcon.colcon_core.package_identification:_identify(lib/data_collector) by extension 'ignore'
[2.282s] Level 1:colcon.colcon_core.package_identification:_identify(lib/data_collector) by extension 'ignore_ament_install'
[2.282s] Level 1:colcon.colcon_core.package_identification:_identify(lib/data_collector) by extensions ['colcon_pkg']
[2.283s] Level 1:colcon.colcon_core.package_identification:_identify(lib/data_collector) by extension 'colcon_pkg'
[2.283s] Level 1:colcon.colcon_core.package_identification:_identify(lib/data_collector) by extensions ['colcon_meta']
[2.283s] Level 1:colcon.colcon_core.package_identification:_identify(lib/data_collector) by extension 'colcon_meta'
[2.283s] Level 1:colcon.colcon_core.package_identification:_identify(lib/data_collector) by extensions ['ros']
[2.284s] Level 1:colcon.colcon_core.package_identification:_identify(lib/data_collector) by extension 'ros'
[2.284s] Level 1:colcon.colcon_core.package_identification:_identify(lib/data_collector) by extensions ['cmake', 'python']
[2.284s] Level 1:colcon.colcon_core.package_identification:_identify(lib/data_collector) by extension 'cmake'
[2.285s] Level 1:colcon.colcon_core.package_identification:_identify(lib/data_collector) by extension 'python'
[2.285s] Level 1:colcon.colcon_core.package_identification:_identify(lib/data_collector) by extensions ['python_setup_py']
[2.285s] Level 1:colcon.colcon_core.package_identification:_identify(lib/data_collector) by extension 'python_setup_py'
[2.286s] Level 1:colcon.colcon_core.package_identification:_identify(log) by extensions ['ignore', 'ignore_ament_install']
[2.286s] Level 1:colcon.colcon_core.package_identification:_identify(log) by extension 'ignore'
[2.287s] Level 1:colcon.colcon_core.package_identification:_identify(log) ignored
[2.287s] Level 1:colcon.colcon_core.package_identification:_identify(measurement) by extensions ['ignore', 'ignore_ament_install']
[2.288s] Level 1:colcon.colcon_core.package_identification:_identify(measurement) by extension 'ignore'
[2.288s] Level 1:colcon.colcon_core.package_identification:_identify(measurement) by extension 'ignore_ament_install'
[2.288s] Level 1:colcon.colcon_core.package_identification:_identify(measurement) by extensions ['colcon_pkg']
[2.288s] Level 1:colcon.colcon_core.package_identification:_identify(measurement) by extension 'colcon_pkg'
[2.289s] Level 1:colcon.colcon_core.package_identification:_identify(measurement) by extensions ['colcon_meta']
[2.289s] Level 1:colcon.colcon_core.package_identification:_identify(measurement) by extension 'colcon_meta'
[2.289s] Level 1:colcon.colcon_core.package_identification:_identify(measurement) by extensions ['ros']
[2.289s] Level 1:colcon.colcon_core.package_identification:_identify(measurement) by extension 'ros'
[2.290s] Level 1:colcon.colcon_core.package_identification:_identify(measurement) by extensions ['cmake', 'python']
[2.290s] Level 1:colcon.colcon_core.package_identification:_identify(measurement) by extension 'cmake'
[2.290s] Level 1:colcon.colcon_core.package_identification:_identify(measurement) by extension 'python'
[2.291s] Level 1:colcon.colcon_core.package_identification:_identify(measurement) by extensions ['python_setup_py']
[2.291s] Level 1:colcon.colcon_core.package_identification:_identify(measurement) by extension 'python_setup_py'
[2.292s] Level 1:colcon.colcon_core.package_identification:_identify(roundtrip_msg) by extensions ['ignore', 'ignore_ament_install']
[2.292s] Level 1:colcon.colcon_core.package_identification:_identify(roundtrip_msg) by extension 'ignore'
[2.292s] Level 1:colcon.colcon_core.package_identification:_identify(roundtrip_msg) by extension 'ignore_ament_install'
[2.293s] Level 1:colcon.colcon_core.package_identification:_identify(roundtrip_msg) by extensions ['colcon_pkg']
[2.293s] Level 1:colcon.colcon_core.package_identification:_identify(roundtrip_msg) by extension 'colcon_pkg'
[2.293s] Level 1:colcon.colcon_core.package_identification:_identify(roundtrip_msg) by extensions ['colcon_meta']
[2.293s] Level 1:colcon.colcon_core.package_identification:_identify(roundtrip_msg) by extension 'colcon_meta'
[2.294s] Level 1:colcon.colcon_core.package_identification:_identify(roundtrip_msg) by extensions ['ros']
[2.294s] Level 1:colcon.colcon_core.package_identification:_identify(roundtrip_msg) by extension 'ros'
[2.310s] DEBUG:colcon.colcon_core.package_identification:Package 'roundtrip_msg' with type 'ros.ament_cmake' and name 'roundtrip_msg'
[2.311s] Level 1:colcon.colcon_core.package_identification:_identify(src) by extensions ['ignore', 'ignore_ament_install']
[2.311s] Level 1:colcon.colcon_core.package_identification:_identify(src) by extension 'ignore'
[2.312s] Level 1:colcon.colcon_core.package_identification:_identify(src) by extension 'ignore_ament_install'
[2.312s] Level 1:colcon.colcon_core.package_identification:_identify(src) by extensions ['colcon_pkg']
[2.312s] Level 1:colcon.colcon_core.package_identification:_identify(src) by extension 'colcon_pkg'
[2.313s] Level 1:colcon.colcon_core.package_identification:_identify(src) by extensions ['colcon_meta']
[2.313s] Level 1:colcon.colcon_core.package_identification:_identify(src) by extension 'colcon_meta'
[2.313s] Level 1:colcon.colcon_core.package_identification:_identify(src) by extensions ['ros']
[2.313s] Level 1:colcon.colcon_core.package_identification:_identify(src) by extension 'ros'
[2.314s] Level 1:colcon.colcon_core.package_identification:_identify(src) by extensions ['cmake', 'python']
[2.314s] Level 1:colcon.colcon_core.package_identification:_identify(src) by extension 'cmake'
[2.314s] Level 1:colcon.colcon_core.package_identification:_identify(src) by extension 'python'
[2.315s] Level 1:colcon.colcon_core.package_identification:_identify(src) by extensions ['python_setup_py']
[2.315s] Level 1:colcon.colcon_core.package_identification:_identify(src) by extension 'python_setup_py'
[2.316s] Level 1:colcon.colcon_core.package_identification:_identify(src/roundtrip_test) by extensions ['ignore', 'ignore_ament_install']
[2.316s] Level 1:colcon.colcon_core.package_identification:_identify(src/roundtrip_test) by extension 'ignore'
[2.316s] Level 1:colcon.colcon_core.package_identification:_identify(src/roundtrip_test) by extension 'ignore_ament_install'
[2.317s] Level 1:colcon.colcon_core.package_identification:_identify(src/roundtrip_test) by extensions ['colcon_pkg']
[2.317s] Level 1:colcon.colcon_core.package_identification:_identify(src/roundtrip_test) by extension 'colcon_pkg'
[2.317s] Level 1:colcon.colcon_core.package_identification:_identify(src/roundtrip_test) by extensions ['colcon_meta']
[2.318s] Level 1:colcon.colcon_core.package_identification:_identify(src/roundtrip_test) by extension 'colcon_meta'
[2.318s] Level 1:colcon.colcon_core.package_identification:_identify(src/roundtrip_test) by extensions ['ros']
[2.318s] Level 1:colcon.colcon_core.package_identification:_identify(src/roundtrip_test) by extension 'ros'
[2.319s] Level 1:colcon.colcon_core.package_identification:_identify(src/roundtrip_test) by extensions ['cmake', 'python']
[2.319s] Level 1:colcon.colcon_core.package_identification:_identify(src/roundtrip_test) by extension 'cmake'
[2.319s] Level 1:colcon.colcon_core.package_identification:_identify(src/roundtrip_test) by extension 'python'
[2.319s] Level 1:colcon.colcon_core.package_identification:_identify(src/roundtrip_test) by extensions ['python_setup_py']
[2.320s] Level 1:colcon.colcon_core.package_identification:_identify(src/roundtrip_test) by extension 'python_setup_py'
[2.320s] Level 1:colcon.colcon_core.package_identification:_identify(src/roundtrip_test/roundtripPingCmsg) by extensions ['ignore', 'ignore_ament_install']
[2.321s] Level 1:colcon.colcon_core.package_identification:_identify(src/roundtrip_test/roundtripPingCmsg) by extension 'ignore'
[2.321s] Level 1:colcon.colcon_core.package_identification:_identify(src/roundtrip_test/roundtripPingCmsg) by extension 'ignore_ament_install'
[2.321s] Level 1:colcon.colcon_core.package_identification:_identify(src/roundtrip_test/roundtripPingCmsg) by extensions ['colcon_pkg']
[2.322s] Level 1:colcon.colcon_core.package_identification:_identify(src/roundtrip_test/roundtripPingCmsg) by extension 'colcon_pkg'
[2.322s] Level 1:colcon.colcon_core.package_identification:_identify(src/roundtrip_test/roundtripPingCmsg) by extensions ['colcon_meta']
[2.322s] Level 1:colcon.colcon_core.package_identification:_identify(src/roundtrip_test/roundtripPingCmsg) by extension 'colcon_meta'
[2.323s] Level 1:colcon.colcon_core.package_identification:_identify(src/roundtrip_test/roundtripPingCmsg) by extensions ['ros']
[2.323s] Level 1:colcon.colcon_core.package_identification:_identify(src/roundtrip_test/roundtripPingCmsg) by extension 'ros'
[2.328s] DEBUG:colcon.colcon_core.package_identification:Package 'src/roundtrip_test/roundtripPingCmsg' with type 'ros.ament_cmake' and name 'roundtrip_ping_cmsg'
[2.328s] Level 1:colcon.colcon_core.package_identification:_identify(src/roundtrip_test/roundtripPongCmsg) by extensions ['ignore', 'ignore_ament_install']
[2.329s] Level 1:colcon.colcon_core.package_identification:_identify(src/roundtrip_test/roundtripPongCmsg) by extension 'ignore'
[2.329s] Level 1:colcon.colcon_core.package_identification:_identify(src/roundtrip_test/roundtripPongCmsg) by extension 'ignore_ament_install'
[2.330s] Level 1:colcon.colcon_core.package_identification:_identify(src/roundtrip_test/roundtripPongCmsg) by extensions ['colcon_pkg']
[2.330s] Level 1:colcon.colcon_core.package_identification:_identify(src/roundtrip_test/roundtripPongCmsg) by extension 'colcon_pkg'
[2.330s] Level 1:colcon.colcon_core.package_identification:_identify(src/roundtrip_test/roundtripPongCmsg) by extensions ['colcon_meta']
[2.330s] Level 1:colcon.colcon_core.package_identification:_identify(src/roundtrip_test/roundtripPongCmsg) by extension 'colcon_meta'
[2.331s] Level 1:colcon.colcon_core.package_identification:_identify(src/roundtrip_test/roundtripPongCmsg) by extensions ['ros']
[2.331s] Level 1:colcon.colcon_core.package_identification:_identify(src/roundtrip_test/roundtripPongCmsg) by extension 'ros'
[2.337s] DEBUG:colcon.colcon_core.package_identification:Package 'src/roundtrip_test/roundtripPongCmsg' with type 'ros.ament_cmake' and name 'roundtrip_pong_cmsg'
[2.337s] Level 1:colcon.colcon_core.package_discovery:discover_packages(recursive) using defaults
[2.338s] Level 1:colcon.colcon_core.package_discovery:discover_packages(ignore) discover
[2.338s] Level 1:colcon.colcon_core.package_discovery:discover_packages(ignore) using defaults
[2.338s] Level 1:colcon.colcon_core.package_discovery:discover_packages(path) discover
[2.338s] Level 1:colcon.colcon_core.package_discovery:discover_packages(path) using defaults
[2.477s] Level 1:colcon.colcon_core.package_discovery:discover_packages(prefix_path) check parameters
[2.478s] Level 1:colcon.colcon_core.package_discovery:discover_packages(prefix_path) discover
[2.496s] DEBUG:colcon.colcon_installed_package_information.package_discovery:Found 271 installed packages in /opt/ros/humble
[2.510s] Level 1:colcon.colcon_core.package_discovery:discover_packages(prefix_path) using defaults
[2.951s] Level 5:colcon.colcon_core.verb:set package 'roundtrip_msg' build argument 'cmake_args' from command line to 'None'
[2.952s] Level 5:colcon.colcon_core.verb:set package 'roundtrip_msg' build argument 'cmake_target' from command line to 'None'
[2.952s] Level 5:colcon.colcon_core.verb:set package 'roundtrip_msg' build argument 'cmake_target_skip_unavailable' from command line to 'False'
[2.952s] Level 5:colcon.colcon_core.verb:set package 'roundtrip_msg' build argument 'cmake_clean_cache' from command line to 'False'
[2.952s] Level 5:colcon.colcon_core.verb:set package 'roundtrip_msg' build argument 'cmake_clean_first' from command line to 'False'
[2.952s] Level 5:colcon.colcon_core.verb:set package 'roundtrip_msg' build argument 'cmake_force_configure' from command line to 'False'
[2.953s] Level 5:colcon.colcon_core.verb:set package 'roundtrip_msg' build argument 'ament_cmake_args' from command line to 'None'
[2.953s] Level 5:colcon.colcon_core.verb:set package 'roundtrip_msg' build argument 'catkin_cmake_args' from command line to 'None'
[2.953s] Level 5:colcon.colcon_core.verb:set package 'roundtrip_msg' build argument 'catkin_skip_building_tests' from command line to 'False'
[2.953s] DEBUG:colcon.colcon_core.verb:Building package 'roundtrip_msg' with the following arguments: {'ament_cmake_args': None, 'build_base': '/home/bluebox/repos/ros2_roundtrip_ws/build/roundtrip_msg', 'catkin_cmake_args': None, 'catkin_skip_building_tests': False, 'cmake_args': None, 'cmake_clean_cache': False, 'cmake_clean_first': False, 'cmake_force_configure': False, 'cmake_target': None, 'cmake_target_skip_unavailable': False, 'install_base': '/home/bluebox/repos/ros2_roundtrip_ws/install/roundtrip_msg', 'merge_install': False, 'path': '/home/bluebox/repos/ros2_roundtrip_ws/roundtrip_msg', 'symlink_install': False, 'test_result_base': None}
[2.956s] Level 5:colcon.colcon_core.verb:set package 'roundtrip_ping_cmsg' build argument 'cmake_args' from command line to 'None'
[2.956s] Level 5:colcon.colcon_core.verb:set package 'roundtrip_ping_cmsg' build argument 'cmake_target' from command line to 'None'
[2.957s] Level 5:colcon.colcon_core.verb:set package 'roundtrip_ping_cmsg' build argument 'cmake_target_skip_unavailable' from command line to 'False'
[2.957s] Level 5:colcon.colcon_core.verb:set package 'roundtrip_ping_cmsg' build argument 'cmake_clean_cache' from command line to 'False'
[2.957s] Level 5:colcon.colcon_core.verb:set package 'roundtrip_ping_cmsg' build argument 'cmake_clean_first' from command line to 'False'
[2.957s] Level 5:colcon.colcon_core.verb:set package 'roundtrip_ping_cmsg' build argument 'cmake_force_configure' from command line to 'False'
[2.957s] Level 5:colcon.colcon_core.verb:set package 'roundtrip_ping_cmsg' build argument 'ament_cmake_args' from command line to 'None'
[2.958s] Level 5:colcon.colcon_core.verb:set package 'roundtrip_ping_cmsg' build argument 'catkin_cmake_args' from command line to 'None'
[2.958s] Level 5:colcon.colcon_core.verb:set package 'roundtrip_ping_cmsg' build argument 'catkin_skip_building_tests' from command line to 'False'
[2.958s] DEBUG:colcon.colcon_core.verb:Building package 'roundtrip_ping_cmsg' with the following arguments: {'ament_cmake_args': None, 'build_base': '/home/bluebox/repos/ros2_roundtrip_ws/build/roundtrip_ping_cmsg', 'catkin_cmake_args': None, 'catkin_skip_building_tests': False, 'cmake_args': None, 'cmake_clean_cache': False, 'cmake_clean_first': False, 'cmake_force_configure': False, 'cmake_target': None, 'cmake_target_skip_unavailable': False, 'install_base': '/home/bluebox/repos/ros2_roundtrip_ws/install/roundtrip_ping_cmsg', 'merge_install': False, 'path': '/home/bluebox/repos/ros2_roundtrip_ws/src/roundtrip_test/roundtripPingCmsg', 'symlink_install': False, 'test_result_base': None}
[2.961s] Level 5:colcon.colcon_core.verb:set package 'roundtrip_pong_cmsg' build argument 'cmake_args' from command line to 'None'
[2.961s] Level 5:colcon.colcon_core.verb:set package 'roundtrip_pong_cmsg' build argument 'cmake_target' from command line to 'None'
[2.961s] Level 5:colcon.colcon_core.verb:set package 'roundtrip_pong_cmsg' build argument 'cmake_target_skip_unavailable' from command line to 'False'
[2.962s] Level 5:colcon.colcon_core.verb:set package 'roundtrip_pong_cmsg' build argument 'cmake_clean_cache' from command line to 'False'
[2.962s] Level 5:colcon.colcon_core.verb:set package 'roundtrip_pong_cmsg' build argument 'cmake_clean_first' from command line to 'False'
[2.962s] Level 5:colcon.colcon_core.verb:set package 'roundtrip_pong_cmsg' build argument 'cmake_force_configure' from command line to 'False'
[2.962s] Level 5:colcon.colcon_core.verb:set package 'roundtrip_pong_cmsg' build argument 'ament_cmake_args' from command line to 'None'
[2.962s] Level 5:colcon.colcon_core.verb:set package 'roundtrip_pong_cmsg' build argument 'catkin_cmake_args' from command line to 'None'
[2.963s] Level 5:colcon.colcon_core.verb:set package 'roundtrip_pong_cmsg' build argument 'catkin_skip_building_tests' from command line to 'False'
[2.963s] DEBUG:colcon.colcon_core.verb:Building package 'roundtrip_pong_cmsg' with the following arguments: {'ament_cmake_args': None, 'build_base': '/home/bluebox/repos/ros2_roundtrip_ws/build/roundtrip_pong_cmsg', 'catkin_cmake_args': None, 'catkin_skip_building_tests': False, 'cmake_args': None, 'cmake_clean_cache': False, 'cmake_clean_first': False, 'cmake_force_configure': False, 'cmake_target': None, 'cmake_target_skip_unavailable': False, 'install_base': '/home/bluebox/repos/ros2_roundtrip_ws/install/roundtrip_pong_cmsg', 'merge_install': False, 'path': '/home/bluebox/repos/ros2_roundtrip_ws/src/roundtrip_test/roundtripPongCmsg', 'symlink_install': False, 'test_result_base': None}
[2.964s] INFO:colcon.colcon_core.executor:Executing jobs using 'parallel' executor
[2.970s] DEBUG:colcon.colcon_parallel_executor.executor.parallel:run_until_complete
[2.972s] INFO:colcon.colcon_ros.task.ament_cmake.build:Building ROS package in '/home/bluebox/repos/ros2_roundtrip_ws/roundtrip_msg' with build type 'ament_cmake'
[2.973s] INFO:colcon.colcon_cmake.task.cmake.build:Building CMake package in '/home/bluebox/repos/ros2_roundtrip_ws/roundtrip_msg'
[2.986s] INFO:colcon.colcon_core.plugin_system:Skipping extension 'colcon_core.shell.bat': Not used on non-Windows systems
[2.987s] INFO:colcon.colcon_core.shell:Skip shell extension 'powershell' for command environment: Not usable outside of PowerShell
[2.987s] DEBUG:colcon.colcon_core.shell:Skip shell extension 'dsv' for command environment
[3.033s] DEBUG:colcon.colcon_core.event_handler.log_command:Invoking command in '/home/bluebox/repos/ros2_roundtrip_ws/build/roundtrip_msg': CMAKE_PREFIX_PATH=/opt/ros/humble /usr/bin/cmake --build /home/bluebox/repos/ros2_roundtrip_ws/build/roundtrip_msg -- -j8 -l8
[6.486s] DEBUG:colcon.colcon_core.event_handler.log_command:Invoked command in '/home/bluebox/repos/ros2_roundtrip_ws/build/roundtrip_msg' returned '0': CMAKE_PREFIX_PATH=/opt/ros/humble /usr/bin/cmake --build /home/bluebox/repos/ros2_roundtrip_ws/build/roundtrip_msg -- -j8 -l8
[6.826s] DEBUG:colcon.colcon_core.event_handler.log_command:Invoking command in '/home/bluebox/repos/ros2_roundtrip_ws/build/roundtrip_msg': CMAKE_PREFIX_PATH=/opt/ros/humble /usr/bin/cmake --install /home/bluebox/repos/ros2_roundtrip_ws/build/roundtrip_msg
[7.317s] Level 1:colcon.colcon_core.environment:create_environment_scripts_only(roundtrip_msg)
[7.325s] DEBUG:colcon.colcon_core.event_handler.log_command:Invoked command in '/home/bluebox/repos/ros2_roundtrip_ws/build/roundtrip_msg' returned '0': CMAKE_PREFIX_PATH=/opt/ros/humble /usr/bin/cmake --install /home/bluebox/repos/ros2_roundtrip_ws/build/roundtrip_msg
[7.338s] Level 1:colcon.colcon_core.environment:checking '/home/bluebox/repos/ros2_roundtrip_ws/install/roundtrip_msg' for CMake module files
[7.343s] Level 1:colcon.colcon_core.environment:checking '/home/bluebox/repos/ros2_roundtrip_ws/install/roundtrip_msg' for CMake config files
[7.345s] Level 1:colcon.colcon_core.shell:create_environment_hook('roundtrip_msg', 'cmake_prefix_path')
[7.347s] INFO:colcon.colcon_core.shell:Creating environment hook '/home/bluebox/repos/ros2_roundtrip_ws/install/roundtrip_msg/share/roundtrip_msg/hook/cmake_prefix_path.ps1'
[7.351s] INFO:colcon.colcon_core.shell:Creating environment descriptor '/home/bluebox/repos/ros2_roundtrip_ws/install/roundtrip_msg/share/roundtrip_msg/hook/cmake_prefix_path.dsv'
[7.354s] INFO:colcon.colcon_core.shell:Creating environment hook '/home/bluebox/repos/ros2_roundtrip_ws/install/roundtrip_msg/share/roundtrip_msg/hook/cmake_prefix_path.sh'
[7.361s] Level 1:colcon.colcon_core.environment:checking '/home/bluebox/repos/ros2_roundtrip_ws/install/roundtrip_msg/lib'
[7.362s] Level 1:colcon.colcon_core.shell:create_environment_hook('roundtrip_msg', 'ld_library_path_lib')
[7.364s] INFO:colcon.colcon_core.shell:Creating environment hook '/home/bluebox/repos/ros2_roundtrip_ws/install/roundtrip_msg/share/roundtrip_msg/hook/ld_library_path_lib.ps1'
[7.367s] INFO:colcon.colcon_core.shell:Creating environment descriptor '/home/bluebox/repos/ros2_roundtrip_ws/install/roundtrip_msg/share/roundtrip_msg/hook/ld_library_path_lib.dsv'
[7.369s] INFO:colcon.colcon_core.shell:Creating environment hook '/home/bluebox/repos/ros2_roundtrip_ws/install/roundtrip_msg/share/roundtrip_msg/hook/ld_library_path_lib.sh'
[7.372s] Level 1:colcon.colcon_core.environment:checking '/home/bluebox/repos/ros2_roundtrip_ws/install/roundtrip_msg/bin'
[7.372s] Level 1:colcon.colcon_core.environment:checking '/home/bluebox/repos/ros2_roundtrip_ws/install/roundtrip_msg/lib/pkgconfig/roundtrip_msg.pc'
[7.374s] Level 1:colcon.colcon_core.environment:checking '/home/bluebox/repos/ros2_roundtrip_ws/install/roundtrip_msg/lib/python3.10/site-packages'
[7.376s] Level 1:colcon.colcon_core.environment:checking '/home/bluebox/repos/ros2_roundtrip_ws/install/roundtrip_msg/bin'
[7.378s] INFO:colcon.colcon_core.shell:Creating package script '/home/bluebox/repos/ros2_roundtrip_ws/install/roundtrip_msg/share/roundtrip_msg/package.ps1'
[7.385s] INFO:colcon.colcon_core.shell:Creating package descriptor '/home/bluebox/repos/ros2_roundtrip_ws/install/roundtrip_msg/share/roundtrip_msg/package.dsv'
[7.389s] INFO:colcon.colcon_core.shell:Creating package script '/home/bluebox/repos/ros2_roundtrip_ws/install/roundtrip_msg/share/roundtrip_msg/package.sh'
[7.396s] INFO:colcon.colcon_core.shell:Creating package script '/home/bluebox/repos/ros2_roundtrip_ws/install/roundtrip_msg/share/roundtrip_msg/package.bash'
[7.403s] INFO:colcon.colcon_core.shell:Creating package script '/home/bluebox/repos/ros2_roundtrip_ws/install/roundtrip_msg/share/roundtrip_msg/package.zsh'
[7.408s] Level 1:colcon.colcon_core.environment:create_file_with_runtime_dependencies(/home/bluebox/repos/ros2_roundtrip_ws/install/roundtrip_msg/share/colcon-core/packages/roundtrip_msg)
[7.620s] Level 1:colcon.colcon_core.environment:create_environment_scripts_only(roundtrip_msg)
[7.622s] Level 1:colcon.colcon_core.environment:checking '/home/bluebox/repos/ros2_roundtrip_ws/install/roundtrip_msg' for CMake module files
[7.627s] Level 1:colcon.colcon_core.environment:checking '/home/bluebox/repos/ros2_roundtrip_ws/install/roundtrip_msg' for CMake config files
[7.629s] Level 1:colcon.colcon_core.shell:create_environment_hook('roundtrip_msg', 'cmake_prefix_path')
[7.631s] INFO:colcon.colcon_core.shell:Creating environment hook '/home/bluebox/repos/ros2_roundtrip_ws/install/roundtrip_msg/share/roundtrip_msg/hook/cmake_prefix_path.ps1'
[7.635s] INFO:colcon.colcon_core.shell:Creating environment descriptor '/home/bluebox/repos/ros2_roundtrip_ws/install/roundtrip_msg/share/roundtrip_msg/hook/cmake_prefix_path.dsv'
[7.637s] INFO:colcon.colcon_core.shell:Creating environment hook '/home/bluebox/repos/ros2_roundtrip_ws/install/roundtrip_msg/share/roundtrip_msg/hook/cmake_prefix_path.sh'
[7.641s] Level 1:colcon.colcon_core.environment:checking '/home/bluebox/repos/ros2_roundtrip_ws/install/roundtrip_msg/lib'
[7.642s] Level 1:colcon.colcon_core.shell:create_environment_hook('roundtrip_msg', 'ld_library_path_lib')
[7.644s] INFO:colcon.colcon_core.shell:Creating environment hook '/home/bluebox/repos/ros2_roundtrip_ws/install/roundtrip_msg/share/roundtrip_msg/hook/ld_library_path_lib.ps1'
[7.646s] INFO:colcon.colcon_core.shell:Creating environment descriptor '/home/bluebox/repos/ros2_roundtrip_ws/install/roundtrip_msg/share/roundtrip_msg/hook/ld_library_path_lib.dsv'
[7.648s] INFO:colcon.colcon_core.shell:Creating environment hook '/home/bluebox/repos/ros2_roundtrip_ws/install/roundtrip_msg/share/roundtrip_msg/hook/ld_library_path_lib.sh'
[7.651s] Level 1:colcon.colcon_core.environment:checking '/home/bluebox/repos/ros2_roundtrip_ws/install/roundtrip_msg/bin'
[7.652s] Level 1:colcon.colcon_core.environment:checking '/home/bluebox/repos/ros2_roundtrip_ws/install/roundtrip_msg/lib/pkgconfig/roundtrip_msg.pc'
[7.653s] Level 1:colcon.colcon_core.environment:checking '/home/bluebox/repos/ros2_roundtrip_ws/install/roundtrip_msg/lib/python3.10/site-packages'
[7.655s] Level 1:colcon.colcon_core.environment:checking '/home/bluebox/repos/ros2_roundtrip_ws/install/roundtrip_msg/bin'
[7.658s] INFO:colcon.colcon_core.shell:Creating package script '/home/bluebox/repos/ros2_roundtrip_ws/install/roundtrip_msg/share/roundtrip_msg/package.ps1'
[7.662s] INFO:colcon.colcon_core.shell:Creating package descriptor '/home/bluebox/repos/ros2_roundtrip_ws/install/roundtrip_msg/share/roundtrip_msg/package.dsv'
[7.666s] INFO:colcon.colcon_core.shell:Creating package script '/home/bluebox/repos/ros2_roundtrip_ws/install/roundtrip_msg/share/roundtrip_msg/package.sh'
[7.669s] INFO:colcon.colcon_core.shell:Creating package script '/home/bluebox/repos/ros2_roundtrip_ws/install/roundtrip_msg/share/roundtrip_msg/package.bash'
[7.672s] INFO:colcon.colcon_core.shell:Creating package script '/home/bluebox/repos/ros2_roundtrip_ws/install/roundtrip_msg/share/roundtrip_msg/package.zsh'
[7.674s] Level 1:colcon.colcon_core.environment:create_file_with_runtime_dependencies(/home/bluebox/repos/ros2_roundtrip_ws/install/roundtrip_msg/share/colcon-core/packages/roundtrip_msg)
[7.677s] INFO:colcon.colcon_ros.task.ament_cmake.build:Building ROS package in '/home/bluebox/repos/ros2_roundtrip_ws/src/roundtrip_test/roundtripPingCmsg' with build type 'ament_cmake'
[7.678s] INFO:colcon.colcon_cmake.task.cmake.build:Building CMake package in '/home/bluebox/repos/ros2_roundtrip_ws/src/roundtrip_test/roundtripPingCmsg'
[7.680s] INFO:colcon.colcon_core.shell:Skip shell extension 'powershell' for command environment: Not usable outside of PowerShell
[7.680s] DEBUG:colcon.colcon_core.shell:Skip shell extension 'dsv' for command environment
[7.700s] INFO:colcon.colcon_ros.task.ament_cmake.build:Building ROS package in '/home/bluebox/repos/ros2_roundtrip_ws/src/roundtrip_test/roundtripPongCmsg' with build type 'ament_cmake'
[7.701s] INFO:colcon.colcon_cmake.task.cmake.build:Building CMake package in '/home/bluebox/repos/ros2_roundtrip_ws/src/roundtrip_test/roundtripPongCmsg'
[7.703s] INFO:colcon.colcon_core.shell:Skip shell extension 'powershell' for command environment: Not usable outside of PowerShell
[7.704s] DEBUG:colcon.colcon_core.shell:Skip shell extension 'dsv' for command environment
[7.745s] DEBUG:colcon.colcon_core.event_handler.log_command:Invoking command in '/home/bluebox/repos/ros2_roundtrip_ws/build/roundtrip_ping_cmsg': AMENT_PREFIX_PATH=/home/bluebox/repos/ros2_roundtrip_ws/install/roundtrip_msg:${AMENT_PREFIX_PATH} CMAKE_PREFIX_PATH=/home/bluebox/repos/ros2_roundtrip_ws/install/roundtrip_msg:/opt/ros/humble LD_LIBRARY_PATH=/home/bluebox/repos/ros2_roundtrip_ws/install/roundtrip_msg/lib:${LD_LIBRARY_PATH} PYTHONPATH=/home/bluebox/repos/ros2_roundtrip_ws/install/roundtrip_msg/local/lib/python3.10/dist-packages:${PYTHONPATH} /usr/bin/cmake /home/bluebox/repos/ros2_roundtrip_ws/src/roundtrip_test/roundtripPingCmsg -DCMAKE_INSTALL_PREFIX=/home/bluebox/repos/ros2_roundtrip_ws/install/roundtrip_ping_cmsg
[7.769s] DEBUG:colcon.colcon_core.event_handler.log_command:Invoking command in '/home/bluebox/repos/ros2_roundtrip_ws/build/roundtrip_pong_cmsg': AMENT_PREFIX_PATH=/home/bluebox/repos/ros2_roundtrip_ws/install/roundtrip_msg:${AMENT_PREFIX_PATH} CMAKE_PREFIX_PATH=/home/bluebox/repos/ros2_roundtrip_ws/install/roundtrip_msg:/opt/ros/humble LD_LIBRARY_PATH=/home/bluebox/repos/ros2_roundtrip_ws/install/roundtrip_msg/lib:${LD_LIBRARY_PATH} PYTHONPATH=/home/bluebox/repos/ros2_roundtrip_ws/install/roundtrip_msg/local/lib/python3.10/dist-packages:${PYTHONPATH} /usr/bin/cmake /home/bluebox/repos/ros2_roundtrip_ws/src/roundtrip_test/roundtripPongCmsg -DCMAKE_INSTALL_PREFIX=/home/bluebox/repos/ros2_roundtrip_ws/install/roundtrip_pong_cmsg
[18.265s] DEBUG:colcon.colcon_core.event_handler.log_command:Invoked command in '/home/bluebox/repos/ros2_roundtrip_ws/build/roundtrip_ping_cmsg' returned '0': AMENT_PREFIX_PATH=/home/bluebox/repos/ros2_roundtrip_ws/install/roundtrip_msg:${AMENT_PREFIX_PATH} CMAKE_PREFIX_PATH=/home/bluebox/repos/ros2_roundtrip_ws/install/roundtrip_msg:/opt/ros/humble LD_LIBRARY_PATH=/home/bluebox/repos/ros2_roundtrip_ws/install/roundtrip_msg/lib:${LD_LIBRARY_PATH} PYTHONPATH=/home/bluebox/repos/ros2_roundtrip_ws/install/roundtrip_msg/local/lib/python3.10/dist-packages:${PYTHONPATH} /usr/bin/cmake /home/bluebox/repos/ros2_roundtrip_ws/src/roundtrip_test/roundtripPingCmsg -DCMAKE_INSTALL_PREFIX=/home/bluebox/repos/ros2_roundtrip_ws/install/roundtrip_ping_cmsg
[18.272s] DEBUG:colcon.colcon_core.event_handler.log_command:Invoking command in '/home/bluebox/repos/ros2_roundtrip_ws/build/roundtrip_ping_cmsg': AMENT_PREFIX_PATH=/home/bluebox/repos/ros2_roundtrip_ws/install/roundtrip_msg:${AMENT_PREFIX_PATH} CMAKE_PREFIX_PATH=/home/bluebox/repos/ros2_roundtrip_ws/install/roundtrip_msg:/opt/ros/humble LD_LIBRARY_PATH=/home/bluebox/repos/ros2_roundtrip_ws/install/roundtrip_msg/lib:${LD_LIBRARY_PATH} PYTHONPATH=/home/bluebox/repos/ros2_roundtrip_ws/install/roundtrip_msg/local/lib/python3.10/dist-packages:${PYTHONPATH} /usr/bin/cmake --build /home/bluebox/repos/ros2_roundtrip_ws/build/roundtrip_ping_cmsg -- -j8 -l8
[18.304s] DEBUG:colcon.colcon_core.event_handler.log_command:Invoked command in '/home/bluebox/repos/ros2_roundtrip_ws/build/roundtrip_pong_cmsg' returned '0': AMENT_PREFIX_PATH=/home/bluebox/repos/ros2_roundtrip_ws/install/roundtrip_msg:${AMENT_PREFIX_PATH} CMAKE_PREFIX_PATH=/home/bluebox/repos/ros2_roundtrip_ws/install/roundtrip_msg:/opt/ros/humble LD_LIBRARY_PATH=/home/bluebox/repos/ros2_roundtrip_ws/install/roundtrip_msg/lib:${LD_LIBRARY_PATH} PYTHONPATH=/home/bluebox/repos/ros2_roundtrip_ws/install/roundtrip_msg/local/lib/python3.10/dist-packages:${PYTHONPATH} /usr/bin/cmake /home/bluebox/repos/ros2_roundtrip_ws/src/roundtrip_test/roundtripPongCmsg -DCMAKE_INSTALL_PREFIX=/home/bluebox/repos/ros2_roundtrip_ws/install/roundtrip_pong_cmsg
[18.310s] DEBUG:colcon.colcon_core.event_handler.log_command:Invoking command in '/home/bluebox/repos/ros2_roundtrip_ws/build/roundtrip_pong_cmsg': AMENT_PREFIX_PATH=/home/bluebox/repos/ros2_roundtrip_ws/install/roundtrip_msg:${AMENT_PREFIX_PATH} CMAKE_PREFIX_PATH=/home/bluebox/repos/ros2_roundtrip_ws/install/roundtrip_msg:/opt/ros/humble LD_LIBRARY_PATH=/home/bluebox/repos/ros2_roundtrip_ws/install/roundtrip_msg/lib:${LD_LIBRARY_PATH} PYTHONPATH=/home/bluebox/repos/ros2_roundtrip_ws/install/roundtrip_msg/local/lib/python3.10/dist-packages:${PYTHONPATH} /usr/bin/cmake --build /home/bluebox/repos/ros2_roundtrip_ws/build/roundtrip_pong_cmsg -- -j8 -l8
[133.859s] DEBUG:colcon.colcon_core.event_handler.log_command:Invoked command in '/home/bluebox/repos/ros2_roundtrip_ws/build/roundtrip_pong_cmsg' returned '0': AMENT_PREFIX_PATH=/home/bluebox/repos/ros2_roundtrip_ws/install/roundtrip_msg:${AMENT_PREFIX_PATH} CMAKE_PREFIX_PATH=/home/bluebox/repos/ros2_roundtrip_ws/install/roundtrip_msg:/opt/ros/humble LD_LIBRARY_PATH=/home/bluebox/repos/ros2_roundtrip_ws/install/roundtrip_msg/lib:${LD_LIBRARY_PATH} PYTHONPATH=/home/bluebox/repos/ros2_roundtrip_ws/install/roundtrip_msg/local/lib/python3.10/dist-packages:${PYTHONPATH} /usr/bin/cmake --build /home/bluebox/repos/ros2_roundtrip_ws/build/roundtrip_pong_cmsg -- -j8 -l8
[133.991s] DEBUG:colcon.colcon_core.event_handler.log_command:Invoking command in '/home/bluebox/repos/ros2_roundtrip_ws/build/roundtrip_pong_cmsg': AMENT_PREFIX_PATH=/home/bluebox/repos/ros2_roundtrip_ws/install/roundtrip_msg:${AMENT_PREFIX_PATH} CMAKE_PREFIX_PATH=/home/bluebox/repos/ros2_roundtrip_ws/install/roundtrip_msg:/opt/ros/humble LD_LIBRARY_PATH=/home/bluebox/repos/ros2_roundtrip_ws/install/roundtrip_msg/lib:${LD_LIBRARY_PATH} PYTHONPATH=/home/bluebox/repos/ros2_roundtrip_ws/install/roundtrip_msg/local/lib/python3.10/dist-packages:${PYTHONPATH} /usr/bin/cmake --install /home/bluebox/repos/ros2_roundtrip_ws/build/roundtrip_pong_cmsg
[134.061s] Level 1:colcon.colcon_core.environment:create_environment_scripts_only(roundtrip_pong_cmsg)
[134.064s] Level 1:colcon.colcon_core.environment:checking '/home/bluebox/repos/ros2_roundtrip_ws/install/roundtrip_pong_cmsg' for CMake module files
[134.069s] Level 1:colcon.colcon_core.environment:checking '/home/bluebox/repos/ros2_roundtrip_ws/install/roundtrip_pong_cmsg' for CMake config files
[134.070s] Level 1:colcon.colcon_core.shell:create_environment_hook('roundtrip_pong_cmsg', 'cmake_prefix_path')
[134.073s] INFO:colcon.colcon_core.shell:Creating environment hook '/home/bluebox/repos/ros2_roundtrip_ws/install/roundtrip_pong_cmsg/share/roundtrip_pong_cmsg/hook/cmake_prefix_path.ps1'
[134.077s] INFO:colcon.colcon_core.shell:Creating environment descriptor '/home/bluebox/repos/ros2_roundtrip_ws/install/roundtrip_pong_cmsg/share/roundtrip_pong_cmsg/hook/cmake_prefix_path.dsv'
[134.080s] INFO:colcon.colcon_core.shell:Creating environment hook '/home/bluebox/repos/ros2_roundtrip_ws/install/roundtrip_pong_cmsg/share/roundtrip_pong_cmsg/hook/cmake_prefix_path.sh'
[134.085s] Level 1:colcon.colcon_core.environment:checking '/home/bluebox/repos/ros2_roundtrip_ws/install/roundtrip_pong_cmsg/lib'
[134.086s] Level 1:colcon.colcon_core.environment:checking '/home/bluebox/repos/ros2_roundtrip_ws/install/roundtrip_pong_cmsg/bin'
[134.086s] Level 1:colcon.colcon_core.environment:checking '/home/bluebox/repos/ros2_roundtrip_ws/install/roundtrip_pong_cmsg/lib/pkgconfig/roundtrip_pong_cmsg.pc'
[134.089s] Level 1:colcon.colcon_core.environment:checking '/home/bluebox/repos/ros2_roundtrip_ws/install/roundtrip_pong_cmsg/lib/python3.10/site-packages'
[134.091s] Level 1:colcon.colcon_core.environment:checking '/home/bluebox/repos/ros2_roundtrip_ws/install/roundtrip_pong_cmsg/bin'
[134.094s] INFO:colcon.colcon_core.shell:Creating package script '/home/bluebox/repos/ros2_roundtrip_ws/install/roundtrip_pong_cmsg/share/roundtrip_pong_cmsg/package.ps1'
[134.098s] INFO:colcon.colcon_core.shell:Creating package descriptor '/home/bluebox/repos/ros2_roundtrip_ws/install/roundtrip_pong_cmsg/share/roundtrip_pong_cmsg/package.dsv'
[134.103s] INFO:colcon.colcon_core.shell:Creating package script '/home/bluebox/repos/ros2_roundtrip_ws/install/roundtrip_pong_cmsg/share/roundtrip_pong_cmsg/package.sh'
[134.107s] INFO:colcon.colcon_core.shell:Creating package script '/home/bluebox/repos/ros2_roundtrip_ws/install/roundtrip_pong_cmsg/share/roundtrip_pong_cmsg/package.bash'
[134.110s] INFO:colcon.colcon_core.shell:Creating package script '/home/bluebox/repos/ros2_roundtrip_ws/install/roundtrip_pong_cmsg/share/roundtrip_pong_cmsg/package.zsh'
[134.114s] Level 1:colcon.colcon_core.environment:create_file_with_runtime_dependencies(/home/bluebox/repos/ros2_roundtrip_ws/install/roundtrip_pong_cmsg/share/colcon-core/packages/roundtrip_pong_cmsg)
[134.132s] DEBUG:colcon.colcon_core.event_handler.log_command:Invoked command in '/home/bluebox/repos/ros2_roundtrip_ws/build/roundtrip_pong_cmsg' returned '0': AMENT_PREFIX_PATH=/home/bluebox/repos/ros2_roundtrip_ws/install/roundtrip_msg:${AMENT_PREFIX_PATH} CMAKE_PREFIX_PATH=/home/bluebox/repos/ros2_roundtrip_ws/install/roundtrip_msg:/opt/ros/humble LD_LIBRARY_PATH=/home/bluebox/repos/ros2_roundtrip_ws/install/roundtrip_msg/lib:${LD_LIBRARY_PATH} PYTHONPATH=/home/bluebox/repos/ros2_roundtrip_ws/install/roundtrip_msg/local/lib/python3.10/dist-packages:${PYTHONPATH} /usr/bin/cmake --install /home/bluebox/repos/ros2_roundtrip_ws/build/roundtrip_pong_cmsg
[134.249s] Level 1:colcon.colcon_core.environment:create_environment_scripts_only(roundtrip_pong_cmsg)
[134.252s] Level 1:colcon.colcon_core.environment:checking '/home/bluebox/repos/ros2_roundtrip_ws/install/roundtrip_pong_cmsg' for CMake module files
[134.256s] Level 1:colcon.colcon_core.environment:checking '/home/bluebox/repos/ros2_roundtrip_ws/install/roundtrip_pong_cmsg' for CMake config files
[134.258s] Level 1:colcon.colcon_core.shell:create_environment_hook('roundtrip_pong_cmsg', 'cmake_prefix_path')
[134.261s] INFO:colcon.colcon_core.shell:Creating environment hook '/home/bluebox/repos/ros2_roundtrip_ws/install/roundtrip_pong_cmsg/share/roundtrip_pong_cmsg/hook/cmake_prefix_path.ps1'
[134.265s] INFO:colcon.colcon_core.shell:Creating environment descriptor '/home/bluebox/repos/ros2_roundtrip_ws/install/roundtrip_pong_cmsg/share/roundtrip_pong_cmsg/hook/cmake_prefix_path.dsv'
[134.268s] INFO:colcon.colcon_core.shell:Creating environment hook '/home/bluebox/repos/ros2_roundtrip_ws/install/roundtrip_pong_cmsg/share/roundtrip_pong_cmsg/hook/cmake_prefix_path.sh'
[134.273s] Level 1:colcon.colcon_core.environment:checking '/home/bluebox/repos/ros2_roundtrip_ws/install/roundtrip_pong_cmsg/lib'
[134.274s] Level 1:colcon.colcon_core.environment:checking '/home/bluebox/repos/ros2_roundtrip_ws/install/roundtrip_pong_cmsg/bin'
[134.275s] Level 1:colcon.colcon_core.environment:checking '/home/bluebox/repos/ros2_roundtrip_ws/install/roundtrip_pong_cmsg/lib/pkgconfig/roundtrip_pong_cmsg.pc'
[134.277s] Level 1:colcon.colcon_core.environment:checking '/home/bluebox/repos/ros2_roundtrip_ws/install/roundtrip_pong_cmsg/lib/python3.10/site-packages'
[134.279s] Level 1:colcon.colcon_core.environment:checking '/home/bluebox/repos/ros2_roundtrip_ws/install/roundtrip_pong_cmsg/bin'
[134.282s] INFO:colcon.colcon_core.shell:Creating package script '/home/bluebox/repos/ros2_roundtrip_ws/install/roundtrip_pong_cmsg/share/roundtrip_pong_cmsg/package.ps1'
[134.287s] INFO:colcon.colcon_core.shell:Creating package descriptor '/home/bluebox/repos/ros2_roundtrip_ws/install/roundtrip_pong_cmsg/share/roundtrip_pong_cmsg/package.dsv'
[134.292s] INFO:colcon.colcon_core.shell:Creating package script '/home/bluebox/repos/ros2_roundtrip_ws/install/roundtrip_pong_cmsg/share/roundtrip_pong_cmsg/package.sh'
[134.296s] INFO:colcon.colcon_core.shell:Creating package script '/home/bluebox/repos/ros2_roundtrip_ws/install/roundtrip_pong_cmsg/share/roundtrip_pong_cmsg/package.bash'
[134.300s] INFO:colcon.colcon_core.shell:Creating package script '/home/bluebox/repos/ros2_roundtrip_ws/install/roundtrip_pong_cmsg/share/roundtrip_pong_cmsg/package.zsh'
[134.304s] Level 1:colcon.colcon_core.environment:create_file_with_runtime_dependencies(/home/bluebox/repos/ros2_roundtrip_ws/install/roundtrip_pong_cmsg/share/colcon-core/packages/roundtrip_pong_cmsg)
[137.651s] DEBUG:colcon.colcon_core.event_handler.log_command:Invoked command in '/home/bluebox/repos/ros2_roundtrip_ws/build/roundtrip_ping_cmsg' returned '0': AMENT_PREFIX_PATH=/home/bluebox/repos/ros2_roundtrip_ws/install/roundtrip_msg:${AMENT_PREFIX_PATH} CMAKE_PREFIX_PATH=/home/bluebox/repos/ros2_roundtrip_ws/install/roundtrip_msg:/opt/ros/humble LD_LIBRARY_PATH=/home/bluebox/repos/ros2_roundtrip_ws/install/roundtrip_msg/lib:${LD_LIBRARY_PATH} PYTHONPATH=/home/bluebox/repos/ros2_roundtrip_ws/install/roundtrip_msg/local/lib/python3.10/dist-packages:${PYTHONPATH} /usr/bin/cmake --build /home/bluebox/repos/ros2_roundtrip_ws/build/roundtrip_ping_cmsg -- -j8 -l8
[137.759s] DEBUG:colcon.colcon_core.event_handler.log_command:Invoking command in '/home/bluebox/repos/ros2_roundtrip_ws/build/roundtrip_ping_cmsg': AMENT_PREFIX_PATH=/home/bluebox/repos/ros2_roundtrip_ws/install/roundtrip_msg:${AMENT_PREFIX_PATH} CMAKE_PREFIX_PATH=/home/bluebox/repos/ros2_roundtrip_ws/install/roundtrip_msg:/opt/ros/humble LD_LIBRARY_PATH=/home/bluebox/repos/ros2_roundtrip_ws/install/roundtrip_msg/lib:${LD_LIBRARY_PATH} PYTHONPATH=/home/bluebox/repos/ros2_roundtrip_ws/install/roundtrip_msg/local/lib/python3.10/dist-packages:${PYTHONPATH} /usr/bin/cmake --install /home/bluebox/repos/ros2_roundtrip_ws/build/roundtrip_ping_cmsg
[137.823s] Level 1:colcon.colcon_core.environment:create_environment_scripts_only(roundtrip_ping_cmsg)
[137.825s] Level 1:colcon.colcon_core.environment:checking '/home/bluebox/repos/ros2_roundtrip_ws/install/roundtrip_ping_cmsg' for CMake module files
[137.828s] DEBUG:colcon.colcon_core.event_handler.log_command:Invoked command in '/home/bluebox/repos/ros2_roundtrip_ws/build/roundtrip_ping_cmsg' returned '0': AMENT_PREFIX_PATH=/home/bluebox/repos/ros2_roundtrip_ws/install/roundtrip_msg:${AMENT_PREFIX_PATH} CMAKE_PREFIX_PATH=/home/bluebox/repos/ros2_roundtrip_ws/install/roundtrip_msg:/opt/ros/humble LD_LIBRARY_PATH=/home/bluebox/repos/ros2_roundtrip_ws/install/roundtrip_msg/lib:${LD_LIBRARY_PATH} PYTHONPATH=/home/bluebox/repos/ros2_roundtrip_ws/install/roundtrip_msg/local/lib/python3.10/dist-packages:${PYTHONPATH} /usr/bin/cmake --install /home/bluebox/repos/ros2_roundtrip_ws/build/roundtrip_ping_cmsg
[137.831s] Level 1:colcon.colcon_core.environment:checking '/home/bluebox/repos/ros2_roundtrip_ws/install/roundtrip_ping_cmsg' for CMake config files
[137.832s] Level 1:colcon.colcon_core.shell:create_environment_hook('roundtrip_ping_cmsg', 'cmake_prefix_path')
[137.833s] INFO:colcon.colcon_core.shell:Creating environment hook '/home/bluebox/repos/ros2_roundtrip_ws/install/roundtrip_ping_cmsg/share/roundtrip_ping_cmsg/hook/cmake_prefix_path.ps1'
[137.836s] INFO:colcon.colcon_core.shell:Creating environment descriptor '/home/bluebox/repos/ros2_roundtrip_ws/install/roundtrip_ping_cmsg/share/roundtrip_ping_cmsg/hook/cmake_prefix_path.dsv'
[137.838s] INFO:colcon.colcon_core.shell:Creating environment hook '/home/bluebox/repos/ros2_roundtrip_ws/install/roundtrip_ping_cmsg/share/roundtrip_ping_cmsg/hook/cmake_prefix_path.sh'
[137.841s] Level 1:colcon.colcon_core.environment:checking '/home/bluebox/repos/ros2_roundtrip_ws/install/roundtrip_ping_cmsg/lib'
[137.841s] Level 1:colcon.colcon_core.environment:checking '/home/bluebox/repos/ros2_roundtrip_ws/install/roundtrip_ping_cmsg/bin'
[137.842s] Level 1:colcon.colcon_core.environment:checking '/home/bluebox/repos/ros2_roundtrip_ws/install/roundtrip_ping_cmsg/lib/pkgconfig/roundtrip_ping_cmsg.pc'
[137.844s] Level 1:colcon.colcon_core.environment:checking '/home/bluebox/repos/ros2_roundtrip_ws/install/roundtrip_ping_cmsg/lib/python3.10/site-packages'
[137.845s] Level 1:colcon.colcon_core.environment:checking '/home/bluebox/repos/ros2_roundtrip_ws/install/roundtrip_ping_cmsg/bin'
[137.848s] INFO:colcon.colcon_core.shell:Creating package script '/home/bluebox/repos/ros2_roundtrip_ws/install/roundtrip_ping_cmsg/share/roundtrip_ping_cmsg/package.ps1'
[137.850s] INFO:colcon.colcon_core.shell:Creating package descriptor '/home/bluebox/repos/ros2_roundtrip_ws/install/roundtrip_ping_cmsg/share/roundtrip_ping_cmsg/package.dsv'
[137.853s] INFO:colcon.colcon_core.shell:Creating package script '/home/bluebox/repos/ros2_roundtrip_ws/install/roundtrip_ping_cmsg/share/roundtrip_ping_cmsg/package.sh'
[137.856s] INFO:colcon.colcon_core.shell:Creating package script '/home/bluebox/repos/ros2_roundtrip_ws/install/roundtrip_ping_cmsg/share/roundtrip_ping_cmsg/package.bash'
[137.858s] INFO:colcon.colcon_core.shell:Creating package script '/home/bluebox/repos/ros2_roundtrip_ws/install/roundtrip_ping_cmsg/share/roundtrip_ping_cmsg/package.zsh'
[137.859s] Level 1:colcon.colcon_core.environment:create_file_with_runtime_dependencies(/home/bluebox/repos/ros2_roundtrip_ws/install/roundtrip_ping_cmsg/share/colcon-core/packages/roundtrip_ping_cmsg)
[137.958s] Level 1:colcon.colcon_core.environment:create_environment_scripts_only(roundtrip_ping_cmsg)
[137.960s] Level 1:colcon.colcon_core.environment:checking '/home/bluebox/repos/ros2_roundtrip_ws/install/roundtrip_ping_cmsg' for CMake module files
[137.964s] Level 1:colcon.colcon_core.environment:checking '/home/bluebox/repos/ros2_roundtrip_ws/install/roundtrip_ping_cmsg' for CMake config files
[137.965s] Level 1:colcon.colcon_core.shell:create_environment_hook('roundtrip_ping_cmsg', 'cmake_prefix_path')
[137.966s] INFO:colcon.colcon_core.shell:Creating environment hook '/home/bluebox/repos/ros2_roundtrip_ws/install/roundtrip_ping_cmsg/share/roundtrip_ping_cmsg/hook/cmake_prefix_path.ps1'
[137.969s] INFO:colcon.colcon_core.shell:Creating environment descriptor '/home/bluebox/repos/ros2_roundtrip_ws/install/roundtrip_ping_cmsg/share/roundtrip_ping_cmsg/hook/cmake_prefix_path.dsv'
[137.972s] INFO:colcon.colcon_core.shell:Creating environment hook '/home/bluebox/repos/ros2_roundtrip_ws/install/roundtrip_ping_cmsg/share/roundtrip_ping_cmsg/hook/cmake_prefix_path.sh'
[137.976s] Level 1:colcon.colcon_core.environment:checking '/home/bluebox/repos/ros2_roundtrip_ws/install/roundtrip_ping_cmsg/lib'
[137.976s] Level 1:colcon.colcon_core.environment:checking '/home/bluebox/repos/ros2_roundtrip_ws/install/roundtrip_ping_cmsg/bin'
[137.977s] Level 1:colcon.colcon_core.environment:checking '/home/bluebox/repos/ros2_roundtrip_ws/install/roundtrip_ping_cmsg/lib/pkgconfig/roundtrip_ping_cmsg.pc'
[137.978s] Level 1:colcon.colcon_core.environment:checking '/home/bluebox/repos/ros2_roundtrip_ws/install/roundtrip_ping_cmsg/lib/python3.10/site-packages'
[137.980s] Level 1:colcon.colcon_core.environment:checking '/home/bluebox/repos/ros2_roundtrip_ws/install/roundtrip_ping_cmsg/bin'
[137.982s] INFO:colcon.colcon_core.shell:Creating package script '/home/bluebox/repos/ros2_roundtrip_ws/install/roundtrip_ping_cmsg/share/roundtrip_ping_cmsg/package.ps1'
[137.986s] INFO:colcon.colcon_core.shell:Creating package descriptor '/home/bluebox/repos/ros2_roundtrip_ws/install/roundtrip_ping_cmsg/share/roundtrip_ping_cmsg/package.dsv'
[137.990s] INFO:colcon.colcon_core.shell:Creating package script '/home/bluebox/repos/ros2_roundtrip_ws/install/roundtrip_ping_cmsg/share/roundtrip_ping_cmsg/package.sh'
[137.993s] INFO:colcon.colcon_core.shell:Creating package script '/home/bluebox/repos/ros2_roundtrip_ws/install/roundtrip_ping_cmsg/share/roundtrip_ping_cmsg/package.bash'
[137.996s] INFO:colcon.colcon_core.shell:Creating package script '/home/bluebox/repos/ros2_roundtrip_ws/install/roundtrip_ping_cmsg/share/roundtrip_ping_cmsg/package.zsh'
[137.999s] Level 1:colcon.colcon_core.environment:create_file_with_runtime_dependencies(/home/bluebox/repos/ros2_roundtrip_ws/install/roundtrip_ping_cmsg/share/colcon-core/packages/roundtrip_ping_cmsg)
[138.000s] DEBUG:colcon.colcon_parallel_executor.executor.parallel:closing loop
[138.002s] DEBUG:colcon.colcon_parallel_executor.executor.parallel:loop closed
[138.002s] DEBUG:colcon.colcon_parallel_executor.executor.parallel:run_until_complete finished with '0'
[138.003s] DEBUG:colcon.colcon_core.event_reactor:joining thread
[138.035s] INFO:colcon.colcon_core.plugin_system:Skipping extension 'colcon_notification.desktop_notification.terminal_notifier': Not used on non-Darwin systems
[138.036s] INFO:colcon.colcon_core.plugin_system:Skipping extension 'colcon_notification.desktop_notification.win32': Not used on non-Windows systems
[138.036s] INFO:colcon.colcon_notification.desktop_notification:Sending desktop notification using 'notify2'
[163.049s] DEBUG:colcon.colcon_notification.desktop_notification.notify2:Failed to initialize notify2: org.freedesktop.DBus.Error.NoReply: Did not receive a reply. Possible causes include: the remote application did not send a reply, the message bus security policy blocked the reply, the reply timeout expired, or the network connection was broken.
[163.050s] DEBUG:colcon.colcon_core.event_reactor:joined thread
[163.052s] INFO:colcon.colcon_core.shell:Creating prefix script '/home/bluebox/repos/ros2_roundtrip_ws/install/local_setup.ps1'
[163.059s] INFO:colcon.colcon_core.shell:Creating prefix util module '/home/bluebox/repos/ros2_roundtrip_ws/install/_local_setup_util_ps1.py'
[163.070s] INFO:colcon.colcon_core.shell:Creating prefix chain script '/home/bluebox/repos/ros2_roundtrip_ws/install/setup.ps1'
[163.079s] INFO:colcon.colcon_core.shell:Creating prefix script '/home/bluebox/repos/ros2_roundtrip_ws/install/local_setup.sh'
[163.083s] INFO:colcon.colcon_core.shell:Creating prefix util module '/home/bluebox/repos/ros2_roundtrip_ws/install/_local_setup_util_sh.py'
[163.086s] INFO:colcon.colcon_core.shell:Creating prefix chain script '/home/bluebox/repos/ros2_roundtrip_ws/install/setup.sh'
[163.094s] INFO:colcon.colcon_core.shell:Creating prefix script '/home/bluebox/repos/ros2_roundtrip_ws/install/local_setup.bash'
[163.097s] INFO:colcon.colcon_core.shell:Creating prefix chain script '/home/bluebox/repos/ros2_roundtrip_ws/install/setup.bash'
[163.104s] INFO:colcon.colcon_core.shell:Creating prefix script '/home/bluebox/repos/ros2_roundtrip_ws/install/local_setup.zsh'
[163.108s] INFO:colcon.colcon_core.shell:Creating prefix chain script '/home/bluebox/repos/ros2_roundtrip_ws/install/setup.zsh'
