[0.840s] DEBUG:colcon:Command line arguments: ['/usr/bin/colcon', 'build', '--packages-select', 'roundtrip_msg']
[0.840s] DEBUG:colcon:Parsed command line arguments: Namespace(log_base=None, log_level=None, verb_name='build', build_base='build', install_base='install', merge_install=False, symlink_install=False, test_result_base=None, continue_on_error=False, executor='parallel', parallel_workers=8, event_handlers=None, ignore_user_meta=False, metas=['./colcon.meta'], base_paths=['.'], packages_ignore=None, packages_ignore_regex=None, paths=None, packages_up_to=None, packages_up_to_regex=None, packages_above=None, packages_above_and_dependencies=None, packages_above_depth=None, packages_select_by_dep=None, packages_skip_by_dep=None, packages_skip_up_to=None, packages_select_build_failed=False, packages_skip_build_finished=False, packages_select_test_failures=False, packages_skip_test_passed=False, packages_select=['roundtrip_msg'], packages_skip=None, packages_select_regex=None, packages_skip_regex=None, packages_start=None, packages_end=None, allow_overriding=[], cmake_args=None, cmake_target=None, cmake_target_skip_unavailable=False, cmake_clean_cache=False, cmake_clean_first=False, cmake_force_configure=False, ament_cmake_args=None, catkin_cmake_args=None, catkin_skip_building_tests=False, mixin_files=None, mixin=None, verb_parser=<colcon_mixin.mixin.mixin_argument.MixinArgumentDecorator object at 0x7f91b21570>, verb_extension=<colcon_core.verb.build.BuildVerb object at 0x7f91b20f70>, main=<bound method BuildVerb.main of <colcon_core.verb.build.BuildVerb object at 0x7f91b20f70>>, mixin_verb=('build',))
[2.158s] Level 1:colcon.colcon_core.package_discovery:discover_packages(colcon_meta) check parameters
[2.159s] Level 1:colcon.colcon_core.package_discovery:discover_packages(recursive) check parameters
[2.159s] Level 1:colcon.colcon_core.package_discovery:discover_packages(ignore) check parameters
[2.159s] Level 1:colcon.colcon_core.package_discovery:discover_packages(path) check parameters
[2.160s] Level 1:colcon.colcon_core.package_discovery:discover_packages(colcon_meta) discover
[2.160s] Level 1:colcon.colcon_core.package_discovery:discover_packages(recursive) discover
[2.160s] INFO:colcon.colcon_core.package_discovery:Crawling recursively for packages in '/home/bluebox/repos/ros2_roundtrip_ws'
[2.161s] Level 1:colcon.colcon_core.package_identification:_identify(.) by extensions ['ignore', 'ignore_ament_install']
[2.161s] Level 1:colcon.colcon_core.package_identification:_identify(.) by extension 'ignore'
[2.162s] Level 1:colcon.colcon_core.package_identification:_identify(.) by extension 'ignore_ament_install'
[2.162s] Level 1:colcon.colcon_core.package_identification:_identify(.) by extensions ['colcon_pkg']
[2.162s] Level 1:colcon.colcon_core.package_identification:_identify(.) by extension 'colcon_pkg'
[2.163s] Level 1:colcon.colcon_core.package_identification:_identify(.) by extensions ['colcon_meta']
[2.163s] Level 1:colcon.colcon_core.package_identification:_identify(.) by extension 'colcon_meta'
[2.163s] Level 1:colcon.colcon_core.package_identification:_identify(.) by extensions ['ros']
[2.164s] Level 1:colcon.colcon_core.package_identification:_identify(.) by extension 'ros'
[2.260s] Level 1:colcon.colcon_core.package_identification:_identify(.) by extensions ['cmake', 'python']
[2.260s] Level 1:colcon.colcon_core.package_identification:_identify(.) by extension 'cmake'
[2.261s] Level 1:colcon.colcon_core.package_identification:_identify(.) by extension 'python'
[2.261s] Level 1:colcon.colcon_core.package_identification:_identify(.) by extensions ['python_setup_py']
[2.261s] Level 1:colcon.colcon_core.package_identification:_identify(.) by extension 'python_setup_py'
[2.262s] Level 1:colcon.colcon_core.package_identification:_identify(build) by extensions ['ignore', 'ignore_ament_install']
[2.263s] Level 1:colcon.colcon_core.package_identification:_identify(build) by extension 'ignore'
[2.263s] Level 1:colcon.colcon_core.package_identification:_identify(build) ignored
[2.264s] Level 1:colcon.colcon_core.package_identification:_identify(install) by extensions ['ignore', 'ignore_ament_install']
[2.264s] Level 1:colcon.colcon_core.package_identification:_identify(install) by extension 'ignore'
[2.265s] Level 1:colcon.colcon_core.package_identification:_identify(install) ignored
[2.265s] Level 1:colcon.colcon_core.package_identification:_identify(lib) by extensions ['ignore', 'ignore_ament_install']
[2.265s] Level 1:colcon.colcon_core.package_identification:_identify(lib) by extension 'ignore'
[2.266s] Level 1:colcon.colcon_core.package_identification:_identify(lib) by extension 'ignore_ament_install'
[2.266s] Level 1:colcon.colcon_core.package_identification:_identify(lib) by extensions ['colcon_pkg']
[2.266s] Level 1:colcon.colcon_core.package_identification:_identify(lib) by extension 'colcon_pkg'
[2.267s] Level 1:colcon.colcon_core.package_identification:_identify(lib) by extensions ['colcon_meta']
[2.267s] Level 1:colcon.colcon_core.package_identification:_identify(lib) by extension 'colcon_meta'
[2.267s] Level 1:colcon.colcon_core.package_identification:_identify(lib) by extensions ['ros']
[2.267s] Level 1:colcon.colcon_core.package_identification:_identify(lib) by extension 'ros'
[2.268s] Level 1:colcon.colcon_core.package_identification:_identify(lib) by extensions ['cmake', 'python']
[2.268s] Level 1:colcon.colcon_core.package_identification:_identify(lib) by extension 'cmake'
[2.269s] Level 1:colcon.colcon_core.package_identification:_identify(lib) by extension 'python'
[2.269s] Level 1:colcon.colcon_core.package_identification:_identify(lib) by extensions ['python_setup_py']
[2.269s] Level 1:colcon.colcon_core.package_identification:_identify(lib) by extension 'python_setup_py'
[2.270s] Level 1:colcon.colcon_core.package_identification:_identify(lib/data_collector) by extensions ['ignore', 'ignore_ament_install']
[2.270s] Level 1:colcon.colcon_core.package_identification:_identify(lib/data_collector) by extension 'ignore'
[2.270s] Level 1:colcon.colcon_core.package_identification:_identify(lib/data_collector) by extension 'ignore_ament_install'
[2.271s] Level 1:colcon.colcon_core.package_identification:_identify(lib/data_collector) by extensions ['colcon_pkg']
[2.271s] Level 1:colcon.colcon_core.package_identification:_identify(lib/data_collector) by extension 'colcon_pkg'
[2.271s] Level 1:colcon.colcon_core.package_identification:_identify(lib/data_collector) by extensions ['colcon_meta']
[2.272s] Level 1:colcon.colcon_core.package_identification:_identify(lib/data_collector) by extension 'colcon_meta'
[2.272s] Level 1:colcon.colcon_core.package_identification:_identify(lib/data_collector) by extensions ['ros']
[2.272s] Level 1:colcon.colcon_core.package_identification:_identify(lib/data_collector) by extension 'ros'
[2.273s] Level 1:colcon.colcon_core.package_identification:_identify(lib/data_collector) by extensions ['cmake', 'python']
[2.273s] Level 1:colcon.colcon_core.package_identification:_identify(lib/data_collector) by extension 'cmake'
[2.273s] Level 1:colcon.colcon_core.package_identification:_identify(lib/data_collector) by extension 'python'
[2.273s] Level 1:colcon.colcon_core.package_identification:_identify(lib/data_collector) by extensions ['python_setup_py']
[2.274s] Level 1:colcon.colcon_core.package_identification:_identify(lib/data_collector) by extension 'python_setup_py'
[2.274s] Level 1:colcon.colcon_core.package_identification:_identify(log) by extensions ['ignore', 'ignore_ament_install']
[2.275s] Level 1:colcon.colcon_core.package_identification:_identify(log) by extension 'ignore'
[2.275s] Level 1:colcon.colcon_core.package_identification:_identify(log) ignored
[2.275s] Level 1:colcon.colcon_core.package_identification:_identify(measurement) by extensions ['ignore', 'ignore_ament_install']
[2.276s] Level 1:colcon.colcon_core.package_identification:_identify(measurement) by extension 'ignore'
[2.276s] Level 1:colcon.colcon_core.package_identification:_identify(measurement) by extension 'ignore_ament_install'
[2.277s] Level 1:colcon.colcon_core.package_identification:_identify(measurement) by extensions ['colcon_pkg']
[2.277s] Level 1:colcon.colcon_core.package_identification:_identify(measurement) by extension 'colcon_pkg'
[2.277s] Level 1:colcon.colcon_core.package_identification:_identify(measurement) by extensions ['colcon_meta']
[2.277s] Level 1:colcon.colcon_core.package_identification:_identify(measurement) by extension 'colcon_meta'
[2.278s] Level 1:colcon.colcon_core.package_identification:_identify(measurement) by extensions ['ros']
[2.278s] Level 1:colcon.colcon_core.package_identification:_identify(measurement) by extension 'ros'
[2.279s] Level 1:colcon.colcon_core.package_identification:_identify(measurement) by extensions ['cmake', 'python']
[2.279s] Level 1:colcon.colcon_core.package_identification:_identify(measurement) by extension 'cmake'
[2.279s] Level 1:colcon.colcon_core.package_identification:_identify(measurement) by extension 'python'
[2.279s] Level 1:colcon.colcon_core.package_identification:_identify(measurement) by extensions ['python_setup_py']
[2.280s] Level 1:colcon.colcon_core.package_identification:_identify(measurement) by extension 'python_setup_py'
[2.280s] Level 1:colcon.colcon_core.package_identification:_identify(roundtrip_msg) by extensions ['ignore', 'ignore_ament_install']
[2.281s] Level 1:colcon.colcon_core.package_identification:_identify(roundtrip_msg) by extension 'ignore'
[2.281s] Level 1:colcon.colcon_core.package_identification:_identify(roundtrip_msg) by extension 'ignore_ament_install'
[2.281s] Level 1:colcon.colcon_core.package_identification:_identify(roundtrip_msg) by extensions ['colcon_pkg']
[2.281s] Level 1:colcon.colcon_core.package_identification:_identify(roundtrip_msg) by extension 'colcon_pkg'
[2.282s] Level 1:colcon.colcon_core.package_identification:_identify(roundtrip_msg) by extensions ['colcon_meta']
[2.282s] Level 1:colcon.colcon_core.package_identification:_identify(roundtrip_msg) by extension 'colcon_meta'
[2.282s] Level 1:colcon.colcon_core.package_identification:_identify(roundtrip_msg) by extensions ['ros']
[2.282s] Level 1:colcon.colcon_core.package_identification:_identify(roundtrip_msg) by extension 'ros'
[2.298s] DEBUG:colcon.colcon_core.package_identification:Package 'roundtrip_msg' with type 'ros.ament_cmake' and name 'roundtrip_msg'
[2.299s] Level 1:colcon.colcon_core.package_identification:_identify(src) by extensions ['ignore', 'ignore_ament_install']
[2.300s] Level 1:colcon.colcon_core.package_identification:_identify(src) by extension 'ignore'
[2.300s] Level 1:colcon.colcon_core.package_identification:_identify(src) by extension 'ignore_ament_install'
[2.301s] Level 1:colcon.colcon_core.package_identification:_identify(src) by extensions ['colcon_pkg']
[2.301s] Level 1:colcon.colcon_core.package_identification:_identify(src) by extension 'colcon_pkg'
[2.301s] Level 1:colcon.colcon_core.package_identification:_identify(src) by extensions ['colcon_meta']
[2.302s] Level 1:colcon.colcon_core.package_identification:_identify(src) by extension 'colcon_meta'
[2.302s] Level 1:colcon.colcon_core.package_identification:_identify(src) by extensions ['ros']
[2.302s] Level 1:colcon.colcon_core.package_identification:_identify(src) by extension 'ros'
[2.303s] Level 1:colcon.colcon_core.package_identification:_identify(src) by extensions ['cmake', 'python']
[2.303s] Level 1:colcon.colcon_core.package_identification:_identify(src) by extension 'cmake'
[2.303s] Level 1:colcon.colcon_core.package_identification:_identify(src) by extension 'python'
[2.304s] Level 1:colcon.colcon_core.package_identification:_identify(src) by extensions ['python_setup_py']
[2.304s] Level 1:colcon.colcon_core.package_identification:_identify(src) by extension 'python_setup_py'
[2.304s] Level 1:colcon.colcon_core.package_identification:_identify(src/roundtrip_test) by extensions ['ignore', 'ignore_ament_install']
[2.305s] Level 1:colcon.colcon_core.package_identification:_identify(src/roundtrip_test) by extension 'ignore'
[2.305s] Level 1:colcon.colcon_core.package_identification:_identify(src/roundtrip_test) by extension 'ignore_ament_install'
[2.306s] Level 1:colcon.colcon_core.package_identification:_identify(src/roundtrip_test) by extensions ['colcon_pkg']
[2.306s] Level 1:colcon.colcon_core.package_identification:_identify(src/roundtrip_test) by extension 'colcon_pkg'
[2.306s] Level 1:colcon.colcon_core.package_identification:_identify(src/roundtrip_test) by extensions ['colcon_meta']
[2.306s] Level 1:colcon.colcon_core.package_identification:_identify(src/roundtrip_test) by extension 'colcon_meta'
[2.307s] Level 1:colcon.colcon_core.package_identification:_identify(src/roundtrip_test) by extensions ['ros']
[2.307s] Level 1:colcon.colcon_core.package_identification:_identify(src/roundtrip_test) by extension 'ros'
[2.307s] Level 1:colcon.colcon_core.package_identification:_identify(src/roundtrip_test) by extensions ['cmake', 'python']
[2.308s] Level 1:colcon.colcon_core.package_identification:_identify(src/roundtrip_test) by extension 'cmake'
[2.308s] Level 1:colcon.colcon_core.package_identification:_identify(src/roundtrip_test) by extension 'python'
[2.308s] Level 1:colcon.colcon_core.package_identification:_identify(src/roundtrip_test) by extensions ['python_setup_py']
[2.308s] Level 1:colcon.colcon_core.package_identification:_identify(src/roundtrip_test) by extension 'python_setup_py'
[2.309s] Level 1:colcon.colcon_core.package_identification:_identify(src/roundtrip_test/roundtripPingCmsg) by extensions ['ignore', 'ignore_ament_install']
[2.310s] Level 1:colcon.colcon_core.package_identification:_identify(src/roundtrip_test/roundtripPingCmsg) by extension 'ignore'
[2.310s] Level 1:colcon.colcon_core.package_identification:_identify(src/roundtrip_test/roundtripPingCmsg) by extension 'ignore_ament_install'
[2.310s] Level 1:colcon.colcon_core.package_identification:_identify(src/roundtrip_test/roundtripPingCmsg) by extensions ['colcon_pkg']
[2.311s] Level 1:colcon.colcon_core.package_identification:_identify(src/roundtrip_test/roundtripPingCmsg) by extension 'colcon_pkg'
[2.311s] Level 1:colcon.colcon_core.package_identification:_identify(src/roundtrip_test/roundtripPingCmsg) by extensions ['colcon_meta']
[2.311s] Level 1:colcon.colcon_core.package_identification:_identify(src/roundtrip_test/roundtripPingCmsg) by extension 'colcon_meta'
[2.311s] Level 1:colcon.colcon_core.package_identification:_identify(src/roundtrip_test/roundtripPingCmsg) by extensions ['ros']
[2.312s] Level 1:colcon.colcon_core.package_identification:_identify(src/roundtrip_test/roundtripPingCmsg) by extension 'ros'
[2.316s] DEBUG:colcon.colcon_core.package_identification:Package 'src/roundtrip_test/roundtripPingCmsg' with type 'ros.ament_cmake' and name 'roundtrip_ping_cmsg'
[2.317s] Level 1:colcon.colcon_core.package_identification:_identify(src/roundtrip_test/roundtripPongCmsg) by extensions ['ignore', 'ignore_ament_install']
[2.318s] Level 1:colcon.colcon_core.package_identification:_identify(src/roundtrip_test/roundtripPongCmsg) by extension 'ignore'
[2.318s] Level 1:colcon.colcon_core.package_identification:_identify(src/roundtrip_test/roundtripPongCmsg) by extension 'ignore_ament_install'
[2.319s] Level 1:colcon.colcon_core.package_identification:_identify(src/roundtrip_test/roundtripPongCmsg) by extensions ['colcon_pkg']
[2.319s] Level 1:colcon.colcon_core.package_identification:_identify(src/roundtrip_test/roundtripPongCmsg) by extension 'colcon_pkg'
[2.319s] Level 1:colcon.colcon_core.package_identification:_identify(src/roundtrip_test/roundtripPongCmsg) by extensions ['colcon_meta']
[2.319s] Level 1:colcon.colcon_core.package_identification:_identify(src/roundtrip_test/roundtripPongCmsg) by extension 'colcon_meta'
[2.320s] Level 1:colcon.colcon_core.package_identification:_identify(src/roundtrip_test/roundtripPongCmsg) by extensions ['ros']
[2.320s] Level 1:colcon.colcon_core.package_identification:_identify(src/roundtrip_test/roundtripPongCmsg) by extension 'ros'
[2.326s] DEBUG:colcon.colcon_core.package_identification:Package 'src/roundtrip_test/roundtripPongCmsg' with type 'ros.ament_cmake' and name 'roundtrip_pong_cmsg'
[2.326s] Level 1:colcon.colcon_core.package_discovery:discover_packages(recursive) using defaults
[2.327s] Level 1:colcon.colcon_core.package_discovery:discover_packages(ignore) discover
[2.327s] Level 1:colcon.colcon_core.package_discovery:discover_packages(ignore) using defaults
[2.327s] Level 1:colcon.colcon_core.package_discovery:discover_packages(path) discover
[2.327s] Level 1:colcon.colcon_core.package_discovery:discover_packages(path) using defaults
[2.465s] INFO:colcon.colcon_core.package_selection:Skipping not selected package 'roundtrip_ping_cmsg' in 'src/roundtrip_test/roundtripPingCmsg'
[2.465s] INFO:colcon.colcon_core.package_selection:Skipping not selected package 'roundtrip_pong_cmsg' in 'src/roundtrip_test/roundtripPongCmsg'
[2.468s] Level 1:colcon.colcon_core.package_discovery:discover_packages(prefix_path) check parameters
[2.469s] Level 1:colcon.colcon_core.package_discovery:discover_packages(prefix_path) discover
[2.486s] DEBUG:colcon.colcon_installed_package_information.package_discovery:Found 271 installed packages in /opt/ros/humble
[2.501s] Level 1:colcon.colcon_core.package_discovery:discover_packages(prefix_path) using defaults
[2.942s] Level 5:colcon.colcon_core.verb:set package 'roundtrip_msg' build argument 'cmake_args' from command line to 'None'
[2.943s] Level 5:colcon.colcon_core.verb:set package 'roundtrip_msg' build argument 'cmake_target' from command line to 'None'
[2.943s] Level 5:colcon.colcon_core.verb:set package 'roundtrip_msg' build argument 'cmake_target_skip_unavailable' from command line to 'False'
[2.944s] Level 5:colcon.colcon_core.verb:set package 'roundtrip_msg' build argument 'cmake_clean_cache' from command line to 'False'
[2.944s] Level 5:colcon.colcon_core.verb:set package 'roundtrip_msg' build argument 'cmake_clean_first' from command line to 'False'
[2.944s] Level 5:colcon.colcon_core.verb:set package 'roundtrip_msg' build argument 'cmake_force_configure' from command line to 'False'
[2.944s] Level 5:colcon.colcon_core.verb:set package 'roundtrip_msg' build argument 'ament_cmake_args' from command line to 'None'
[2.944s] Level 5:colcon.colcon_core.verb:set package 'roundtrip_msg' build argument 'catkin_cmake_args' from command line to 'None'
[2.945s] Level 5:colcon.colcon_core.verb:set package 'roundtrip_msg' build argument 'catkin_skip_building_tests' from command line to 'False'
[2.945s] DEBUG:colcon.colcon_core.verb:Building package 'roundtrip_msg' with the following arguments: {'ament_cmake_args': None, 'build_base': '/home/bluebox/repos/ros2_roundtrip_ws/build/roundtrip_msg', 'catkin_cmake_args': None, 'catkin_skip_building_tests': False, 'cmake_args': None, 'cmake_clean_cache': False, 'cmake_clean_first': False, 'cmake_force_configure': False, 'cmake_target': None, 'cmake_target_skip_unavailable': False, 'install_base': '/home/bluebox/repos/ros2_roundtrip_ws/install/roundtrip_msg', 'merge_install': False, 'path': '/home/bluebox/repos/ros2_roundtrip_ws/roundtrip_msg', 'symlink_install': False, 'test_result_base': None}
[2.946s] INFO:colcon.colcon_core.executor:Executing jobs using 'parallel' executor
[2.952s] DEBUG:colcon.colcon_parallel_executor.executor.parallel:run_until_complete
[2.954s] INFO:colcon.colcon_ros.task.ament_cmake.build:Building ROS package in '/home/bluebox/repos/ros2_roundtrip_ws/roundtrip_msg' with build type 'ament_cmake'
[2.955s] INFO:colcon.colcon_cmake.task.cmake.build:Building CMake package in '/home/bluebox/repos/ros2_roundtrip_ws/roundtrip_msg'
[2.968s] INFO:colcon.colcon_core.plugin_system:Skipping extension 'colcon_core.shell.bat': Not used on non-Windows systems
[2.970s] INFO:colcon.colcon_core.shell:Skip shell extension 'powershell' for command environment: Not usable outside of PowerShell
[2.970s] DEBUG:colcon.colcon_core.shell:Skip shell extension 'dsv' for command environment
[3.005s] DEBUG:colcon.colcon_core.event_handler.log_command:Invoking command in '/home/bluebox/repos/ros2_roundtrip_ws/build/roundtrip_msg': CMAKE_PREFIX_PATH=/opt/ros/humble /usr/bin/cmake /home/bluebox/repos/ros2_roundtrip_ws/roundtrip_msg -DCMAKE_INSTALL_PREFIX=/home/bluebox/repos/ros2_roundtrip_ws/install/roundtrip_msg
[13.981s] DEBUG:colcon.colcon_core.event_handler.log_command:Invoked command in '/home/bluebox/repos/ros2_roundtrip_ws/build/roundtrip_msg' returned '0': CMAKE_PREFIX_PATH=/opt/ros/humble /usr/bin/cmake /home/bluebox/repos/ros2_roundtrip_ws/roundtrip_msg -DCMAKE_INSTALL_PREFIX=/home/bluebox/repos/ros2_roundtrip_ws/install/roundtrip_msg
[13.995s] DEBUG:colcon.colcon_core.event_handler.log_command:Invoking command in '/home/bluebox/repos/ros2_roundtrip_ws/build/roundtrip_msg': CMAKE_PREFIX_PATH=/opt/ros/humble /usr/bin/cmake --build /home/bluebox/repos/ros2_roundtrip_ws/build/roundtrip_msg -- -j8 -l8
[43.108s] DEBUG:colcon.colcon_core.event_handler.log_command:Invoked command in '/home/bluebox/repos/ros2_roundtrip_ws/build/roundtrip_msg' returned '0': CMAKE_PREFIX_PATH=/opt/ros/humble /usr/bin/cmake --build /home/bluebox/repos/ros2_roundtrip_ws/build/roundtrip_msg -- -j8 -l8
[43.369s] DEBUG:colcon.colcon_core.event_handler.log_command:Invoking command in '/home/bluebox/repos/ros2_roundtrip_ws/build/roundtrip_msg': CMAKE_PREFIX_PATH=/opt/ros/humble /usr/bin/cmake --install /home/bluebox/repos/ros2_roundtrip_ws/build/roundtrip_msg
[43.839s] Level 1:colcon.colcon_core.environment:create_environment_scripts_only(roundtrip_msg)
[43.854s] DEBUG:colcon.colcon_core.event_handler.log_command:Invoked command in '/home/bluebox/repos/ros2_roundtrip_ws/build/roundtrip_msg' returned '0': CMAKE_PREFIX_PATH=/opt/ros/humble /usr/bin/cmake --install /home/bluebox/repos/ros2_roundtrip_ws/build/roundtrip_msg
[43.870s] Level 1:colcon.colcon_core.environment:checking '/home/bluebox/repos/ros2_roundtrip_ws/install/roundtrip_msg' for CMake module files
[43.876s] Level 1:colcon.colcon_core.environment:checking '/home/bluebox/repos/ros2_roundtrip_ws/install/roundtrip_msg' for CMake config files
[43.878s] Level 1:colcon.colcon_core.shell:create_environment_hook('roundtrip_msg', 'cmake_prefix_path')
[43.881s] INFO:colcon.colcon_core.shell:Creating environment hook '/home/bluebox/repos/ros2_roundtrip_ws/install/roundtrip_msg/share/roundtrip_msg/hook/cmake_prefix_path.ps1'
[43.888s] INFO:colcon.colcon_core.shell:Creating environment descriptor '/home/bluebox/repos/ros2_roundtrip_ws/install/roundtrip_msg/share/roundtrip_msg/hook/cmake_prefix_path.dsv'
[43.893s] INFO:colcon.colcon_core.shell:Creating environment hook '/home/bluebox/repos/ros2_roundtrip_ws/install/roundtrip_msg/share/roundtrip_msg/hook/cmake_prefix_path.sh'
[43.901s] Level 1:colcon.colcon_core.environment:checking '/home/bluebox/repos/ros2_roundtrip_ws/install/roundtrip_msg/lib'
[43.903s] Level 1:colcon.colcon_core.shell:create_environment_hook('roundtrip_msg', 'ld_library_path_lib')
[43.905s] INFO:colcon.colcon_core.shell:Creating environment hook '/home/bluebox/repos/ros2_roundtrip_ws/install/roundtrip_msg/share/roundtrip_msg/hook/ld_library_path_lib.ps1'
[43.909s] INFO:colcon.colcon_core.shell:Creating environment descriptor '/home/bluebox/repos/ros2_roundtrip_ws/install/roundtrip_msg/share/roundtrip_msg/hook/ld_library_path_lib.dsv'
[43.911s] INFO:colcon.colcon_core.shell:Creating environment hook '/home/bluebox/repos/ros2_roundtrip_ws/install/roundtrip_msg/share/roundtrip_msg/hook/ld_library_path_lib.sh'
[43.915s] Level 1:colcon.colcon_core.environment:checking '/home/bluebox/repos/ros2_roundtrip_ws/install/roundtrip_msg/bin'
[43.916s] Level 1:colcon.colcon_core.environment:checking '/home/bluebox/repos/ros2_roundtrip_ws/install/roundtrip_msg/lib/pkgconfig/roundtrip_msg.pc'
[43.918s] Level 1:colcon.colcon_core.environment:checking '/home/bluebox/repos/ros2_roundtrip_ws/install/roundtrip_msg/lib/python3.10/site-packages'
[43.920s] Level 1:colcon.colcon_core.environment:checking '/home/bluebox/repos/ros2_roundtrip_ws/install/roundtrip_msg/bin'
[43.924s] INFO:colcon.colcon_core.shell:Creating package script '/home/bluebox/repos/ros2_roundtrip_ws/install/roundtrip_msg/share/roundtrip_msg/package.ps1'
[43.931s] INFO:colcon.colcon_core.shell:Creating package descriptor '/home/bluebox/repos/ros2_roundtrip_ws/install/roundtrip_msg/share/roundtrip_msg/package.dsv'
[43.937s] INFO:colcon.colcon_core.shell:Creating package script '/home/bluebox/repos/ros2_roundtrip_ws/install/roundtrip_msg/share/roundtrip_msg/package.sh'
[43.944s] INFO:colcon.colcon_core.shell:Creating package script '/home/bluebox/repos/ros2_roundtrip_ws/install/roundtrip_msg/share/roundtrip_msg/package.bash'
[43.951s] INFO:colcon.colcon_core.shell:Creating package script '/home/bluebox/repos/ros2_roundtrip_ws/install/roundtrip_msg/share/roundtrip_msg/package.zsh'
[43.958s] Level 1:colcon.colcon_core.environment:create_file_with_runtime_dependencies(/home/bluebox/repos/ros2_roundtrip_ws/install/roundtrip_msg/share/colcon-core/packages/roundtrip_msg)
[44.254s] Level 1:colcon.colcon_core.environment:create_environment_scripts_only(roundtrip_msg)
[44.257s] Level 1:colcon.colcon_core.environment:checking '/home/bluebox/repos/ros2_roundtrip_ws/install/roundtrip_msg' for CMake module files
[44.263s] Level 1:colcon.colcon_core.environment:checking '/home/bluebox/repos/ros2_roundtrip_ws/install/roundtrip_msg' for CMake config files
[44.265s] Level 1:colcon.colcon_core.shell:create_environment_hook('roundtrip_msg', 'cmake_prefix_path')
[44.267s] INFO:colcon.colcon_core.shell:Creating environment hook '/home/bluebox/repos/ros2_roundtrip_ws/install/roundtrip_msg/share/roundtrip_msg/hook/cmake_prefix_path.ps1'
[44.271s] INFO:colcon.colcon_core.shell:Creating environment descriptor '/home/bluebox/repos/ros2_roundtrip_ws/install/roundtrip_msg/share/roundtrip_msg/hook/cmake_prefix_path.dsv'
[44.274s] INFO:colcon.colcon_core.shell:Creating environment hook '/home/bluebox/repos/ros2_roundtrip_ws/install/roundtrip_msg/share/roundtrip_msg/hook/cmake_prefix_path.sh'
[44.279s] Level 1:colcon.colcon_core.environment:checking '/home/bluebox/repos/ros2_roundtrip_ws/install/roundtrip_msg/lib'
[44.280s] Level 1:colcon.colcon_core.shell:create_environment_hook('roundtrip_msg', 'ld_library_path_lib')
[44.282s] INFO:colcon.colcon_core.shell:Creating environment hook '/home/bluebox/repos/ros2_roundtrip_ws/install/roundtrip_msg/share/roundtrip_msg/hook/ld_library_path_lib.ps1'
[44.285s] INFO:colcon.colcon_core.shell:Creating environment descriptor '/home/bluebox/repos/ros2_roundtrip_ws/install/roundtrip_msg/share/roundtrip_msg/hook/ld_library_path_lib.dsv'
[44.288s] INFO:colcon.colcon_core.shell:Creating environment hook '/home/bluebox/repos/ros2_roundtrip_ws/install/roundtrip_msg/share/roundtrip_msg/hook/ld_library_path_lib.sh'
[44.292s] Level 1:colcon.colcon_core.environment:checking '/home/bluebox/repos/ros2_roundtrip_ws/install/roundtrip_msg/bin'
[44.293s] Level 1:colcon.colcon_core.environment:checking '/home/bluebox/repos/ros2_roundtrip_ws/install/roundtrip_msg/lib/pkgconfig/roundtrip_msg.pc'
[44.295s] Level 1:colcon.colcon_core.environment:checking '/home/bluebox/repos/ros2_roundtrip_ws/install/roundtrip_msg/lib/python3.10/site-packages'
[44.297s] Level 1:colcon.colcon_core.environment:checking '/home/bluebox/repos/ros2_roundtrip_ws/install/roundtrip_msg/bin'
[44.301s] INFO:colcon.colcon_core.shell:Creating package script '/home/bluebox/repos/ros2_roundtrip_ws/install/roundtrip_msg/share/roundtrip_msg/package.ps1'
[44.307s] INFO:colcon.colcon_core.shell:Creating package descriptor '/home/bluebox/repos/ros2_roundtrip_ws/install/roundtrip_msg/share/roundtrip_msg/package.dsv'
[44.312s] INFO:colcon.colcon_core.shell:Creating package script '/home/bluebox/repos/ros2_roundtrip_ws/install/roundtrip_msg/share/roundtrip_msg/package.sh'
[44.316s] INFO:colcon.colcon_core.shell:Creating package script '/home/bluebox/repos/ros2_roundtrip_ws/install/roundtrip_msg/share/roundtrip_msg/package.bash'
[44.320s] INFO:colcon.colcon_core.shell:Creating package script '/home/bluebox/repos/ros2_roundtrip_ws/install/roundtrip_msg/share/roundtrip_msg/package.zsh'
[44.324s] Level 1:colcon.colcon_core.environment:create_file_with_runtime_dependencies(/home/bluebox/repos/ros2_roundtrip_ws/install/roundtrip_msg/share/colcon-core/packages/roundtrip_msg)
[44.327s] DEBUG:colcon.colcon_parallel_executor.executor.parallel:closing loop
[44.330s] DEBUG:colcon.colcon_parallel_executor.executor.parallel:loop closed
[44.333s] DEBUG:colcon.colcon_parallel_executor.executor.parallel:run_until_complete finished with '0'
[44.334s] DEBUG:colcon.colcon_core.event_reactor:joining thread
[44.372s] INFO:colcon.colcon_core.plugin_system:Skipping extension 'colcon_notification.desktop_notification.terminal_notifier': Not used on non-Darwin systems
[44.373s] INFO:colcon.colcon_core.plugin_system:Skipping extension 'colcon_notification.desktop_notification.win32': Not used on non-Windows systems
[44.374s] INFO:colcon.colcon_notification.desktop_notification:Sending desktop notification using 'notify2'
[69.382s] DEBUG:colcon.colcon_notification.desktop_notification.notify2:Failed to initialize notify2: org.freedesktop.DBus.Error.NoReply: Did not receive a reply. Possible causes include: the remote application did not send a reply, the message bus security policy blocked the reply, the reply timeout expired, or the network connection was broken.
[69.383s] DEBUG:colcon.colcon_core.event_reactor:joined thread
[69.385s] INFO:colcon.colcon_core.shell:Creating prefix script '/home/bluebox/repos/ros2_roundtrip_ws/install/local_setup.ps1'
[69.393s] INFO:colcon.colcon_core.shell:Creating prefix util module '/home/bluebox/repos/ros2_roundtrip_ws/install/_local_setup_util_ps1.py'
[69.405s] INFO:colcon.colcon_core.shell:Creating prefix chain script '/home/bluebox/repos/ros2_roundtrip_ws/install/setup.ps1'
[69.412s] INFO:colcon.colcon_core.shell:Creating prefix script '/home/bluebox/repos/ros2_roundtrip_ws/install/local_setup.sh'
[69.417s] INFO:colcon.colcon_core.shell:Creating prefix util module '/home/bluebox/repos/ros2_roundtrip_ws/install/_local_setup_util_sh.py'
[69.421s] INFO:colcon.colcon_core.shell:Creating prefix chain script '/home/bluebox/repos/ros2_roundtrip_ws/install/setup.sh'
[69.430s] INFO:colcon.colcon_core.shell:Creating prefix script '/home/bluebox/repos/ros2_roundtrip_ws/install/local_setup.bash'
[69.434s] INFO:colcon.colcon_core.shell:Creating prefix chain script '/home/bluebox/repos/ros2_roundtrip_ws/install/setup.bash'
[69.442s] INFO:colcon.colcon_core.shell:Creating prefix script '/home/bluebox/repos/ros2_roundtrip_ws/install/local_setup.zsh'
[69.446s] INFO:colcon.colcon_core.shell:Creating prefix chain script '/home/bluebox/repos/ros2_roundtrip_ws/install/setup.zsh'
