[0.058s] Invoking command in '/home/bluebox/repos/ros2_roundtrip_ws/build/roundtrip_ping_cmsg': AMENT_PREFIX_PATH=/home/bluebox/repos/ros2_roundtrip_ws/install/roundtrip_msg:${AMENT_PREFIX_PATH} CMAKE_PREFIX_PATH=/home/bluebox/repos/ros2_roundtrip_ws/install/roundtrip_msg:/opt/ros/humble LD_LIBRARY_PATH=/home/bluebox/repos/ros2_roundtrip_ws/install/roundtrip_msg/lib:${LD_LIBRARY_PATH} PYTHONPATH=/home/bluebox/repos/ros2_roundtrip_ws/install/roundtrip_msg/local/lib/python3.10/dist-packages:${PYTHONPATH} /usr/bin/cmake /home/bluebox/repos/ros2_roundtrip_ws/src/roundtrip_test/roundtripPingCmsg -DCMAKE_INSTALL_PREFIX=/home/bluebox/repos/ros2_roundtrip_ws/install/roundtrip_ping_cmsg
[0.467s] -- The C compiler identification is GNU 11.4.0
[0.897s] -- The CXX compiler identification is GNU 11.4.0
[0.937s] -- Detecting C compiler ABI info
[1.411s] -- Detecting C compiler ABI info - done
[1.477s] -- Check for working C compiler: /usr/bin/cc - skipped
[1.478s] -- Detecting C compile features
[1.482s] -- Detecting C compile features - done
[1.504s] -- Detecting CXX compiler ABI info
[2.263s] -- Detecting CXX compiler ABI info - done
[2.424s] -- Check for working CXX compiler: /usr/bin/c++ - skipped
[2.431s] -- Detecting CXX compile features
[2.441s] -- Detecting CXX compile features - done
[2.477s] -- Found ament_cmake: 1.3.9 (/opt/ros/humble/share/ament_cmake/cmake)
[3.966s] -- Found Python3: /usr/bin/python3 (found version "3.10.12") found components: Interpreter 
[4.678s] -- Found rclcpp: 16.0.9 (/opt/ros/humble/share/rclcpp/cmake)
[5.210s] -- Found rosidl_generator_c: 3.1.5 (/opt/ros/humble/share/rosidl_generator_c/cmake)
[5.279s] -- Found rosidl_adapter: 3.1.5 (/opt/ros/humble/share/rosidl_adapter/cmake)
[5.403s] -- Found rosidl_generator_cpp: 3.1.5 (/opt/ros/humble/share/rosidl_generator_cpp/cmake)
[5.636s] -- Using all available rosidl_typesupport_c: rosidl_typesupport_fastrtps_c;rosidl_typesupport_introspection_c
[5.861s] -- Using all available rosidl_typesupport_cpp: rosidl_typesupport_fastrtps_cpp;rosidl_typesupport_introspection_cpp
[6.407s] -- Found rmw_implementation_cmake: 6.1.2 (/opt/ros/humble/share/rmw_implementation_cmake/cmake)
[6.424s] -- Found rmw_cyclonedds_cpp: 1.3.4 (/opt/ros/humble/share/rmw_cyclonedds_cpp/cmake)
[6.677s] -- Using RMW implementation 'rmw_cyclonedds_cpp' as default
[6.737s] -- Looking for pthread.h
[7.227s] -- Looking for pthread.h - found
[7.227s] -- Performing Test CMAKE_HAVE_LIBC_PTHREAD
[7.705s] -- Performing Test CMAKE_HAVE_LIBC_PTHREAD - Success
[7.712s] -- Found Threads: TRUE  
[9.589s] -- Found roundtrip_msg: 0.0.0 (/home/bluebox/repos/ros2_roundtrip_ws/install/roundtrip_msg/share/roundtrip_msg/cmake)
[9.716s] -- Found ament_lint_auto: 0.12.11 (/opt/ros/humble/share/ament_lint_auto/cmake)
[10.373s] -- Added test 'cppcheck' to perform static code analysis on C / C++ code
[10.376s] -- Configured cppcheck include dirs: /home/bluebox/repos/ros2_roundtrip_ws/src/roundtrip_test/roundtripPingCmsg/include
[10.377s] -- Configured cppcheck exclude dirs and/or files: 
[10.384s] -- Added test 'lint_cmake' to check CMake code style
[10.388s] -- Added test 'uncrustify' to check C / C++ code style
[10.389s] -- Configured uncrustify additional arguments: 
[10.392s] -- Added test 'xmllint' to check XML markup files
[10.403s] -- Configuring done
[10.466s] -- Generating done
[10.478s] -- Build files have been written to: /home/bluebox/repos/ros2_roundtrip_ws/build/roundtrip_ping_cmsg
[10.579s] Invoked command in '/home/bluebox/repos/ros2_roundtrip_ws/build/roundtrip_ping_cmsg' returned '0': AMENT_PREFIX_PATH=/home/bluebox/repos/ros2_roundtrip_ws/install/roundtrip_msg:${AMENT_PREFIX_PATH} CMAKE_PREFIX_PATH=/home/bluebox/repos/ros2_roundtrip_ws/install/roundtrip_msg:/opt/ros/humble LD_LIBRARY_PATH=/home/bluebox/repos/ros2_roundtrip_ws/install/roundtrip_msg/lib:${LD_LIBRARY_PATH} PYTHONPATH=/home/bluebox/repos/ros2_roundtrip_ws/install/roundtrip_msg/local/lib/python3.10/dist-packages:${PYTHONPATH} /usr/bin/cmake /home/bluebox/repos/ros2_roundtrip_ws/src/roundtrip_test/roundtripPingCmsg -DCMAKE_INSTALL_PREFIX=/home/bluebox/repos/ros2_roundtrip_ws/install/roundtrip_ping_cmsg
[10.586s] Invoking command in '/home/bluebox/repos/ros2_roundtrip_ws/build/roundtrip_ping_cmsg': AMENT_PREFIX_PATH=/home/bluebox/repos/ros2_roundtrip_ws/install/roundtrip_msg:${AMENT_PREFIX_PATH} CMAKE_PREFIX_PATH=/home/bluebox/repos/ros2_roundtrip_ws/install/roundtrip_msg:/opt/ros/humble LD_LIBRARY_PATH=/home/bluebox/repos/ros2_roundtrip_ws/install/roundtrip_msg/lib:${LD_LIBRARY_PATH} PYTHONPATH=/home/bluebox/repos/ros2_roundtrip_ws/install/roundtrip_msg/local/lib/python3.10/dist-packages:${PYTHONPATH} /usr/bin/cmake --build /home/bluebox/repos/ros2_roundtrip_ws/build/roundtrip_ping_cmsg -- -j8 -l8
[10.860s] [ 50%] [32mBuilding CXX object CMakeFiles/roundtripPing_node.dir/src/roundtripPing.cpp.o[0m
[128.537s] [100%] [32m[1mLinking CXX executable roundtripPing_node[0m
[129.910s] [100%] Built target roundtripPing_node
[129.965s] Invoked command in '/home/bluebox/repos/ros2_roundtrip_ws/build/roundtrip_ping_cmsg' returned '0': AMENT_PREFIX_PATH=/home/bluebox/repos/ros2_roundtrip_ws/install/roundtrip_msg:${AMENT_PREFIX_PATH} CMAKE_PREFIX_PATH=/home/bluebox/repos/ros2_roundtrip_ws/install/roundtrip_msg:/opt/ros/humble LD_LIBRARY_PATH=/home/bluebox/repos/ros2_roundtrip_ws/install/roundtrip_msg/lib:${LD_LIBRARY_PATH} PYTHONPATH=/home/bluebox/repos/ros2_roundtrip_ws/install/roundtrip_msg/local/lib/python3.10/dist-packages:${PYTHONPATH} /usr/bin/cmake --build /home/bluebox/repos/ros2_roundtrip_ws/build/roundtrip_ping_cmsg -- -j8 -l8
[130.072s] Invoking command in '/home/bluebox/repos/ros2_roundtrip_ws/build/roundtrip_ping_cmsg': AMENT_PREFIX_PATH=/home/bluebox/repos/ros2_roundtrip_ws/install/roundtrip_msg:${AMENT_PREFIX_PATH} CMAKE_PREFIX_PATH=/home/bluebox/repos/ros2_roundtrip_ws/install/roundtrip_msg:/opt/ros/humble LD_LIBRARY_PATH=/home/bluebox/repos/ros2_roundtrip_ws/install/roundtrip_msg/lib:${LD_LIBRARY_PATH} PYTHONPATH=/home/bluebox/repos/ros2_roundtrip_ws/install/roundtrip_msg/local/lib/python3.10/dist-packages:${PYTHONPATH} /usr/bin/cmake --install /home/bluebox/repos/ros2_roundtrip_ws/build/roundtrip_ping_cmsg
[130.107s] -- Install configuration: ""
[130.108s] -- Installing: /home/bluebox/repos/ros2_roundtrip_ws/install/roundtrip_ping_cmsg/lib/roundtrip_ping_cmsg/roundtripPing_node
[130.115s] -- Set runtime path of "/home/bluebox/repos/ros2_roundtrip_ws/install/roundtrip_ping_cmsg/lib/roundtrip_ping_cmsg/roundtripPing_node" to ""
[130.116s] -- Installing: /home/bluebox/repos/ros2_roundtrip_ws/install/roundtrip_ping_cmsg/share/ament_index/resource_index/package_run_dependencies/roundtrip_ping_cmsg
[130.117s] -- Installing: /home/bluebox/repos/ros2_roundtrip_ws/install/roundtrip_ping_cmsg/share/ament_index/resource_index/parent_prefix_path/roundtrip_ping_cmsg
[130.118s] -- Installing: /home/bluebox/repos/ros2_roundtrip_ws/install/roundtrip_ping_cmsg/share/roundtrip_ping_cmsg/environment/ament_prefix_path.sh
[130.119s] -- Installing: /home/bluebox/repos/ros2_roundtrip_ws/install/roundtrip_ping_cmsg/share/roundtrip_ping_cmsg/environment/ament_prefix_path.dsv
[130.120s] -- Installing: /home/bluebox/repos/ros2_roundtrip_ws/install/roundtrip_ping_cmsg/share/roundtrip_ping_cmsg/environment/path.sh
[130.121s] -- Installing: /home/bluebox/repos/ros2_roundtrip_ws/install/roundtrip_ping_cmsg/share/roundtrip_ping_cmsg/environment/path.dsv
[130.122s] -- Installing: /home/bluebox/repos/ros2_roundtrip_ws/install/roundtrip_ping_cmsg/share/roundtrip_ping_cmsg/local_setup.bash
[130.122s] -- Installing: /home/bluebox/repos/ros2_roundtrip_ws/install/roundtrip_ping_cmsg/share/roundtrip_ping_cmsg/local_setup.sh
[130.124s] -- Installing: /home/bluebox/repos/ros2_roundtrip_ws/install/roundtrip_ping_cmsg/share/roundtrip_ping_cmsg/local_setup.zsh
[130.126s] -- Installing: /home/bluebox/repos/ros2_roundtrip_ws/install/roundtrip_ping_cmsg/share/roundtrip_ping_cmsg/local_setup.dsv
[130.127s] -- Installing: /home/bluebox/repos/ros2_roundtrip_ws/install/roundtrip_ping_cmsg/share/roundtrip_ping_cmsg/package.dsv
[130.128s] -- Installing: /home/bluebox/repos/ros2_roundtrip_ws/install/roundtrip_ping_cmsg/share/ament_index/resource_index/packages/roundtrip_ping_cmsg
[130.128s] -- Installing: /home/bluebox/repos/ros2_roundtrip_ws/install/roundtrip_ping_cmsg/share/roundtrip_ping_cmsg/cmake/roundtrip_ping_cmsgConfig.cmake
[130.129s] -- Installing: /home/bluebox/repos/ros2_roundtrip_ws/install/roundtrip_ping_cmsg/share/roundtrip_ping_cmsg/cmake/roundtrip_ping_cmsgConfig-version.cmake
[130.130s] -- Installing: /home/bluebox/repos/ros2_roundtrip_ws/install/roundtrip_ping_cmsg/share/roundtrip_ping_cmsg/package.xml
[130.142s] Invoked command in '/home/bluebox/repos/ros2_roundtrip_ws/build/roundtrip_ping_cmsg' returned '0': AMENT_PREFIX_PATH=/home/bluebox/repos/ros2_roundtrip_ws/install/roundtrip_msg:${AMENT_PREFIX_PATH} CMAKE_PREFIX_PATH=/home/bluebox/repos/ros2_roundtrip_ws/install/roundtrip_msg:/opt/ros/humble LD_LIBRARY_PATH=/home/bluebox/repos/ros2_roundtrip_ws/install/roundtrip_msg/lib:${LD_LIBRARY_PATH} PYTHONPATH=/home/bluebox/repos/ros2_roundtrip_ws/install/roundtrip_msg/local/lib/python3.10/dist-packages:${PYTHONPATH} /usr/bin/cmake --install /home/bluebox/repos/ros2_roundtrip_ws/build/roundtrip_ping_cmsg
