[1.156s] DEBUG:colcon:Command line arguments: ['/usr/bin/colcon', 'build', '--packages-select', 'roundtrip_msg']
[1.157s] DEBUG:colcon:Parsed command line arguments: Namespace(log_base=None, log_level=None, verb_name='build', build_base='build', install_base='install', merge_install=False, symlink_install=False, test_result_base=None, continue_on_error=False, executor='parallel', parallel_workers=8, event_handlers=None, ignore_user_meta=False, metas=['./colcon.meta'], base_paths=['.'], packages_ignore=None, packages_ignore_regex=None, paths=None, packages_up_to=None, packages_up_to_regex=None, packages_above=None, packages_above_and_dependencies=None, packages_above_depth=None, packages_select_by_dep=None, packages_skip_by_dep=None, packages_skip_up_to=None, packages_select_build_failed=False, packages_skip_build_finished=False, packages_select_test_failures=False, packages_skip_test_passed=False, packages_select=['roundtrip_msg'], packages_skip=None, packages_select_regex=None, packages_skip_regex=None, packages_start=None, packages_end=None, allow_overriding=[], cmake_args=None, cmake_target=None, cmake_target_skip_unavailable=False, cmake_clean_cache=False, cmake_clean_first=False, cmake_force_configure=False, ament_cmake_args=None, catkin_cmake_args=None, catkin_skip_building_tests=False, mixin_files=None, mixin=None, verb_parser=<colcon_mixin.mixin.mixin_argument.MixinArgumentDecorator object at 0x7f89e71570>, verb_extension=<colcon_core.verb.build.BuildVerb object at 0x7f89e70f70>, main=<bound method BuildVerb.main of <colcon_core.verb.build.BuildVerb object at 0x7f89e70f70>>, mixin_verb=('build',))
[2.670s] Level 1:colcon.colcon_core.package_discovery:discover_packages(colcon_meta) check parameters
[2.671s] Level 1:colcon.colcon_core.package_discovery:discover_packages(recursive) check parameters
[2.671s] Level 1:colcon.colcon_core.package_discovery:discover_packages(ignore) check parameters
[2.672s] Level 1:colcon.colcon_core.package_discovery:discover_packages(path) check parameters
[2.672s] Level 1:colcon.colcon_core.package_discovery:discover_packages(colcon_meta) discover
[2.672s] Level 1:colcon.colcon_core.package_discovery:discover_packages(recursive) discover
[2.672s] INFO:colcon.colcon_core.package_discovery:Crawling recursively for packages in '/home/bluebox/repos/ros2_roundtrip_ws'
[2.673s] Level 1:colcon.colcon_core.package_identification:_identify(.) by extensions ['ignore', 'ignore_ament_install']
[2.674s] Level 1:colcon.colcon_core.package_identification:_identify(.) by extension 'ignore'
[2.674s] Level 1:colcon.colcon_core.package_identification:_identify(.) by extension 'ignore_ament_install'
[2.674s] Level 1:colcon.colcon_core.package_identification:_identify(.) by extensions ['colcon_pkg']
[2.675s] Level 1:colcon.colcon_core.package_identification:_identify(.) by extension 'colcon_pkg'
[2.675s] Level 1:colcon.colcon_core.package_identification:_identify(.) by extensions ['colcon_meta']
[2.675s] Level 1:colcon.colcon_core.package_identification:_identify(.) by extension 'colcon_meta'
[2.675s] Level 1:colcon.colcon_core.package_identification:_identify(.) by extensions ['ros']
[2.676s] Level 1:colcon.colcon_core.package_identification:_identify(.) by extension 'ros'
[2.788s] Level 1:colcon.colcon_core.package_identification:_identify(.) by extensions ['cmake', 'python']
[2.788s] Level 1:colcon.colcon_core.package_identification:_identify(.) by extension 'cmake'
[2.789s] Level 1:colcon.colcon_core.package_identification:_identify(.) by extension 'python'
[2.789s] Level 1:colcon.colcon_core.package_identification:_identify(.) by extensions ['python_setup_py']
[2.789s] Level 1:colcon.colcon_core.package_identification:_identify(.) by extension 'python_setup_py'
[2.790s] Level 1:colcon.colcon_core.package_identification:_identify(build) by extensions ['ignore', 'ignore_ament_install']
[2.791s] Level 1:colcon.colcon_core.package_identification:_identify(build) by extension 'ignore'
[2.791s] Level 1:colcon.colcon_core.package_identification:_identify(build) ignored
[2.792s] Level 1:colcon.colcon_core.package_identification:_identify(install) by extensions ['ignore', 'ignore_ament_install']
[2.792s] Level 1:colcon.colcon_core.package_identification:_identify(install) by extension 'ignore'
[2.793s] Level 1:colcon.colcon_core.package_identification:_identify(install) ignored
[2.794s] Level 1:colcon.colcon_core.package_identification:_identify(lib) by extensions ['ignore', 'ignore_ament_install']
[2.794s] Level 1:colcon.colcon_core.package_identification:_identify(lib) by extension 'ignore'
[2.795s] Level 1:colcon.colcon_core.package_identification:_identify(lib) by extension 'ignore_ament_install'
[2.795s] Level 1:colcon.colcon_core.package_identification:_identify(lib) by extensions ['colcon_pkg']
[2.795s] Level 1:colcon.colcon_core.package_identification:_identify(lib) by extension 'colcon_pkg'
[2.795s] Level 1:colcon.colcon_core.package_identification:_identify(lib) by extensions ['colcon_meta']
[2.796s] Level 1:colcon.colcon_core.package_identification:_identify(lib) by extension 'colcon_meta'
[2.796s] Level 1:colcon.colcon_core.package_identification:_identify(lib) by extensions ['ros']
[2.796s] Level 1:colcon.colcon_core.package_identification:_identify(lib) by extension 'ros'
[2.797s] Level 1:colcon.colcon_core.package_identification:_identify(lib) by extensions ['cmake', 'python']
[2.797s] Level 1:colcon.colcon_core.package_identification:_identify(lib) by extension 'cmake'
[2.797s] Level 1:colcon.colcon_core.package_identification:_identify(lib) by extension 'python'
[2.798s] Level 1:colcon.colcon_core.package_identification:_identify(lib) by extensions ['python_setup_py']
[2.798s] Level 1:colcon.colcon_core.package_identification:_identify(lib) by extension 'python_setup_py'
[2.798s] Level 1:colcon.colcon_core.package_identification:_identify(lib/data_collector) by extensions ['ignore', 'ignore_ament_install']
[2.799s] Level 1:colcon.colcon_core.package_identification:_identify(lib/data_collector) by extension 'ignore'
[2.799s] Level 1:colcon.colcon_core.package_identification:_identify(lib/data_collector) by extension 'ignore_ament_install'
[2.800s] Level 1:colcon.colcon_core.package_identification:_identify(lib/data_collector) by extensions ['colcon_pkg']
[2.800s] Level 1:colcon.colcon_core.package_identification:_identify(lib/data_collector) by extension 'colcon_pkg'
[2.800s] Level 1:colcon.colcon_core.package_identification:_identify(lib/data_collector) by extensions ['colcon_meta']
[2.800s] Level 1:colcon.colcon_core.package_identification:_identify(lib/data_collector) by extension 'colcon_meta'
[2.801s] Level 1:colcon.colcon_core.package_identification:_identify(lib/data_collector) by extensions ['ros']
[2.801s] Level 1:colcon.colcon_core.package_identification:_identify(lib/data_collector) by extension 'ros'
[2.802s] Level 1:colcon.colcon_core.package_identification:_identify(lib/data_collector) by extensions ['cmake', 'python']
[2.802s] Level 1:colcon.colcon_core.package_identification:_identify(lib/data_collector) by extension 'cmake'
[2.802s] Level 1:colcon.colcon_core.package_identification:_identify(lib/data_collector) by extension 'python'
[2.802s] Level 1:colcon.colcon_core.package_identification:_identify(lib/data_collector) by extensions ['python_setup_py']
[2.803s] Level 1:colcon.colcon_core.package_identification:_identify(lib/data_collector) by extension 'python_setup_py'
[2.803s] Level 1:colcon.colcon_core.package_identification:_identify(log) by extensions ['ignore', 'ignore_ament_install']
[2.804s] Level 1:colcon.colcon_core.package_identification:_identify(log) by extension 'ignore'
[2.804s] Level 1:colcon.colcon_core.package_identification:_identify(log) ignored
[2.804s] Level 1:colcon.colcon_core.package_identification:_identify(measurement) by extensions ['ignore', 'ignore_ament_install']
[2.805s] Level 1:colcon.colcon_core.package_identification:_identify(measurement) by extension 'ignore'
[2.805s] Level 1:colcon.colcon_core.package_identification:_identify(measurement) by extension 'ignore_ament_install'
[2.806s] Level 1:colcon.colcon_core.package_identification:_identify(measurement) by extensions ['colcon_pkg']
[2.806s] Level 1:colcon.colcon_core.package_identification:_identify(measurement) by extension 'colcon_pkg'
[2.806s] Level 1:colcon.colcon_core.package_identification:_identify(measurement) by extensions ['colcon_meta']
[2.806s] Level 1:colcon.colcon_core.package_identification:_identify(measurement) by extension 'colcon_meta'
[2.807s] Level 1:colcon.colcon_core.package_identification:_identify(measurement) by extensions ['ros']
[2.807s] Level 1:colcon.colcon_core.package_identification:_identify(measurement) by extension 'ros'
[2.807s] Level 1:colcon.colcon_core.package_identification:_identify(measurement) by extensions ['cmake', 'python']
[2.808s] Level 1:colcon.colcon_core.package_identification:_identify(measurement) by extension 'cmake'
[2.808s] Level 1:colcon.colcon_core.package_identification:_identify(measurement) by extension 'python'
[2.808s] Level 1:colcon.colcon_core.package_identification:_identify(measurement) by extensions ['python_setup_py']
[2.808s] Level 1:colcon.colcon_core.package_identification:_identify(measurement) by extension 'python_setup_py'
[2.809s] Level 1:colcon.colcon_core.package_identification:_identify(roundtrip_msg) by extensions ['ignore', 'ignore_ament_install']
[2.810s] Level 1:colcon.colcon_core.package_identification:_identify(roundtrip_msg) by extension 'ignore'
[2.810s] Level 1:colcon.colcon_core.package_identification:_identify(roundtrip_msg) by extension 'ignore_ament_install'
[2.810s] Level 1:colcon.colcon_core.package_identification:_identify(roundtrip_msg) by extensions ['colcon_pkg']
[2.810s] Level 1:colcon.colcon_core.package_identification:_identify(roundtrip_msg) by extension 'colcon_pkg'
[2.811s] Level 1:colcon.colcon_core.package_identification:_identify(roundtrip_msg) by extensions ['colcon_meta']
[2.811s] Level 1:colcon.colcon_core.package_identification:_identify(roundtrip_msg) by extension 'colcon_meta'
[2.811s] Level 1:colcon.colcon_core.package_identification:_identify(roundtrip_msg) by extensions ['ros']
[2.811s] Level 1:colcon.colcon_core.package_identification:_identify(roundtrip_msg) by extension 'ros'
[2.831s] DEBUG:colcon.colcon_core.package_identification:Package 'roundtrip_msg' with type 'ros.ament_cmake' and name 'roundtrip_msg'
[2.832s] Level 1:colcon.colcon_core.package_identification:_identify(src) by extensions ['ignore', 'ignore_ament_install']
[2.832s] Level 1:colcon.colcon_core.package_identification:_identify(src) by extension 'ignore'
[2.833s] Level 1:colcon.colcon_core.package_identification:_identify(src) by extension 'ignore_ament_install'
[2.833s] Level 1:colcon.colcon_core.package_identification:_identify(src) by extensions ['colcon_pkg']
[2.833s] Level 1:colcon.colcon_core.package_identification:_identify(src) by extension 'colcon_pkg'
[2.834s] Level 1:colcon.colcon_core.package_identification:_identify(src) by extensions ['colcon_meta']
[2.834s] Level 1:colcon.colcon_core.package_identification:_identify(src) by extension 'colcon_meta'
[2.834s] Level 1:colcon.colcon_core.package_identification:_identify(src) by extensions ['ros']
[2.834s] Level 1:colcon.colcon_core.package_identification:_identify(src) by extension 'ros'
[2.835s] Level 1:colcon.colcon_core.package_identification:_identify(src) by extensions ['cmake', 'python']
[2.835s] Level 1:colcon.colcon_core.package_identification:_identify(src) by extension 'cmake'
[2.835s] Level 1:colcon.colcon_core.package_identification:_identify(src) by extension 'python'
[2.836s] Level 1:colcon.colcon_core.package_identification:_identify(src) by extensions ['python_setup_py']
[2.836s] Level 1:colcon.colcon_core.package_identification:_identify(src) by extension 'python_setup_py'
[2.837s] Level 1:colcon.colcon_core.package_identification:_identify(src/roundtrip_test) by extensions ['ignore', 'ignore_ament_install']
[2.837s] Level 1:colcon.colcon_core.package_identification:_identify(src/roundtrip_test) by extension 'ignore'
[2.837s] Level 1:colcon.colcon_core.package_identification:_identify(src/roundtrip_test) by extension 'ignore_ament_install'
[2.838s] Level 1:colcon.colcon_core.package_identification:_identify(src/roundtrip_test) by extensions ['colcon_pkg']
[2.838s] Level 1:colcon.colcon_core.package_identification:_identify(src/roundtrip_test) by extension 'colcon_pkg'
[2.838s] Level 1:colcon.colcon_core.package_identification:_identify(src/roundtrip_test) by extensions ['colcon_meta']
[2.839s] Level 1:colcon.colcon_core.package_identification:_identify(src/roundtrip_test) by extension 'colcon_meta'
[2.839s] Level 1:colcon.colcon_core.package_identification:_identify(src/roundtrip_test) by extensions ['ros']
[2.839s] Level 1:colcon.colcon_core.package_identification:_identify(src/roundtrip_test) by extension 'ros'
[2.840s] Level 1:colcon.colcon_core.package_identification:_identify(src/roundtrip_test) by extensions ['cmake', 'python']
[2.840s] Level 1:colcon.colcon_core.package_identification:_identify(src/roundtrip_test) by extension 'cmake'
[2.840s] Level 1:colcon.colcon_core.package_identification:_identify(src/roundtrip_test) by extension 'python'
[2.841s] Level 1:colcon.colcon_core.package_identification:_identify(src/roundtrip_test) by extensions ['python_setup_py']
[2.841s] Level 1:colcon.colcon_core.package_identification:_identify(src/roundtrip_test) by extension 'python_setup_py'
[2.841s] Level 1:colcon.colcon_core.package_identification:_identify(src/roundtrip_test/roundtripPingCmsg) by extensions ['ignore', 'ignore_ament_install']
[2.842s] Level 1:colcon.colcon_core.package_identification:_identify(src/roundtrip_test/roundtripPingCmsg) by extension 'ignore'
[2.842s] Level 1:colcon.colcon_core.package_identification:_identify(src/roundtrip_test/roundtripPingCmsg) by extension 'ignore_ament_install'
[2.843s] Level 1:colcon.colcon_core.package_identification:_identify(src/roundtrip_test/roundtripPingCmsg) by extensions ['colcon_pkg']
[2.843s] Level 1:colcon.colcon_core.package_identification:_identify(src/roundtrip_test/roundtripPingCmsg) by extension 'colcon_pkg'
[2.843s] Level 1:colcon.colcon_core.package_identification:_identify(src/roundtrip_test/roundtripPingCmsg) by extensions ['colcon_meta']
[2.843s] Level 1:colcon.colcon_core.package_identification:_identify(src/roundtrip_test/roundtripPingCmsg) by extension 'colcon_meta'
[2.844s] Level 1:colcon.colcon_core.package_identification:_identify(src/roundtrip_test/roundtripPingCmsg) by extensions ['ros']
[2.844s] Level 1:colcon.colcon_core.package_identification:_identify(src/roundtrip_test/roundtripPingCmsg) by extension 'ros'
[2.849s] DEBUG:colcon.colcon_core.package_identification:Package 'src/roundtrip_test/roundtripPingCmsg' with type 'ros.ament_cmake' and name 'roundtrip_ping_cmsg'
[2.850s] Level 1:colcon.colcon_core.package_identification:_identify(src/roundtrip_test/roundtripPongCmsg) by extensions ['ignore', 'ignore_ament_install']
[2.850s] Level 1:colcon.colcon_core.package_identification:_identify(src/roundtrip_test/roundtripPongCmsg) by extension 'ignore'
[2.851s] Level 1:colcon.colcon_core.package_identification:_identify(src/roundtrip_test/roundtripPongCmsg) by extension 'ignore_ament_install'
[2.851s] Level 1:colcon.colcon_core.package_identification:_identify(src/roundtrip_test/roundtripPongCmsg) by extensions ['colcon_pkg']
[2.851s] Level 1:colcon.colcon_core.package_identification:_identify(src/roundtrip_test/roundtripPongCmsg) by extension 'colcon_pkg'
[2.852s] Level 1:colcon.colcon_core.package_identification:_identify(src/roundtrip_test/roundtripPongCmsg) by extensions ['colcon_meta']
[2.852s] Level 1:colcon.colcon_core.package_identification:_identify(src/roundtrip_test/roundtripPongCmsg) by extension 'colcon_meta'
[2.852s] Level 1:colcon.colcon_core.package_identification:_identify(src/roundtrip_test/roundtripPongCmsg) by extensions ['ros']
[2.852s] Level 1:colcon.colcon_core.package_identification:_identify(src/roundtrip_test/roundtripPongCmsg) by extension 'ros'
[2.859s] DEBUG:colcon.colcon_core.package_identification:Package 'src/roundtrip_test/roundtripPongCmsg' with type 'ros.ament_cmake' and name 'roundtrip_pong_cmsg'
[2.859s] Level 1:colcon.colcon_core.package_discovery:discover_packages(recursive) using defaults
[2.860s] Level 1:colcon.colcon_core.package_discovery:discover_packages(ignore) discover
[2.860s] Level 1:colcon.colcon_core.package_discovery:discover_packages(ignore) using defaults
[2.860s] Level 1:colcon.colcon_core.package_discovery:discover_packages(path) discover
[2.860s] Level 1:colcon.colcon_core.package_discovery:discover_packages(path) using defaults
[3.034s] INFO:colcon.colcon_core.package_selection:Skipping not selected package 'roundtrip_ping_cmsg' in 'src/roundtrip_test/roundtripPingCmsg'
[3.035s] INFO:colcon.colcon_core.package_selection:Skipping not selected package 'roundtrip_pong_cmsg' in 'src/roundtrip_test/roundtripPongCmsg'
[3.039s] Level 1:colcon.colcon_core.package_discovery:discover_packages(prefix_path) check parameters
[3.039s] Level 1:colcon.colcon_core.package_discovery:discover_packages(prefix_path) discover
[3.063s] DEBUG:colcon.colcon_installed_package_information.package_discovery:Found 271 installed packages in /opt/ros/humble
[3.077s] Level 1:colcon.colcon_core.package_discovery:discover_packages(prefix_path) using defaults
[3.526s] Level 5:colcon.colcon_core.verb:set package 'roundtrip_msg' build argument 'cmake_args' from command line to 'None'
[3.527s] Level 5:colcon.colcon_core.verb:set package 'roundtrip_msg' build argument 'cmake_target' from command line to 'None'
[3.527s] Level 5:colcon.colcon_core.verb:set package 'roundtrip_msg' build argument 'cmake_target_skip_unavailable' from command line to 'False'
[3.527s] Level 5:colcon.colcon_core.verb:set package 'roundtrip_msg' build argument 'cmake_clean_cache' from command line to 'False'
[3.528s] Level 5:colcon.colcon_core.verb:set package 'roundtrip_msg' build argument 'cmake_clean_first' from command line to 'False'
[3.528s] Level 5:colcon.colcon_core.verb:set package 'roundtrip_msg' build argument 'cmake_force_configure' from command line to 'False'
[3.528s] Level 5:colcon.colcon_core.verb:set package 'roundtrip_msg' build argument 'ament_cmake_args' from command line to 'None'
[3.528s] Level 5:colcon.colcon_core.verb:set package 'roundtrip_msg' build argument 'catkin_cmake_args' from command line to 'None'
[3.528s] Level 5:colcon.colcon_core.verb:set package 'roundtrip_msg' build argument 'catkin_skip_building_tests' from command line to 'False'
[3.529s] DEBUG:colcon.colcon_core.verb:Building package 'roundtrip_msg' with the following arguments: {'ament_cmake_args': None, 'build_base': '/home/bluebox/repos/ros2_roundtrip_ws/build/roundtrip_msg', 'catkin_cmake_args': None, 'catkin_skip_building_tests': False, 'cmake_args': None, 'cmake_clean_cache': False, 'cmake_clean_first': False, 'cmake_force_configure': False, 'cmake_target': None, 'cmake_target_skip_unavailable': False, 'install_base': '/home/bluebox/repos/ros2_roundtrip_ws/install/roundtrip_msg', 'merge_install': False, 'path': '/home/bluebox/repos/ros2_roundtrip_ws/roundtrip_msg', 'symlink_install': False, 'test_result_base': None}
[3.530s] INFO:colcon.colcon_core.executor:Executing jobs using 'parallel' executor
[3.536s] DEBUG:colcon.colcon_parallel_executor.executor.parallel:run_until_complete
[3.537s] INFO:colcon.colcon_ros.task.ament_cmake.build:Building ROS package in '/home/bluebox/repos/ros2_roundtrip_ws/roundtrip_msg' with build type 'ament_cmake'
[3.538s] INFO:colcon.colcon_cmake.task.cmake.build:Building CMake package in '/home/bluebox/repos/ros2_roundtrip_ws/roundtrip_msg'
[3.561s] INFO:colcon.colcon_core.plugin_system:Skipping extension 'colcon_core.shell.bat': Not used on non-Windows systems
[3.562s] INFO:colcon.colcon_core.shell:Skip shell extension 'powershell' for command environment: Not usable outside of PowerShell
[3.563s] DEBUG:colcon.colcon_core.shell:Skip shell extension 'dsv' for command environment
[3.603s] DEBUG:colcon.colcon_core.event_handler.log_command:Invoking command in '/home/bluebox/repos/ros2_roundtrip_ws/build/roundtrip_msg': CMAKE_PREFIX_PATH=/opt/ros/humble /usr/bin/cmake /home/bluebox/repos/ros2_roundtrip_ws/roundtrip_msg -DCMAKE_INSTALL_PREFIX=/home/bluebox/repos/ros2_roundtrip_ws/install/roundtrip_msg
[3.773s] DEBUG:colcon.colcon_core.event_handler.log_command:Invoked command in '/home/bluebox/repos/ros2_roundtrip_ws/build/roundtrip_msg' returned '1': CMAKE_PREFIX_PATH=/opt/ros/humble /usr/bin/cmake /home/bluebox/repos/ros2_roundtrip_ws/roundtrip_msg -DCMAKE_INSTALL_PREFIX=/home/bluebox/repos/ros2_roundtrip_ws/install/roundtrip_msg
[3.842s] Level 1:colcon.colcon_core.environment:create_environment_scripts_only(roundtrip_msg)
[3.877s] Level 1:colcon.colcon_core.environment:checking '/home/bluebox/repos/ros2_roundtrip_ws/install/roundtrip_msg' for CMake module files
[3.881s] Level 1:colcon.colcon_core.environment:checking '/home/bluebox/repos/ros2_roundtrip_ws/install/roundtrip_msg' for CMake config files
[3.885s] Level 1:colcon.colcon_core.environment:checking '/home/bluebox/repos/ros2_roundtrip_ws/install/roundtrip_msg/bin'
[3.886s] Level 1:colcon.colcon_core.environment:checking '/home/bluebox/repos/ros2_roundtrip_ws/install/roundtrip_msg/lib/pkgconfig/roundtrip_msg.pc'
[3.888s] Level 1:colcon.colcon_core.environment:checking '/home/bluebox/repos/ros2_roundtrip_ws/install/roundtrip_msg/lib/python3.10/site-packages'
[3.890s] Level 1:colcon.colcon_core.environment:checking '/home/bluebox/repos/ros2_roundtrip_ws/install/roundtrip_msg/bin'
[3.893s] INFO:colcon.colcon_core.shell:Creating package script '/home/bluebox/repos/ros2_roundtrip_ws/install/roundtrip_msg/share/roundtrip_msg/package.ps1'
[3.901s] INFO:colcon.colcon_core.shell:Creating package descriptor '/home/bluebox/repos/ros2_roundtrip_ws/install/roundtrip_msg/share/roundtrip_msg/package.dsv'
[3.905s] INFO:colcon.colcon_core.shell:Creating package script '/home/bluebox/repos/ros2_roundtrip_ws/install/roundtrip_msg/share/roundtrip_msg/package.sh'
[3.912s] INFO:colcon.colcon_core.shell:Creating package script '/home/bluebox/repos/ros2_roundtrip_ws/install/roundtrip_msg/share/roundtrip_msg/package.bash'
[3.921s] INFO:colcon.colcon_core.shell:Creating package script '/home/bluebox/repos/ros2_roundtrip_ws/install/roundtrip_msg/share/roundtrip_msg/package.zsh'
[3.928s] Level 1:colcon.colcon_core.environment:create_file_with_runtime_dependencies(/home/bluebox/repos/ros2_roundtrip_ws/install/roundtrip_msg/share/colcon-core/packages/roundtrip_msg)
[3.941s] DEBUG:colcon.colcon_parallel_executor.executor.parallel:closing loop
[3.942s] DEBUG:colcon.colcon_parallel_executor.executor.parallel:loop closed
[3.942s] DEBUG:colcon.colcon_parallel_executor.executor.parallel:run_until_complete finished with '1'
[3.943s] DEBUG:colcon.colcon_core.event_reactor:joining thread
[3.990s] INFO:colcon.colcon_core.plugin_system:Skipping extension 'colcon_notification.desktop_notification.terminal_notifier': Not used on non-Darwin systems
[3.991s] INFO:colcon.colcon_core.plugin_system:Skipping extension 'colcon_notification.desktop_notification.win32': Not used on non-Windows systems
[3.991s] INFO:colcon.colcon_notification.desktop_notification:Sending desktop notification using 'notify2'
