[0.048s] Invoking command in '/home/bluebox/repos/ros2_roundtrip_ws/build/roundtrip_msg': CMAKE_PREFIX_PATH=/opt/ros/humble /usr/bin/cmake /home/bluebox/repos/ros2_roundtrip_ws/roundtrip_msg -DCMAKE_INSTALL_PREFIX=/home/bluebox/repos/ros2_roundtrip_ws/install/roundtrip_msg
[0.746s] -- The C compiler identification is GNU 11.4.0
[1.450s] -- The CXX compiler identification is GNU 11.4.0
[1.506s] -- Detecting C compiler ABI info
[1.965s] -- Detecting C compiler ABI info - done
[2.024s] -- Check for working C compiler: /usr/bin/cc - skipped
[2.026s] -- Detecting C compile features
[2.030s] -- Detecting C compile features - done
[2.052s] -- Detecting CXX compiler ABI info
[2.530s] -- Detecting CXX compiler ABI info - done
[2.591s] -- Check for working CXX compiler: /usr/bin/c++ - skipped
[2.592s] -- Detecting CXX compile features
[2.595s] -- Detecting CXX compile features - done
[2.614s] -- Found ament_cmake: 1.3.9 (/opt/ros/humble/share/ament_cmake/cmake)
[3.644s] -- Found Python3: /usr/bin/python3 (found version "3.10.12") found components: Interpreter 
[4.355s] -- Found rosidl_default_generators: 1.2.0 (/opt/ros/humble/share/rosidl_default_generators/cmake)
[4.380s] -- Using all available rosidl_typesupport_c: rosidl_typesupport_fastrtps_c;rosidl_typesupport_introspection_c
[4.427s] -- Found rosidl_adapter: 3.1.5 (/opt/ros/humble/share/rosidl_adapter/cmake)
[4.753s] -- Using all available rosidl_typesupport_cpp: rosidl_typesupport_fastrtps_cpp;rosidl_typesupport_introspection_cpp
[6.770s] -- Found ament_cmake_ros: 0.10.0 (/opt/ros/humble/share/ament_cmake_ros/cmake)
[8.179s] -- Using all available rosidl_typesupport_c: rosidl_typesupport_fastrtps_c;rosidl_typesupport_introspection_c
[9.777s] -- Using all available rosidl_typesupport_cpp: rosidl_typesupport_fastrtps_cpp;rosidl_typesupport_introspection_cpp
[9.958s] -- Found PythonInterp: /usr/bin/python3 (found suitable version "3.10.12", minimum required is "3.6") 
[9.969s] -- Found python_cmake_module: 0.10.0 (/opt/ros/humble/share/python_cmake_module/cmake)
[10.190s] -- Found PythonLibs: /usr/lib/aarch64-linux-gnu/libpython3.10.so (found suitable version "3.10.12", minimum required is "3.5") 
[10.193s] -- Using PYTHON_EXECUTABLE: /usr/bin/python3
[10.196s] -- Using PYTHON_INCLUDE_DIRS: /usr/include/python3.10
[10.198s] -- Using PYTHON_LIBRARIES: /usr/lib/aarch64-linux-gnu/libpython3.10.so
[10.374s] -- Found PythonExtra: .so  
[10.628s] -- Found ament_lint_auto: 0.12.11 (/opt/ros/humble/share/ament_lint_auto/cmake)
[10.762s] -- Added test 'lint_cmake' to check CMake code style
[10.771s] -- Added test 'xmllint' to check XML markup files
[10.794s] -- Configuring done
[10.959s] -- Generating done
[10.976s] -- Build files have been written to: /home/bluebox/repos/ros2_roundtrip_ws/build/roundtrip_msg
[11.024s] Invoked command in '/home/bluebox/repos/ros2_roundtrip_ws/build/roundtrip_msg' returned '0': CMAKE_PREFIX_PATH=/opt/ros/humble /usr/bin/cmake /home/bluebox/repos/ros2_roundtrip_ws/roundtrip_msg -DCMAKE_INSTALL_PREFIX=/home/bluebox/repos/ros2_roundtrip_ws/install/roundtrip_msg
[11.038s] Invoking command in '/home/bluebox/repos/ros2_roundtrip_ws/build/roundtrip_msg': CMAKE_PREFIX_PATH=/opt/ros/humble /usr/bin/cmake --build /home/bluebox/repos/ros2_roundtrip_ws/build/roundtrip_msg -- -j8 -l8
[11.252s] [  3%] [34m[1mGenerating C code for ROS interfaces[0m
[11.283s] [  6%] [34m[1mGenerating C++ code for ROS interfaces[0m
[11.499s] [  6%] Built target ament_cmake_python_copy_roundtrip_msg
[15.158s] running egg_info
[15.170s] creating roundtrip_msg.egg-info
[15.174s] writing roundtrip_msg.egg-info/PKG-INFO
[15.179s] writing dependency_links to roundtrip_msg.egg-info/dependency_links.txt
[15.181s] writing top-level names to roundtrip_msg.egg-info/top_level.txt
[15.182s] writing manifest file 'roundtrip_msg.egg-info/SOURCES.txt'
[15.226s] reading manifest file 'roundtrip_msg.egg-info/SOURCES.txt'
[15.236s] writing manifest file 'roundtrip_msg.egg-info/SOURCES.txt'
[15.652s] [  6%] Built target ament_cmake_python_build_roundtrip_msg_egg
[15.657s] [  9%] [32mBuilding C object CMakeFiles/roundtrip_msg__rosidl_generator_c.dir/rosidl_generator_c/roundtrip_msg/msg/detail/roundtrip__functions.c.o[0m
[15.852s] [  9%] Built target roundtrip_msg__cpp
[15.957s] [ 12%] [34m[1mGenerating C++ type support for eProsima Fast-RTPS[0m
[15.980s] [ 16%] [34m[1mGenerating C++ introspection for ROS interfaces[0m
[16.139s] [ 19%] [34m[1mGenerating C++ type support dispatch for ROS interfaces[0m
[16.756s] [ 22%] [32m[1mLinking C shared library libroundtrip_msg__rosidl_generator_c.so[0m
[17.410s] [ 22%] Built target roundtrip_msg__rosidl_generator_c
[17.594s] [ 25%] [34m[1mGenerating C introspection for ROS interfaces[0m
[17.599s] [ 29%] [34m[1mGenerating C type support for eProsima Fast-RTPS[0m
[17.623s] [ 32%] [34m[1mGenerating C type support dispatch for ROS interfaces[0m
[24.681s] [ 35%] [32mBuilding CXX object CMakeFiles/roundtrip_msg__rosidl_typesupport_cpp.dir/rosidl_typesupport_cpp/roundtrip_msg/msg/roundtrip__type_support.cpp.o[0m
[24.704s] [ 38%] [32mBuilding CXX object CMakeFiles/roundtrip_msg__rosidl_typesupport_fastrtps_cpp.dir/rosidl_typesupport_fastrtps_cpp/roundtrip_msg/msg/detail/dds_fastrtps/roundtrip__type_support.cpp.o[0m
[24.728s] [ 41%] [32mBuilding CXX object CMakeFiles/roundtrip_msg__rosidl_typesupport_introspection_cpp.dir/rosidl_typesupport_introspection_cpp/roundtrip_msg/msg/detail/roundtrip__type_support.cpp.o[0m
[26.434s] [ 45%] [32mBuilding CXX object CMakeFiles/roundtrip_msg__rosidl_typesupport_c.dir/rosidl_typesupport_c/roundtrip_msg/msg/roundtrip__type_support.cpp.o[0m
[26.807s] [ 48%] [32mBuilding CXX object CMakeFiles/roundtrip_msg__rosidl_typesupport_fastrtps_c.dir/rosidl_typesupport_fastrtps_c/roundtrip_msg/msg/detail/roundtrip__type_support_c.cpp.o[0m
[26.897s] [ 51%] [32mBuilding C object CMakeFiles/roundtrip_msg__rosidl_typesupport_introspection_c.dir/rosidl_typesupport_introspection_c/roundtrip_msg/msg/detail/roundtrip__type_support.c.o[0m
[27.036s] [ 54%] [32m[1mLinking CXX shared library libroundtrip_msg__rosidl_typesupport_c.so[0m
[27.629s] [ 58%] [32m[1mLinking C shared library libroundtrip_msg__rosidl_typesupport_introspection_c.so[0m
[27.971s] [ 58%] Built target roundtrip_msg__rosidl_typesupport_c
[28.209s] [ 58%] Built target roundtrip_msg__rosidl_typesupport_introspection_c
[30.993s] [ 61%] [32m[1mLinking CXX shared library libroundtrip_msg__rosidl_typesupport_cpp.so[0m
[31.593s] [ 61%] Built target roundtrip_msg__rosidl_typesupport_cpp
[33.560s] [ 64%] [32m[1mLinking CXX shared library libroundtrip_msg__rosidl_typesupport_introspection_cpp.so[0m
[33.620s] [ 67%] [32m[1mLinking CXX shared library libroundtrip_msg__rosidl_typesupport_fastrtps_c.so[0m
[33.646s] [ 70%] [32m[1mLinking CXX shared library libroundtrip_msg__rosidl_typesupport_fastrtps_cpp.so[0m
[33.952s] [ 70%] Built target roundtrip_msg__rosidl_typesupport_introspection_cpp
[34.400s] [ 70%] Built target roundtrip_msg__rosidl_typesupport_fastrtps_c
[34.480s] [ 70%] Built target roundtrip_msg__rosidl_typesupport_fastrtps_cpp
[34.573s] [ 70%] Built target roundtrip_msg
[34.675s] [ 74%] [34m[1mGenerating Python code for ROS interfaces[0m
[37.337s] [ 74%] Built target roundtrip_msg__py
[37.430s] [ 77%] [32mBuilding C object CMakeFiles/roundtrip_msg__rosidl_generator_py.dir/rosidl_generator_py/roundtrip_msg/msg/_roundtrip_s.c.o[0m
[38.282s] [ 80%] [32m[1mLinking C shared library rosidl_generator_py/roundtrip_msg/libroundtrip_msg__rosidl_generator_py.so[0m
[38.585s] [ 80%] Built target roundtrip_msg__rosidl_generator_py
[38.691s] [ 83%] [32mBuilding C object CMakeFiles/roundtrip_msg__rosidl_typesupport_fastrtps_c__pyext.dir/rosidl_generator_py/roundtrip_msg/_roundtrip_msg_s.ep.rosidl_typesupport_fastrtps_c.c.o[0m
[38.755s] [ 87%] [32mBuilding C object CMakeFiles/roundtrip_msg__rosidl_typesupport_introspection_c__pyext.dir/rosidl_generator_py/roundtrip_msg/_roundtrip_msg_s.ep.rosidl_typesupport_introspection_c.c.o[0m
[38.788s] [ 90%] [32mBuilding C object CMakeFiles/roundtrip_msg__rosidl_typesupport_c__pyext.dir/rosidl_generator_py/roundtrip_msg/_roundtrip_msg_s.ep.rosidl_typesupport_c.c.o[0m
[39.713s] [ 93%] [32m[1mLinking C shared library rosidl_generator_py/roundtrip_msg/roundtrip_msg_s__rosidl_typesupport_c.cpython-310-aarch64-linux-gnu.so[0m
[39.778s] [ 96%] [32m[1mLinking C shared library rosidl_generator_py/roundtrip_msg/roundtrip_msg_s__rosidl_typesupport_introspection_c.cpython-310-aarch64-linux-gnu.so[0m
[39.863s] [100%] [32m[1mLinking C shared library rosidl_generator_py/roundtrip_msg/roundtrip_msg_s__rosidl_typesupport_fastrtps_c.cpython-310-aarch64-linux-gnu.so[0m
[39.916s] [100%] Built target roundtrip_msg__rosidl_typesupport_c__pyext
[40.082s] [100%] Built target roundtrip_msg__rosidl_typesupport_introspection_c__pyext
[40.093s] [100%] Built target roundtrip_msg__rosidl_typesupport_fastrtps_c__pyext
[40.150s] Invoked command in '/home/bluebox/repos/ros2_roundtrip_ws/build/roundtrip_msg' returned '0': CMAKE_PREFIX_PATH=/opt/ros/humble /usr/bin/cmake --build /home/bluebox/repos/ros2_roundtrip_ws/build/roundtrip_msg -- -j8 -l8
[40.411s] Invoking command in '/home/bluebox/repos/ros2_roundtrip_ws/build/roundtrip_msg': CMAKE_PREFIX_PATH=/opt/ros/humble /usr/bin/cmake --install /home/bluebox/repos/ros2_roundtrip_ws/build/roundtrip_msg
[40.447s] -- Install configuration: ""
[40.449s] -- Installing: /home/bluebox/repos/ros2_roundtrip_ws/install/roundtrip_msg/share/ament_index/resource_index/rosidl_interfaces/roundtrip_msg
[40.450s] -- Installing: /home/bluebox/repos/ros2_roundtrip_ws/install/roundtrip_msg/include/roundtrip_msg/roundtrip_msg
[40.451s] -- Installing: /home/bluebox/repos/ros2_roundtrip_ws/install/roundtrip_msg/include/roundtrip_msg/roundtrip_msg/msg
[40.451s] -- Installing: /home/bluebox/repos/ros2_roundtrip_ws/install/roundtrip_msg/include/roundtrip_msg/roundtrip_msg/msg/roundtrip.h
[40.452s] -- Installing: /home/bluebox/repos/ros2_roundtrip_ws/install/roundtrip_msg/include/roundtrip_msg/roundtrip_msg/msg/rosidl_generator_c__visibility_control.h
[40.453s] -- Installing: /home/bluebox/repos/ros2_roundtrip_ws/install/roundtrip_msg/include/roundtrip_msg/roundtrip_msg/msg/detail
[40.454s] -- Installing: /home/bluebox/repos/ros2_roundtrip_ws/install/roundtrip_msg/include/roundtrip_msg/roundtrip_msg/msg/detail/roundtrip__functions.h
[40.455s] -- Installing: /home/bluebox/repos/ros2_roundtrip_ws/install/roundtrip_msg/include/roundtrip_msg/roundtrip_msg/msg/detail/roundtrip__struct.h
[40.455s] -- Installing: /home/bluebox/repos/ros2_roundtrip_ws/install/roundtrip_msg/include/roundtrip_msg/roundtrip_msg/msg/detail/roundtrip__functions.c
[40.456s] -- Installing: /home/bluebox/repos/ros2_roundtrip_ws/install/roundtrip_msg/include/roundtrip_msg/roundtrip_msg/msg/detail/roundtrip__type_support.h
[40.457s] -- Installing: /home/bluebox/repos/ros2_roundtrip_ws/install/roundtrip_msg/share/roundtrip_msg/environment/library_path.sh
[40.458s] -- Installing: /home/bluebox/repos/ros2_roundtrip_ws/install/roundtrip_msg/share/roundtrip_msg/environment/library_path.dsv
[40.458s] -- Installing: /home/bluebox/repos/ros2_roundtrip_ws/install/roundtrip_msg/lib/libroundtrip_msg__rosidl_generator_c.so
[40.459s] -- Set runtime path of "/home/bluebox/repos/ros2_roundtrip_ws/install/roundtrip_msg/lib/libroundtrip_msg__rosidl_generator_c.so" to ""
[40.460s] -- Up-to-date: /home/bluebox/repos/ros2_roundtrip_ws/install/roundtrip_msg/include/roundtrip_msg/roundtrip_msg
[40.461s] -- Up-to-date: /home/bluebox/repos/ros2_roundtrip_ws/install/roundtrip_msg/include/roundtrip_msg/roundtrip_msg/msg
[40.461s] -- Installing: /home/bluebox/repos/ros2_roundtrip_ws/install/roundtrip_msg/include/roundtrip_msg/roundtrip_msg/msg/rosidl_typesupport_fastrtps_c__visibility_control.h
[40.462s] -- Up-to-date: /home/bluebox/repos/ros2_roundtrip_ws/install/roundtrip_msg/include/roundtrip_msg/roundtrip_msg/msg/detail
[40.463s] -- Installing: /home/bluebox/repos/ros2_roundtrip_ws/install/roundtrip_msg/include/roundtrip_msg/roundtrip_msg/msg/detail/roundtrip__rosidl_typesupport_fastrtps_c.h
[40.464s] -- Installing: /home/bluebox/repos/ros2_roundtrip_ws/install/roundtrip_msg/lib/libroundtrip_msg__rosidl_typesupport_fastrtps_c.so
[40.464s] -- Set runtime path of "/home/bluebox/repos/ros2_roundtrip_ws/install/roundtrip_msg/lib/libroundtrip_msg__rosidl_typesupport_fastrtps_c.so" to ""
[40.465s] -- Up-to-date: /home/bluebox/repos/ros2_roundtrip_ws/install/roundtrip_msg/include/roundtrip_msg/roundtrip_msg
[40.466s] -- Up-to-date: /home/bluebox/repos/ros2_roundtrip_ws/install/roundtrip_msg/include/roundtrip_msg/roundtrip_msg/msg
[40.466s] -- Up-to-date: /home/bluebox/repos/ros2_roundtrip_ws/install/roundtrip_msg/include/roundtrip_msg/roundtrip_msg/msg/detail
[40.467s] -- Installing: /home/bluebox/repos/ros2_roundtrip_ws/install/roundtrip_msg/include/roundtrip_msg/roundtrip_msg/msg/detail/roundtrip__type_support.c
[40.468s] -- Installing: /home/bluebox/repos/ros2_roundtrip_ws/install/roundtrip_msg/include/roundtrip_msg/roundtrip_msg/msg/detail/roundtrip__rosidl_typesupport_introspection_c.h
[40.469s] -- Installing: /home/bluebox/repos/ros2_roundtrip_ws/install/roundtrip_msg/include/roundtrip_msg/roundtrip_msg/msg/rosidl_typesupport_introspection_c__visibility_control.h
[40.469s] -- Installing: /home/bluebox/repos/ros2_roundtrip_ws/install/roundtrip_msg/lib/libroundtrip_msg__rosidl_typesupport_introspection_c.so
[40.470s] -- Set runtime path of "/home/bluebox/repos/ros2_roundtrip_ws/install/roundtrip_msg/lib/libroundtrip_msg__rosidl_typesupport_introspection_c.so" to ""
[40.471s] -- Installing: /home/bluebox/repos/ros2_roundtrip_ws/install/roundtrip_msg/lib/libroundtrip_msg__rosidl_typesupport_c.so
[40.472s] -- Set runtime path of "/home/bluebox/repos/ros2_roundtrip_ws/install/roundtrip_msg/lib/libroundtrip_msg__rosidl_typesupport_c.so" to ""
[40.472s] -- Up-to-date: /home/bluebox/repos/ros2_roundtrip_ws/install/roundtrip_msg/include/roundtrip_msg/roundtrip_msg
[40.473s] -- Up-to-date: /home/bluebox/repos/ros2_roundtrip_ws/install/roundtrip_msg/include/roundtrip_msg/roundtrip_msg/msg
[40.474s] -- Installing: /home/bluebox/repos/ros2_roundtrip_ws/install/roundtrip_msg/include/roundtrip_msg/roundtrip_msg/msg/roundtrip.hpp
[40.474s] -- Up-to-date: /home/bluebox/repos/ros2_roundtrip_ws/install/roundtrip_msg/include/roundtrip_msg/roundtrip_msg/msg/detail
[40.475s] -- Installing: /home/bluebox/repos/ros2_roundtrip_ws/install/roundtrip_msg/include/roundtrip_msg/roundtrip_msg/msg/detail/roundtrip__traits.hpp
[40.476s] -- Installing: /home/bluebox/repos/ros2_roundtrip_ws/install/roundtrip_msg/include/roundtrip_msg/roundtrip_msg/msg/detail/roundtrip__builder.hpp
[40.477s] -- Installing: /home/bluebox/repos/ros2_roundtrip_ws/install/roundtrip_msg/include/roundtrip_msg/roundtrip_msg/msg/detail/roundtrip__struct.hpp
[40.477s] -- Up-to-date: /home/bluebox/repos/ros2_roundtrip_ws/install/roundtrip_msg/include/roundtrip_msg/roundtrip_msg
[40.478s] -- Up-to-date: /home/bluebox/repos/ros2_roundtrip_ws/install/roundtrip_msg/include/roundtrip_msg/roundtrip_msg/msg
[40.479s] -- Up-to-date: /home/bluebox/repos/ros2_roundtrip_ws/install/roundtrip_msg/include/roundtrip_msg/roundtrip_msg/msg/detail
[40.479s] -- Installing: /home/bluebox/repos/ros2_roundtrip_ws/install/roundtrip_msg/include/roundtrip_msg/roundtrip_msg/msg/detail/roundtrip__rosidl_typesupport_fastrtps_cpp.hpp
[40.480s] -- Installing: /home/bluebox/repos/ros2_roundtrip_ws/install/roundtrip_msg/include/roundtrip_msg/roundtrip_msg/msg/detail/dds_fastrtps
[40.481s] -- Installing: /home/bluebox/repos/ros2_roundtrip_ws/install/roundtrip_msg/include/roundtrip_msg/roundtrip_msg/msg/rosidl_typesupport_fastrtps_cpp__visibility_control.h
[40.482s] -- Installing: /home/bluebox/repos/ros2_roundtrip_ws/install/roundtrip_msg/lib/libroundtrip_msg__rosidl_typesupport_fastrtps_cpp.so
[40.482s] -- Set runtime path of "/home/bluebox/repos/ros2_roundtrip_ws/install/roundtrip_msg/lib/libroundtrip_msg__rosidl_typesupport_fastrtps_cpp.so" to ""
[40.483s] -- Up-to-date: /home/bluebox/repos/ros2_roundtrip_ws/install/roundtrip_msg/include/roundtrip_msg/roundtrip_msg
[40.484s] -- Up-to-date: /home/bluebox/repos/ros2_roundtrip_ws/install/roundtrip_msg/include/roundtrip_msg/roundtrip_msg/msg
[40.484s] -- Up-to-date: /home/bluebox/repos/ros2_roundtrip_ws/install/roundtrip_msg/include/roundtrip_msg/roundtrip_msg/msg/detail
[40.485s] -- Installing: /home/bluebox/repos/ros2_roundtrip_ws/install/roundtrip_msg/include/roundtrip_msg/roundtrip_msg/msg/detail/roundtrip__type_support.cpp
[40.485s] -- Installing: /home/bluebox/repos/ros2_roundtrip_ws/install/roundtrip_msg/include/roundtrip_msg/roundtrip_msg/msg/detail/roundtrip__rosidl_typesupport_introspection_cpp.hpp
[40.487s] -- Installing: /home/bluebox/repos/ros2_roundtrip_ws/install/roundtrip_msg/lib/libroundtrip_msg__rosidl_typesupport_introspection_cpp.so
[40.487s] -- Set runtime path of "/home/bluebox/repos/ros2_roundtrip_ws/install/roundtrip_msg/lib/libroundtrip_msg__rosidl_typesupport_introspection_cpp.so" to ""
[40.488s] -- Installing: /home/bluebox/repos/ros2_roundtrip_ws/install/roundtrip_msg/lib/libroundtrip_msg__rosidl_typesupport_cpp.so
[40.489s] -- Set runtime path of "/home/bluebox/repos/ros2_roundtrip_ws/install/roundtrip_msg/lib/libroundtrip_msg__rosidl_typesupport_cpp.so" to ""
[40.489s] -- Installing: /home/bluebox/repos/ros2_roundtrip_ws/install/roundtrip_msg/share/roundtrip_msg/environment/pythonpath.sh
[40.490s] -- Installing: /home/bluebox/repos/ros2_roundtrip_ws/install/roundtrip_msg/share/roundtrip_msg/environment/pythonpath.dsv
[40.491s] -- Installing: /home/bluebox/repos/ros2_roundtrip_ws/install/roundtrip_msg/local/lib/python3.10/dist-packages/roundtrip_msg-0.0.0-py3.10.egg-info
[40.492s] -- Installing: /home/bluebox/repos/ros2_roundtrip_ws/install/roundtrip_msg/local/lib/python3.10/dist-packages/roundtrip_msg-0.0.0-py3.10.egg-info/top_level.txt
[40.492s] -- Installing: /home/bluebox/repos/ros2_roundtrip_ws/install/roundtrip_msg/local/lib/python3.10/dist-packages/roundtrip_msg-0.0.0-py3.10.egg-info/dependency_links.txt
[40.493s] -- Installing: /home/bluebox/repos/ros2_roundtrip_ws/install/roundtrip_msg/local/lib/python3.10/dist-packages/roundtrip_msg-0.0.0-py3.10.egg-info/SOURCES.txt
[40.494s] -- Installing: /home/bluebox/repos/ros2_roundtrip_ws/install/roundtrip_msg/local/lib/python3.10/dist-packages/roundtrip_msg-0.0.0-py3.10.egg-info/PKG-INFO
[40.495s] -- Installing: /home/bluebox/repos/ros2_roundtrip_ws/install/roundtrip_msg/local/lib/python3.10/dist-packages/roundtrip_msg
[40.495s] -- Installing: /home/bluebox/repos/ros2_roundtrip_ws/install/roundtrip_msg/local/lib/python3.10/dist-packages/roundtrip_msg/roundtrip_msg_s__rosidl_typesupport_fastrtps_c.cpython-310-aarch64-linux-gnu.so
[40.496s] -- Installing: /home/bluebox/repos/ros2_roundtrip_ws/install/roundtrip_msg/local/lib/python3.10/dist-packages/roundtrip_msg/roundtrip_msg_s__rosidl_typesupport_c.cpython-310-aarch64-linux-gnu.so
[40.497s] -- Installing: /home/bluebox/repos/ros2_roundtrip_ws/install/roundtrip_msg/local/lib/python3.10/dist-packages/roundtrip_msg/libroundtrip_msg__rosidl_generator_py.so
[40.497s] -- Installing: /home/bluebox/repos/ros2_roundtrip_ws/install/roundtrip_msg/local/lib/python3.10/dist-packages/roundtrip_msg/_roundtrip_msg_s.ep.rosidl_typesupport_introspection_c.c
[40.498s] -- Installing: /home/bluebox/repos/ros2_roundtrip_ws/install/roundtrip_msg/local/lib/python3.10/dist-packages/roundtrip_msg/msg
[40.499s] -- Installing: /home/bluebox/repos/ros2_roundtrip_ws/install/roundtrip_msg/local/lib/python3.10/dist-packages/roundtrip_msg/msg/_roundtrip.py
[40.500s] -- Installing: /home/bluebox/repos/ros2_roundtrip_ws/install/roundtrip_msg/local/lib/python3.10/dist-packages/roundtrip_msg/msg/_roundtrip_s.c
[40.500s] -- Installing: /home/bluebox/repos/ros2_roundtrip_ws/install/roundtrip_msg/local/lib/python3.10/dist-packages/roundtrip_msg/msg/__init__.py
[40.501s] -- Installing: /home/bluebox/repos/ros2_roundtrip_ws/install/roundtrip_msg/local/lib/python3.10/dist-packages/roundtrip_msg/__init__.py
[40.502s] -- Installing: /home/bluebox/repos/ros2_roundtrip_ws/install/roundtrip_msg/local/lib/python3.10/dist-packages/roundtrip_msg/roundtrip_msg_s__rosidl_typesupport_introspection_c.cpython-310-aarch64-linux-gnu.so
[40.502s] -- Installing: /home/bluebox/repos/ros2_roundtrip_ws/install/roundtrip_msg/local/lib/python3.10/dist-packages/roundtrip_msg/_roundtrip_msg_s.ep.rosidl_typesupport_fastrtps_c.c
[40.503s] -- Installing: /home/bluebox/repos/ros2_roundtrip_ws/install/roundtrip_msg/local/lib/python3.10/dist-packages/roundtrip_msg/_roundtrip_msg_s.ep.rosidl_typesupport_c.c
[40.738s] Listing '/home/bluebox/repos/ros2_roundtrip_ws/install/roundtrip_msg/local/lib/python3.10/dist-packages/roundtrip_msg'...
[40.739s] Compiling '/home/bluebox/repos/ros2_roundtrip_ws/install/roundtrip_msg/local/lib/python3.10/dist-packages/roundtrip_msg/__init__.py'...
[40.740s] Listing '/home/bluebox/repos/ros2_roundtrip_ws/install/roundtrip_msg/local/lib/python3.10/dist-packages/roundtrip_msg/msg'...
[40.741s] Compiling '/home/bluebox/repos/ros2_roundtrip_ws/install/roundtrip_msg/local/lib/python3.10/dist-packages/roundtrip_msg/msg/__init__.py'...
[40.741s] Compiling '/home/bluebox/repos/ros2_roundtrip_ws/install/roundtrip_msg/local/lib/python3.10/dist-packages/roundtrip_msg/msg/_roundtrip.py'...
[40.806s] -- Installing: /home/bluebox/repos/ros2_roundtrip_ws/install/roundtrip_msg/local/lib/python3.10/dist-packages/roundtrip_msg/roundtrip_msg_s__rosidl_typesupport_fastrtps_c.cpython-310-aarch64-linux-gnu.so
[40.808s] -- Set runtime path of "/home/bluebox/repos/ros2_roundtrip_ws/install/roundtrip_msg/local/lib/python3.10/dist-packages/roundtrip_msg/roundtrip_msg_s__rosidl_typesupport_fastrtps_c.cpython-310-aarch64-linux-gnu.so" to ""
[40.809s] -- Installing: /home/bluebox/repos/ros2_roundtrip_ws/install/roundtrip_msg/local/lib/python3.10/dist-packages/roundtrip_msg/roundtrip_msg_s__rosidl_typesupport_introspection_c.cpython-310-aarch64-linux-gnu.so
[40.812s] -- Set runtime path of "/home/bluebox/repos/ros2_roundtrip_ws/install/roundtrip_msg/local/lib/python3.10/dist-packages/roundtrip_msg/roundtrip_msg_s__rosidl_typesupport_introspection_c.cpython-310-aarch64-linux-gnu.so" to ""
[40.813s] -- Installing: /home/bluebox/repos/ros2_roundtrip_ws/install/roundtrip_msg/local/lib/python3.10/dist-packages/roundtrip_msg/roundtrip_msg_s__rosidl_typesupport_c.cpython-310-aarch64-linux-gnu.so
[40.815s] -- Set runtime path of "/home/bluebox/repos/ros2_roundtrip_ws/install/roundtrip_msg/local/lib/python3.10/dist-packages/roundtrip_msg/roundtrip_msg_s__rosidl_typesupport_c.cpython-310-aarch64-linux-gnu.so" to ""
[40.816s] -- Installing: /home/bluebox/repos/ros2_roundtrip_ws/install/roundtrip_msg/lib/libroundtrip_msg__rosidl_generator_py.so
[40.818s] -- Set runtime path of "/home/bluebox/repos/ros2_roundtrip_ws/install/roundtrip_msg/lib/libroundtrip_msg__rosidl_generator_py.so" to ""
[40.819s] -- Installing: /home/bluebox/repos/ros2_roundtrip_ws/install/roundtrip_msg/share/roundtrip_msg/msg/Roundtrip.idl
[40.821s] -- Installing: /home/bluebox/repos/ros2_roundtrip_ws/install/roundtrip_msg/share/roundtrip_msg/msg/Roundtrip.msg
[40.822s] -- Installing: /home/bluebox/repos/ros2_roundtrip_ws/install/roundtrip_msg/share/ament_index/resource_index/package_run_dependencies/roundtrip_msg
[40.826s] -- Installing: /home/bluebox/repos/ros2_roundtrip_ws/install/roundtrip_msg/share/ament_index/resource_index/parent_prefix_path/roundtrip_msg
[40.830s] -- Installing: /home/bluebox/repos/ros2_roundtrip_ws/install/roundtrip_msg/share/roundtrip_msg/environment/ament_prefix_path.sh
[40.831s] -- Installing: /home/bluebox/repos/ros2_roundtrip_ws/install/roundtrip_msg/share/roundtrip_msg/environment/ament_prefix_path.dsv
[40.832s] -- Installing: /home/bluebox/repos/ros2_roundtrip_ws/install/roundtrip_msg/share/roundtrip_msg/environment/path.sh
[40.833s] -- Installing: /home/bluebox/repos/ros2_roundtrip_ws/install/roundtrip_msg/share/roundtrip_msg/environment/path.dsv
[40.835s] -- Installing: /home/bluebox/repos/ros2_roundtrip_ws/install/roundtrip_msg/share/roundtrip_msg/local_setup.bash
[40.835s] -- Installing: /home/bluebox/repos/ros2_roundtrip_ws/install/roundtrip_msg/share/roundtrip_msg/local_setup.sh
[40.836s] -- Installing: /home/bluebox/repos/ros2_roundtrip_ws/install/roundtrip_msg/share/roundtrip_msg/local_setup.zsh
[40.839s] -- Installing: /home/bluebox/repos/ros2_roundtrip_ws/install/roundtrip_msg/share/roundtrip_msg/local_setup.dsv
[40.840s] -- Installing: /home/bluebox/repos/ros2_roundtrip_ws/install/roundtrip_msg/share/roundtrip_msg/package.dsv
[40.845s] -- Installing: /home/bluebox/repos/ros2_roundtrip_ws/install/roundtrip_msg/share/ament_index/resource_index/packages/roundtrip_msg
[40.849s] -- Installing: /home/bluebox/repos/ros2_roundtrip_ws/install/roundtrip_msg/share/roundtrip_msg/cmake/export_roundtrip_msg__rosidl_generator_cExport.cmake
[40.850s] -- Installing: /home/bluebox/repos/ros2_roundtrip_ws/install/roundtrip_msg/share/roundtrip_msg/cmake/export_roundtrip_msg__rosidl_generator_cExport-noconfig.cmake
[40.855s] -- Installing: /home/bluebox/repos/ros2_roundtrip_ws/install/roundtrip_msg/share/roundtrip_msg/cmake/export_roundtrip_msg__rosidl_typesupport_fastrtps_cExport.cmake
[40.856s] -- Installing: /home/bluebox/repos/ros2_roundtrip_ws/install/roundtrip_msg/share/roundtrip_msg/cmake/export_roundtrip_msg__rosidl_typesupport_fastrtps_cExport-noconfig.cmake
[40.857s] -- Installing: /home/bluebox/repos/ros2_roundtrip_ws/install/roundtrip_msg/share/roundtrip_msg/cmake/roundtrip_msg__rosidl_typesupport_introspection_cExport.cmake
[40.865s] -- Installing: /home/bluebox/repos/ros2_roundtrip_ws/install/roundtrip_msg/share/roundtrip_msg/cmake/roundtrip_msg__rosidl_typesupport_introspection_cExport-noconfig.cmake
[40.867s] -- Installing: /home/bluebox/repos/ros2_roundtrip_ws/install/roundtrip_msg/share/roundtrip_msg/cmake/roundtrip_msg__rosidl_typesupport_cExport.cmake
[40.868s] -- Installing: /home/bluebox/repos/ros2_roundtrip_ws/install/roundtrip_msg/share/roundtrip_msg/cmake/roundtrip_msg__rosidl_typesupport_cExport-noconfig.cmake
[40.873s] -- Installing: /home/bluebox/repos/ros2_roundtrip_ws/install/roundtrip_msg/share/roundtrip_msg/cmake/export_roundtrip_msg__rosidl_generator_cppExport.cmake
[40.874s] -- Installing: /home/bluebox/repos/ros2_roundtrip_ws/install/roundtrip_msg/share/roundtrip_msg/cmake/export_roundtrip_msg__rosidl_typesupport_fastrtps_cppExport.cmake
[40.875s] -- Installing: /home/bluebox/repos/ros2_roundtrip_ws/install/roundtrip_msg/share/roundtrip_msg/cmake/export_roundtrip_msg__rosidl_typesupport_fastrtps_cppExport-noconfig.cmake
[40.876s] -- Installing: /home/bluebox/repos/ros2_roundtrip_ws/install/roundtrip_msg/share/roundtrip_msg/cmake/roundtrip_msg__rosidl_typesupport_introspection_cppExport.cmake
[40.876s] -- Installing: /home/bluebox/repos/ros2_roundtrip_ws/install/roundtrip_msg/share/roundtrip_msg/cmake/roundtrip_msg__rosidl_typesupport_introspection_cppExport-noconfig.cmake
[40.877s] -- Installing: /home/bluebox/repos/ros2_roundtrip_ws/install/roundtrip_msg/share/roundtrip_msg/cmake/roundtrip_msg__rosidl_typesupport_cppExport.cmake
[40.878s] -- Installing: /home/bluebox/repos/ros2_roundtrip_ws/install/roundtrip_msg/share/roundtrip_msg/cmake/roundtrip_msg__rosidl_typesupport_cppExport-noconfig.cmake
[40.878s] -- Installing: /home/bluebox/repos/ros2_roundtrip_ws/install/roundtrip_msg/share/roundtrip_msg/cmake/export_roundtrip_msg__rosidl_generator_pyExport.cmake
[40.886s] -- Installing: /home/bluebox/repos/ros2_roundtrip_ws/install/roundtrip_msg/share/roundtrip_msg/cmake/export_roundtrip_msg__rosidl_generator_pyExport-noconfig.cmake
[40.887s] -- Installing: /home/bluebox/repos/ros2_roundtrip_ws/install/roundtrip_msg/share/roundtrip_msg/cmake/rosidl_cmake-extras.cmake
[40.888s] -- Installing: /home/bluebox/repos/ros2_roundtrip_ws/install/roundtrip_msg/share/roundtrip_msg/cmake/ament_cmake_export_include_directories-extras.cmake
[40.888s] -- Installing: /home/bluebox/repos/ros2_roundtrip_ws/install/roundtrip_msg/share/roundtrip_msg/cmake/ament_cmake_export_libraries-extras.cmake
[40.889s] -- Installing: /home/bluebox/repos/ros2_roundtrip_ws/install/roundtrip_msg/share/roundtrip_msg/cmake/ament_cmake_export_targets-extras.cmake
[40.890s] -- Installing: /home/bluebox/repos/ros2_roundtrip_ws/install/roundtrip_msg/share/roundtrip_msg/cmake/rosidl_cmake_export_typesupport_targets-extras.cmake
[40.890s] -- Installing: /home/bluebox/repos/ros2_roundtrip_ws/install/roundtrip_msg/share/roundtrip_msg/cmake/ament_cmake_export_dependencies-extras.cmake
[40.893s] -- Installing: /home/bluebox/repos/ros2_roundtrip_ws/install/roundtrip_msg/share/roundtrip_msg/cmake/rosidl_cmake_export_typesupport_libraries-extras.cmake
[40.894s] -- Installing: /home/bluebox/repos/ros2_roundtrip_ws/install/roundtrip_msg/share/roundtrip_msg/cmake/roundtrip_msgConfig.cmake
[40.895s] -- Installing: /home/bluebox/repos/ros2_roundtrip_ws/install/roundtrip_msg/share/roundtrip_msg/cmake/roundtrip_msgConfig-version.cmake
[40.896s] -- Installing: /home/bluebox/repos/ros2_roundtrip_ws/install/roundtrip_msg/share/roundtrip_msg/package.xml
[40.897s] Invoked command in '/home/bluebox/repos/ros2_roundtrip_ws/build/roundtrip_msg' returned '0': CMAKE_PREFIX_PATH=/opt/ros/humble /usr/bin/cmake --install /home/bluebox/repos/ros2_roundtrip_ws/build/roundtrip_msg
