[0.016s] Invoking command in '/home/tfa2si/repos/ros2_roundtrip_ws/build/roundtrip_multi_inst_launch': BB_ENV_PASSTHROUGH_ADDITIONS=ALL_PROXY BBPATH_EXTRA BB_LOGCONFIG BB_NO_NETWORK BB_NUMBER_THREADS BB_SETSCENE_ENFORCE BB_SRCREV_POLICY DISTRO FTPS_PROXY FTP_PROXY GIT_PROXY_COMMAND HTTPS_PROXY HTTP_PROXY MACHINE NO_PROXY PARALLEL_MAKE SCREENDIR SDKMACHINE SOCKS5_PASSWD SOCKS5_USER SSH_AGENT_PID SSH_AUTH_SOCK STAMPS_DIR TCLIBC TCMODE all_proxy ftp_proxy ftps_proxy http_proxy https_proxy no_proxy CMAKE_PREFIX_PATH=/opt/ros/galactic /usr/bin/cmake /home/tfa2si/repos/ros2_roundtrip_ws/src/roundtrip_test/roundtrip_multi_inst_launch -DCMAKE_INSTALL_PREFIX=/home/tfa2si/repos/ros2_roundtrip_ws/install/roundtrip_multi_inst_launch
[0.111s] -- The C compiler identification is GNU 9.4.0
[0.211s] -- The CXX compiler identification is GNU 9.4.0
[0.223s] -- Detecting C compiler ABI info
[0.281s] -- Detecting C compiler ABI info - done
[0.299s] -- Check for working C compiler: /usr/bin/cc - skipped
[0.300s] -- Detecting C compile features
[0.300s] -- Detecting C compile features - done
[0.304s] -- Detecting CXX compiler ABI info
[0.368s] -- Detecting CXX compiler ABI info - done
[0.385s] -- Check for working CXX compiler: /usr/bin/c++ - skipped
[0.385s] -- Detecting CXX compile features
[0.386s] -- Detecting CXX compile features - done
[0.391s] -- Found ament_cmake: 1.1.6 (/opt/ros/galactic/share/ament_cmake/cmake)
[0.397s] [33mCMake Warning (dev) at /opt/ros/galactic/share/ament_cmake_core/cmake/core/python.cmake:22 (find_package):
[0.397s]   Policy CMP0148 is not set: The FindPythonInterp and FindPythonLibs modules
[0.397s]   are removed.  Run "cmake --help-policy CMP0148" for policy details.  Use
[0.397s]   the cmake_policy command to set the policy and suppress this warning.
[0.398s] 
[0.398s] Call Stack (most recent call first):
[0.398s]   /opt/ros/galactic/share/ament_cmake_core/cmake/core/all.cmake:53 (include)
[0.398s]   /opt/ros/galactic/share/ament_cmake_core/cmake/ament_cmake_core-extras.cmake:17 (include)
[0.398s]   /opt/ros/galactic/share/ament_cmake_core/cmake/ament_cmake_coreConfig.cmake:41 (include)
[0.398s]   /opt/ros/galactic/share/ament_cmake/cmake/ament_cmake_export_dependencies-extras.cmake:15 (find_package)
[0.398s]   /opt/ros/galactic/share/ament_cmake/cmake/ament_cmakeConfig.cmake:41 (include)
[0.398s]   CMakeLists.txt:9 (find_package)
[0.398s] This warning is for project developers.  Use -Wno-dev to suppress it.
[0.398s] [0m
[0.409s] -- Found PythonInterp: /usr/local/bin/python3 (found suitable version "3.12.4", minimum required is "3")
[0.409s] -- Using PYTHON_EXECUTABLE: /usr/local/bin/python3
[0.531s] -- Found ament_lint_auto: 0.10.7 (/opt/ros/galactic/share/ament_lint_auto/cmake)
[0.549s] Traceback (most recent call last):
[0.549s]   File "/opt/ros/galactic/share/ament_cmake_core/cmake/core/package_xml_2_cmake.py", line 22, in <module>
[0.549s]     from catkin_pkg.package import evaluate_condition
[0.549s] ModuleNotFoundError: No module named 'catkin_pkg'
[0.552s] [31mCMake Error at /opt/ros/galactic/share/ament_cmake_core/cmake/core/ament_package_xml.cmake:94 (message):
[0.552s]   execute_process(/usr/local/bin/python3
[0.552s]   /opt/ros/galactic/share/ament_cmake_core/cmake/core/package_xml_2_cmake.py
[0.552s]   /home/tfa2si/repos/ros2_roundtrip_ws/src/roundtrip_test/roundtrip_multi_inst_launch/package.xml
[0.552s]   /home/tfa2si/repos/ros2_roundtrip_ws/build/roundtrip_multi_inst_launch/ament_cmake_core/package.cmake)
[0.552s]   returned error code 1
[0.552s] Call Stack (most recent call first):
[0.553s]   /opt/ros/galactic/share/ament_cmake_core/cmake/core/ament_package_xml.cmake:49 (_ament_package_xml)
[0.553s]   /opt/ros/galactic/share/ament_lint_auto/cmake/ament_lint_auto_find_test_dependencies.cmake:31 (ament_package_xml)
[0.553s]   CMakeLists.txt:25 (ament_lint_auto_find_test_dependencies)
[0.553s] 
[0.553s] [0m
[0.553s] -- Configuring incomplete, errors occurred!
[0.556s] Invoked command in '/home/tfa2si/repos/ros2_roundtrip_ws/build/roundtrip_multi_inst_launch' returned '1': BB_ENV_PASSTHROUGH_ADDITIONS=ALL_PROXY BBPATH_EXTRA BB_LOGCONFIG BB_NO_NETWORK BB_NUMBER_THREADS BB_SETSCENE_ENFORCE BB_SRCREV_POLICY DISTRO FTPS_PROXY FTP_PROXY GIT_PROXY_COMMAND HTTPS_PROXY HTTP_PROXY MACHINE NO_PROXY PARALLEL_MAKE SCREENDIR SDKMACHINE SOCKS5_PASSWD SOCKS5_USER SSH_AGENT_PID SSH_AUTH_SOCK STAMPS_DIR TCLIBC TCMODE all_proxy ftp_proxy ftps_proxy http_proxy https_proxy no_proxy CMAKE_PREFIX_PATH=/opt/ros/galactic /usr/bin/cmake /home/tfa2si/repos/ros2_roundtrip_ws/src/roundtrip_test/roundtrip_multi_inst_launch -DCMAKE_INSTALL_PREFIX=/home/tfa2si/repos/ros2_roundtrip_ws/install/roundtrip_multi_inst_launch
